SF:algorithms/__init__.py
end_of_record
SF:algorithms/arrays/__init__.py
DA:1,1
DA:2,1
DA:3,1
DA:4,1
DA:5,1
DA:6,1
DA:7,1
DA:8,1
DA:9,1
DA:10,1
DA:11,1
DA:12,1
DA:13,1
DA:14,1
DA:15,1
DA:16,1
DA:17,1
DA:18,1
DA:19,1
LF:19
LH:19
end_of_record
SF:algorithms/arrays/delete_nth.py
DA:9,1
DA:13,1
DA:14,1
DA:15,1
DA:16,1
DA:17,1
DA:18,1
DA:22,1
DA:23,1
DA:24,1
DA:26,1
DA:28,1
DA:29,1
DA:30,1
DA:32,1
LF:15
LH:15
FN:13,18,delete_nth_naive
FNDA:1,delete_nth_naive
FN:22,32,delete_nth
FNDA:1,delete_nth
FNF:2
FNH:2
BRDA:15,0,jump to line 16,1
BRDA:15,0,jump to line 18,1
BRDA:16,0,jump to line 15,1
BRDA:16,0,jump to line 17,1
BRDA:26,0,jump to line 28,1
BRDA:26,0,jump to line 32,1
BRDA:28,0,jump to line 26,1
BRDA:28,0,jump to line 29,1
BRF:8
BRH:8
end_of_record
SF:algorithms/arrays/flatten.py
DA:6,1
DA:10,1
DA:11,1
DA:12,1
DA:13,1
DA:14,1
DA:15,1
DA:17,1
DA:18,1
DA:22,1
DA:27,1
DA:28,1
DA:29,1
DA:31,1
LF:14
LH:14
FN:10,18,flatten
FNDA:1,flatten
FN:22,31,flatten_iter
FNDA:1,flatten_iter
FNF:2
FNH:2
BRDA:11,0,jump to line 12,1
BRDA:11,0,jump to line 13,1
BRDA:13,0,jump to line 14,1
BRDA:13,0,jump to line 18,1
BRDA:14,0,jump to line 15,1
BRDA:14,0,jump to line 17,1
BRDA:27,0,jump to line 28,1
BRDA:27,0,return from function 'flatten_iter',1
BRDA:28,0,jump to line 29,1
BRDA:28,0,jump to line 31,1
BRF:10
BRH:10
end_of_record
SF:algorithms/arrays/garage.py
DA:35,1
DA:37,1
DA:38,1
DA:39,1
DA:40,1
DA:41,1
DA:42,1
DA:43,1
DA:44,1
DA:45,1
DA:47,1
DA:48,1
DA:49,1
DA:50,1
DA:51,1
DA:52,1
DA:54,1
DA:58,1
LF:18
LH:18
FN:35,54,garage
FNDA:1,garage
FNF:1
FNH:1
BRDA:40,0,jump to line 41,1
BRDA:40,0,jump to line 54,1
BRDA:42,0,jump to line 43,1
BRDA:42,0,jump to line 47,1
BRDA:47,0,jump to line 48,1
BRDA:47,0,jump to line 51,0
BRDA:48,0,jump to line 47,1
BRDA:48,0,jump to line 49,1
BRF:8
BRH:7
end_of_record
SF:algorithms/arrays/josephus.py
DA:12,1
DA:13,1
DA:14,1
DA:15,1
DA:16,1
DA:17,1
DA:18,1
DA:19,1
LF:8
LH:8
FN:12,19,josephus
FNDA:1,josephus
FNF:1
FNH:1
BRDA:16,0,jump to line 17,1
BRDA:16,0,return from function 'josephus',1
BRF:2
BRH:2
end_of_record
SF:algorithms/arrays/limit.py
DA:16,1
DA:17,1
DA:18,0
DA:20,1
DA:21,1
DA:22,1
DA:23,1
DA:25,1
LF:8
LH:7
FN:16,25,limit
FNDA:1,limit
FNF:1
FNH:1
BRDA:17,0,jump to line 18,0
BRDA:17,0,jump to line 20,1
BRDA:20,0,jump to line 21,1
BRDA:20,0,jump to line 22,1
BRDA:22,0,jump to line 23,1
BRDA:22,0,jump to line 25,1
BRF:6
BRH:5
end_of_record
SF:algorithms/arrays/longest_non_repeat.py
DA:14,1
DA:19,1
DA:20,0
DA:21,1
DA:22,1
DA:23,1
DA:24,1
DA:25,1
DA:26,1
DA:27,1
DA:28,1
DA:29,1
DA:31,1
DA:37,1
DA:38,0
DA:39,1
DA:40,1
DA:41,1
DA:42,1
DA:43,1
DA:45,1
DA:46,1
DA:47,1
DA:50,1
DA:56,1
DA:57,0
DA:58,1
DA:59,1
DA:60,1
DA:61,1
DA:62,1
DA:63,1
DA:64,1
DA:65,1
DA:66,1
DA:67,1
DA:68,1
DA:69,1
DA:71,1
DA:78,1
DA:79,0
DA:80,1
DA:81,1
DA:82,1
DA:83,1
DA:84,1
DA:85,1
DA:87,1
DA:88,1
DA:89,1
DA:90,1
DA:91,1
DA:93,1
DA:100,0
DA:101,0
DA:102,0
DA:103,0
DA:104,0
DA:105,0
DA:106,0
DA:107,0
DA:108,0
DA:109,0
LF:63
LH:49
FN:14,29,longest_non_repeat_v1
FNDA:1,longest_non_repeat_v1
FN:31,47,longest_non_repeat_v2
FNDA:1,longest_non_repeat_v2
FN:50,69,get_longest_non_repeat_v1
FNDA:1,get_longest_non_repeat_v1
FN:71,91,get_longest_non_repeat_v2
FNDA:1,get_longest_non_repeat_v2
FN:93,109,get_longest_non_repeat_v3
FNDA:0,get_longest_non_repeat_v3
FNF:5
FNH:4
BRDA:19,0,jump to line 20,0
BRDA:19,0,jump to line 21,1
BRDA:24,0,jump to line 25,1
BRDA:24,0,jump to line 29,1
BRDA:25,0,jump to line 26,1
BRDA:25,0,jump to line 27,1
BRDA:37,0,jump to line 38,0
BRDA:37,0,jump to line 39,1
BRDA:41,0,jump to line 42,1
BRDA:41,0,jump to line 47,1
BRDA:42,0,jump to line 43,1
BRDA:42,0,jump to line 45,1
BRDA:56,0,jump to line 57,0
BRDA:56,0,jump to line 58,1
BRDA:62,0,jump to line 63,1
BRDA:62,0,jump to line 69,1
BRDA:63,0,jump to line 64,1
BRDA:63,0,jump to line 65,1
BRDA:66,0,jump to line 62,1
BRDA:66,0,jump to line 67,1
BRDA:78,0,jump to line 79,0
BRDA:78,0,jump to line 80,1
BRDA:83,0,jump to line 84,1
BRDA:83,0,jump to line 91,1
BRDA:84,0,jump to line 85,1
BRDA:84,0,jump to line 87,1
BRDA:87,0,jump to line 88,1
BRDA:87,0,jump to line 90,1
BRDA:103,0,jump to line 104,-
BRDA:103,0,jump to line 109,-
BRDA:104,0,jump to line 105,-
BRDA:104,0,jump to line 107,-
BRF:32
BRH:24
end_of_record
SF:algorithms/arrays/max_ones_index.py
DA:19,1
DA:21,1
DA:22,1
DA:23,1
DA:24,1
DA:25,1
DA:27,1
DA:32,1
DA:33,1
DA:34,1
DA:35,1
DA:37,1
DA:38,1
DA:40,1
DA:41,1
DA:43,1
LF:16
LH:16
FN:19,43,max_ones_index
FNDA:1,max_ones_index
FNF:1
FNH:1
BRDA:27,0,jump to line 32,1
BRDA:27,0,jump to line 40,1
BRDA:32,0,jump to line 27,1
BRDA:32,0,jump to line 33,1
BRDA:33,0,jump to line 34,1
BRDA:33,0,jump to line 37,1
BRDA:40,0,jump to line 41,1
BRDA:40,0,jump to line 43,1
BRF:8
BRH:8
end_of_record
SF:algorithms/arrays/merge_intervals.py
DA:8,1
DA:14,1
DA:15,1
DA:16,1
DA:18,1
DA:19,0
DA:21,1
DA:22,0
DA:24,1
DA:25,0
DA:26,0
DA:27,0
DA:29,1
DA:30,0
DA:32,1
DA:33,0
DA:34,0
DA:35,0
DA:37,1
DA:38,1
DA:39,1
DA:40,0
DA:42,1
DA:44,0
DA:46,1
DA:47,1
DA:49,1
DA:50,1
DA:51,1
DA:52,1
DA:54,1
DA:55,1
DA:57,1
DA:58,1
DA:60,0
DA:61,0
DA:62,0
DA:63,0
DA:66,1
DA:68,1
DA:69,0
DA:70,1
DA:71,1
DA:72,1
DA:73,1
DA:74,1
DA:76,1
DA:77,1
LF:48
LH:32
FN:14,16,Interval.__init__
FNDA:1,Interval.__init__
FN:18,19,Interval.__repr__
FNDA:0,Interval.__repr__
FN:21,22,Interval.__iter__
FNDA:0,Interval.__iter__
FN:24,27,Interval.__getitem__
FNDA:0,Interval.__getitem__
FN:29,30,Interval.__len__
FNDA:0,Interval.__len__
FN:32,35,Interval.__contains__
FNDA:0,Interval.__contains__
FN:37,40,Interval.__eq__
FNDA:1,Interval.__eq__
FN:42,44,Interval.as_list
FNDA:0,Interval.as_list
FN:47,55,Interval.merge
FNDA:1,Interval.merge
FN:58,63,Interval.print_intervals
FNDA:0,Interval.print_intervals
FN:66,77,merge_intervals
FNDA:1,merge_intervals
FNF:11
FNH:4
BRDA:25,0,jump to line 26,-
BRDA:25,0,jump to line 27,-
BRDA:33,0,jump to line 34,-
BRDA:33,0,jump to line 35,-
BRDA:38,0,jump to line 39,1
BRDA:38,0,jump to line 40,0
BRDA:50,0,jump to line 51,1
BRDA:50,0,jump to line 55,1
BRDA:51,0,jump to line 52,1
BRDA:51,0,jump to line 54,1
BRDA:61,0,jump to line 62,-
BRDA:61,0,jump to line 63,-
BRDA:68,0,jump to line 69,0
BRDA:68,0,jump to line 70,1
BRDA:72,0,jump to line 73,1
BRDA:72,0,jump to line 77,1
BRDA:73,0,jump to line 74,1
BRDA:73,0,jump to line 76,1
BRF:18
BRH:10
end_of_record
SF:algorithms/arrays/missing_ranges.py
DA:6,1
DA:8,1
DA:9,1
DA:11,1
DA:13,1
DA:14,1
DA:15,1
DA:16,1
DA:17,1
DA:19,1
DA:20,1
DA:22,1
LF:12
LH:12
FN:6,22,missing_ranges
FNDA:1,missing_ranges
FNF:1
FNH:1
BRDA:11,0,jump to line 13,1
BRDA:11,0,jump to line 19,1
BRDA:13,0,jump to line 14,1
BRDA:13,0,jump to line 15,1
BRDA:15,0,jump to line 11,1
BRDA:15,0,jump to line 16,1
BRDA:19,0,jump to line 20,1
BRDA:19,0,jump to line 22,0
BRF:8
BRH:7
end_of_record
SF:algorithms/arrays/move_zeros.py
DA:12,1
DA:13,1
DA:14,1
DA:16,1
DA:17,1
DA:18,1
DA:20,1
DA:22,1
DA:23,1
DA:26,1
LF:10
LH:10
FN:12,23,move_zeros
FNDA:1,move_zeros
FNF:1
FNH:1
BRDA:16,0,jump to line 17,1
BRDA:16,0,jump to line 22,1
BRDA:17,0,jump to line 18,1
BRDA:17,0,jump to line 20,1
BRF:4
BRH:4
end_of_record
SF:algorithms/arrays/n_sum.py
DA:34,1
DA:52,1
DA:53,1
DA:55,1
DA:57,1
DA:58,1
DA:59,1
DA:60,1
DA:62,1
DA:64,1
DA:65,1
DA:67,1
DA:68,1
DA:69,1
DA:71,1
DA:72,1
DA:73,1
DA:74,1
DA:76,1
DA:78,1
DA:79,1
DA:87,1
DA:90,1
DA:91,1
DA:93,1
DA:94,1
DA:95,1
DA:96,1
DA:97,1
DA:98,1
DA:99,1
DA:100,1
DA:101,1
DA:102,1
DA:103,1
DA:104,1
DA:106,1
DA:107,1
DA:108,1
DA:109,1
DA:111,1
DA:112,1
DA:114,1
DA:115,1
DA:117,1
DA:118,1
DA:119,1
DA:120,1
DA:121,1
DA:122,1
DA:124,1
DA:125,1
DA:127,1
DA:128,1
DA:129,1
DA:130,1
DA:131,1
DA:132,1
DA:134,1
DA:136,1
DA:137,1
DA:138,1
DA:139,1
DA:140,1
LF:64
LH:64
FN:34,140,n_sum
FNDA:1,n_sum
FN:52,53,n_sum.sum_closure_default
FNDA:1,n_sum.sum_closure_default
FN:55,62,n_sum.compare_closure_default
FNDA:1,n_sum.compare_closure_default
FN:64,65,n_sum.same_closure_default
FNDA:1,n_sum.same_closure_default
FN:67,91,n_sum.n_sum
FNDA:1,n_sum.n_sum
FN:93,115,n_sum.two_sum
FNDA:1,n_sum.two_sum
FN:117,122,n_sum.append_elem_to_each_list
FNDA:1,n_sum.append_elem_to_each_list
FN:124,134,n_sum.union
FNDA:1,n_sum.union
FNF:8
FNH:8
BRDA:57,0,jump to line 58,1
BRDA:57,0,jump to line 59,1
BRDA:59,0,jump to line 60,1
BRDA:59,0,jump to line 62,1
BRDA:68,0,jump to line 69,1
BRDA:68,0,jump to line 71,1
BRDA:73,0,jump to line 74,1
BRDA:73,0,jump to line 91,1
BRDA:74,0,jump to line 76,1
BRDA:74,0,jump to line 78,1
BRDA:98,0,jump to line 99,1
BRDA:98,0,jump to line 115,1
BRDA:101,0,jump to line 102,1
BRDA:101,0,jump to line 103,1
BRDA:103,0,jump to line 104,1
BRDA:103,0,jump to line 106,1
BRDA:109,0,jump to line 111,1
BRDA:109,0,jump to line 112,1
BRDA:112,0,jump to line 98,1
BRDA:112,0,jump to line 114,1
BRDA:119,0,jump to line 120,1
BRDA:119,0,jump to line 122,1
BRDA:127,0,jump to line 128,1
BRDA:127,0,jump to line 134,1
BRDA:130,0,jump to line 131,1
BRDA:130,0,jump to line 134,1
BRDA:131,0,jump to line 130,0
BRDA:131,0,jump to line 132,1
BRF:28
BRH:27
end_of_record
SF:algorithms/arrays/plus_one.py
DA:10,1
DA:15,1
DA:16,1
DA:17,1
DA:18,1
DA:19,1
DA:20,1
DA:21,1
DA:22,1
DA:23,1
DA:24,1
DA:25,1
DA:26,1
DA:27,1
DA:28,1
DA:31,1
DA:32,1
DA:33,1
DA:34,1
DA:35,1
DA:36,1
DA:37,1
DA:38,1
DA:39,1
DA:42,1
DA:44,1
DA:45,1
DA:46,1
DA:47,1
DA:48,1
LF:30
LH:30
FN:10,28,plus_one_v1
FNDA:1,plus_one_v1
FN:31,39,plus_one_v2
FNDA:1,plus_one_v2
FN:42,48,plus_one_v3
FNDA:1,plus_one_v3
FNF:3
FNH:3
BRDA:19,0,jump to line 20,1
BRDA:19,0,jump to line 28,1
BRDA:21,0,jump to line 22,1
BRDA:21,0,jump to line 23,1
BRDA:23,0,jump to line 24,1
BRDA:23,0,jump to line 25,1
BRDA:33,0,jump to line 34,1
BRDA:33,0,jump to line 38,1
BRDA:34,0,jump to line 35,1
BRDA:34,0,jump to line 37,1
BRDA:44,0,jump to line 45,1
BRDA:44,0,jump to line 48,1
BRDA:46,0,jump to line 44,1
BRDA:46,0,jump to line 47,1
BRF:14
BRH:14
end_of_record
SF:algorithms/arrays/remove_duplicates.py
DA:11,1
DA:12,1
DA:14,1
DA:15,1
DA:16,1
DA:18,1
LF:6
LH:6
FN:11,18,remove_duplicates
FNDA:1,remove_duplicates
FNF:1
FNH:1
BRDA:14,0,jump to line 15,1
BRDA:14,0,jump to line 18,1
BRDA:15,0,jump to line 14,1
BRDA:15,0,jump to line 16,1
BRF:4
BRH:4
end_of_record
SF:algorithms/arrays/rotate.py
DA:13,1
DA:22,1
DA:23,1
DA:24,1
DA:25,1
DA:26,1
DA:27,1
DA:28,1
DA:29,1
DA:32,1
DA:40,1
DA:42,1
DA:43,1
DA:44,1
DA:45,1
DA:46,1
DA:48,1
DA:49,1
DA:50,1
DA:51,1
DA:52,1
DA:53,1
DA:56,1
DA:57,1
DA:58,0
DA:59,1
DA:60,1
DA:61,1
LF:28
LH:27
FN:13,29,rotate_v1
FNDA:1,rotate_v1
FN:32,53,rotate_v2
FNDA:1,rotate_v2
FN:42,46,rotate_v2.reverse
FNDA:1,rotate_v2.reverse
FN:56,61,rotate_v3
FNDA:1,rotate_v3
FNF:4
FNH:4
BRDA:24,0,jump to line 25,1
BRDA:24,0,jump to line 29,1
BRDA:26,0,jump to line 27,1
BRDA:26,0,jump to line 28,1
BRDA:43,0,jump to line 44,1
BRDA:43,0,return from function 'reverse',1
BRDA:57,0,jump to line 58,0
BRDA:57,0,jump to line 59,1
BRF:8
BRH:7
end_of_record
SF:algorithms/arrays/summarize_ranges.py
DA:9,1
DA:11,1
DA:12,1
DA:13,1
DA:14,0
DA:15,1
DA:16,1
DA:17,1
DA:18,1
DA:19,1
DA:21,1
DA:22,1
DA:23,1
DA:24,1
LF:14
LH:13
FN:11,24,summarize_ranges
FNDA:1,summarize_ranges
FNF:1
FNH:1
BRDA:13,0,jump to line 14,0
BRDA:13,0,jump to line 15,1
BRDA:17,0,jump to line 18,1
BRDA:17,0,jump to line 23,1
BRDA:18,0,jump to line 19,1
BRDA:18,0,jump to line 21,1
BRF:6
BRH:5
end_of_record
SF:algorithms/arrays/three_sum.py
DA:18,1
DA:23,1
DA:24,1
DA:25,1
DA:26,1
DA:27,1
DA:28,1
DA:29,1
DA:30,1
DA:31,1
DA:32,1
DA:33,1
DA:34,1
DA:37,1
DA:40,1
DA:41,1
DA:43,1
DA:44,0
DA:46,1
DA:47,1
DA:48,1
LF:21
LH:20
FN:18,48,three_sum
FNDA:1,three_sum
FNF:1
FNH:1
BRDA:25,0,jump to line 26,1
BRDA:25,0,jump to line 48,1
BRDA:26,0,jump to line 27,1
BRDA:26,0,jump to line 28,1
BRDA:29,0,jump to line 25,1
BRDA:29,0,jump to line 30,1
BRDA:31,0,jump to line 32,1
BRDA:31,0,jump to line 33,1
BRDA:33,0,jump to line 34,1
BRDA:33,0,jump to line 37,1
BRDA:40,0,jump to line 41,1
BRDA:40,0,jump to line 43,1
BRDA:43,0,jump to line 44,0
BRDA:43,0,jump to line 46,1
BRF:14
BRH:13
end_of_record
SF:algorithms/arrays/top_1.py
DA:15,1
DA:16,1
DA:19,1
DA:20,1
DA:22,1
DA:23,1
DA:24,1
DA:26,1
DA:28,1
DA:30,1
DA:31,1
DA:32,1
DA:34,1
DA:36,1
LF:14
LH:14
FN:15,36,top_1
FNDA:1,top_1
FNF:1
FNH:1
BRDA:22,0,jump to line 23,1
BRDA:22,0,jump to line 28,1
BRDA:23,0,jump to line 24,1
BRDA:23,0,jump to line 26,1
BRDA:30,0,jump to line 31,1
BRDA:30,0,jump to line 36,1
BRDA:31,0,jump to line 32,1
BRDA:31,0,jump to line 34,1
BRF:8
BRH:8
end_of_record
SF:algorithms/arrays/trimmean.py
DA:14,1
DA:15,1
DA:17,1
DA:19,1
DA:20,1
DA:21,1
DA:22,1
DA:23,1
DA:24,1
LF:9
LH:9
FN:14,24,trimmean
FNDA:1,trimmean
FNF:1
FNH:1
BRDA:22,0,jump to line 23,1
BRDA:22,0,jump to line 24,1
BRF:2
BRH:2
end_of_record
SF:algorithms/arrays/two_sum.py
DA:16,1
DA:17,1
DA:18,1
DA:19,1
DA:20,1
DA:22,1
DA:23,1
LF:7
LH:7
FN:16,23,two_sum
FNDA:1,two_sum
FNF:1
FNH:1
BRDA:18,0,jump to line 19,1
BRDA:18,0,jump to line 23,1
BRDA:19,0,jump to line 20,1
BRDA:19,0,jump to line 22,1
BRF:4
BRH:4
end_of_record
SF:algorithms/automata/__init__.py
DA:1,1
LF:1
LH:1
end_of_record
SF:algorithms/automata/dfa.py
DA:1,1
DA:3,1
DA:4,1
DA:5,1
DA:7,1
DA:9,1
DA:10,0
DA:12,1
DA:14,1
DA:15,1
DA:16,1
DA:17,1
LF:12
LH:11
FN:1,17,DFA
FNDA:1,DFA
FNF:1
FNH:1
BRDA:7,0,jump to line 9,1
BRDA:7,0,jump to line 14,1
BRDA:9,0,jump to line 10,0
BRDA:9,0,jump to line 12,1
BRDA:14,0,jump to line 15,1
BRDA:14,0,jump to line 17,1
BRDA:15,0,jump to line 14,1
BRDA:15,0,jump to line 16,1
BRF:8
BRH:7
end_of_record
SF:algorithms/backtrack/__init__.py
DA:1,1
DA:2,1
DA:3,1
DA:4,1
DA:5,1
DA:6,1
DA:7,1
DA:8,1
DA:9,1
DA:10,1
DA:11,1
DA:12,1
DA:13,1
DA:14,1
DA:15,1
LF:15
LH:15
end_of_record
SF:algorithms/backtrack/add_operators.py
DA:15,1
DA:22,1
DA:23,1
DA:24,1
DA:25,1
DA:26,1
DA:27,1
DA:28,1
DA:29,1
DA:30,1
DA:31,1
DA:32,1
DA:34,1
DA:36,1
DA:38,1
DA:41,1
DA:42,1
DA:43,0
DA:44,1
DA:45,1
LF:20
LH:19
FN:15,45,add_operators
FNDA:1,add_operators
FN:22,39,add_operators.dfs
FNDA:1,add_operators.dfs
FNF:2
FNH:2
BRDA:23,0,jump to line 24,1
BRDA:23,0,jump to line 27,1
BRDA:24,0,jump to line 25,1
BRDA:24,0,jump to line 26,1
BRDA:27,0,jump to line 28,1
BRDA:27,0,return from function 'dfs',1
BRDA:28,0,jump to line 29,1
BRDA:28,0,jump to line 30,1
BRDA:31,0,jump to line 32,1
BRDA:31,0,jump to line 34,1
BRDA:42,0,jump to line 43,0
BRDA:42,0,jump to line 44,1
BRF:12
BRH:11
end_of_record
SF:algorithms/backtrack/anagram.py
DA:10,1
DA:11,1
DA:12,1
DA:14,1
DA:15,1
DA:16,1
DA:18,1
DA:19,1
DA:20,1
DA:22,1
LF:10
LH:10
FN:10,22,anagram
FNDA:1,anagram
FNF:1
FNH:1
BRDA:14,0,jump to line 15,1
BRDA:14,0,jump to line 18,1
BRDA:18,0,jump to line 19,1
BRDA:18,0,jump to line 22,1
BRF:4
BRH:4
end_of_record
SF:algorithms/backtrack/array_sum_combinations.py
DA:16,1
DA:17,1
DA:20,1
DA:22,1
DA:23,1
DA:24,1
DA:25,1
DA:26,1
DA:27,1
DA:28,1
DA:29,1
DA:30,1
DA:31,1
DA:33,1
DA:34,1
DA:35,1
DA:36,1
DA:37,1
DA:38,1
DA:39,1
DA:41,1
DA:42,1
DA:43,1
DA:44,1
DA:45,1
DA:46,1
DA:47,1
DA:49,1
DA:50,1
DA:51,1
DA:52,1
DA:54,1
DA:55,1
DA:56,1
DA:59,1
DA:69,1
DA:70,1
DA:71,1
DA:73,1
DA:75,1
DA:76,1
DA:77,1
DA:79,1
DA:80,1
DA:81,1
DA:82,1
DA:84,1
LF:47
LH:47
FN:20,56,array_sum_combinations
FNDA:1,array_sum_combinations
FN:22,31,array_sum_combinations.over
FNDA:1,array_sum_combinations.over
FN:33,39,array_sum_combinations.construct_candidates
FNDA:1,array_sum_combinations.construct_candidates
FN:41,52,array_sum_combinations.backtrack
FNDA:1,array_sum_combinations.backtrack
FN:59,84,unique_array_sum_combinations
FNDA:1,unique_array_sum_combinations
FN:69,73,unique_array_sum_combinations.check_sum
FNDA:1,unique_array_sum_combinations.check_sum
FNF:6
FNH:6
BRDA:25,0,jump to line 26,1
BRDA:25,0,jump to line 27,1
BRDA:27,0,jump to line 28,1
BRDA:27,0,jump to line 31,1
BRDA:29,0,jump to line 30,1
BRDA:29,0,jump to line 31,1
BRDA:35,0,jump to line 36,1
BRDA:35,0,jump to line 37,1
BRDA:37,0,jump to line 38,1
BRDA:37,0,jump to line 39,1
BRDA:43,0,jump to line 44,1
BRDA:43,0,jump to line 47,1
BRDA:44,0,jump to line 45,1
BRDA:44,0,jump to line 46,1
BRDA:49,0,jump to line 50,1
BRDA:49,0,return from function 'backtrack',1
BRDA:70,0,jump to line 71,1
BRDA:70,0,jump to line 73,1
BRDA:80,0,jump to line 81,1
BRDA:80,0,jump to line 84,1
BRDA:81,0,jump to line 80,1
BRDA:81,0,jump to line 82,1
BRF:22
BRH:22
end_of_record
SF:algorithms/backtrack/combination_sum.py
DA:19,1
DA:21,1
DA:22,1
DA:23,1
DA:24,1
DA:25,1
DA:26,1
DA:27,1
DA:28,1
DA:30,1
DA:31,1
DA:32,1
DA:33,1
LF:13
LH:13
FN:19,33,combination_sum
FNDA:1,combination_sum
FN:21,28,combination_sum.dfs
FNDA:1,combination_sum.dfs
FNF:2
FNH:2
BRDA:22,0,jump to line 23,1
BRDA:22,0,jump to line 24,1
BRDA:24,0,jump to line 25,1
BRDA:24,0,jump to line 27,1
BRDA:27,0,jump to line 28,1
BRDA:27,0,return from function 'dfs',1
BRF:6
BRH:6
end_of_record
SF:algorithms/backtrack/factor_combinations.py
DA:40,1
DA:41,1
DA:42,1
DA:43,1
DA:44,1
DA:45,1
DA:46,1
DA:47,1
DA:48,1
DA:49,1
DA:53,1
DA:55,1
DA:56,1
DA:57,1
DA:58,1
DA:59,1
DA:60,1
DA:61,1
DA:63,1
LF:19
LH:19
FN:40,49,get_factors
FNDA:1,get_factors
FN:53,63,recursive_get_factors
FNDA:1,recursive_get_factors
FN:55,61,recursive_get_factors.factor
FNDA:1,recursive_get_factors.factor
FNF:3
FNH:3
BRDA:42,0,jump to line 43,1
BRDA:42,0,jump to line 49,1
BRDA:44,0,jump to line 42,1
BRDA:44,0,jump to line 45,1
BRDA:45,0,jump to line 46,1
BRDA:45,0,jump to line 48,1
BRDA:56,0,jump to line 57,1
BRDA:56,0,jump to line 61,1
BRDA:57,0,jump to line 58,1
BRDA:57,0,jump to line 60,1
BRF:10
BRH:10
end_of_record
SF:algorithms/backtrack/find_words.py
DA:17,1
DA:19,1
DA:37,1
DA:38,1
DA:40,1
DA:41,1
DA:43,1
DA:44,1
DA:45,1
DA:47,1
DA:49,1
DA:51,1
DA:53,1
DA:57,1
DA:58,1
DA:59,1
DA:60,1
DA:61,1
DA:62,1
DA:63,1
DA:64,1
DA:67,1
DA:68,1
DA:70,1
DA:71,1
DA:72,1
DA:73,1
LF:27
LH:27
FN:17,73,find_words
FNDA:1,find_words
FN:19,53,find_words.backtrack
FNDA:1,find_words.backtrack
FNF:2
FNH:2
BRDA:37,0,jump to line 38,1
BRDA:37,0,jump to line 40,1
BRDA:40,0,jump to line 41,1
BRDA:40,0,jump to line 43,1
BRDA:43,0,jump to line 44,1
BRDA:43,0,return from function 'backtrack',1
BRDA:58,0,jump to line 59,1
BRDA:58,0,jump to line 67,1
BRDA:60,0,jump to line 61,1
BRDA:60,0,jump to line 64,1
BRDA:61,0,jump to line 62,1
BRDA:61,0,jump to line 63,1
BRDA:70,0,jump to line 71,1
BRDA:70,0,jump to line 73,1
BRDA:71,0,jump to line 70,1
BRDA:71,0,jump to line 72,1
BRF:16
BRH:16
end_of_record
SF:algorithms/backtrack/generate_abbreviations.py
DA:8,1
DA:10,1
DA:11,1
DA:12,1
DA:13,1
DA:14,1
DA:15,1
DA:17,1
DA:18,1
DA:20,1
DA:22,1
DA:24,1
DA:25,1
DA:26,1
LF:14
LH:14
FN:8,26,generate_abbreviations
FNDA:1,generate_abbreviations
FN:10,22,generate_abbreviations.backtrack
FNDA:1,generate_abbreviations.backtrack
FNF:2
FNH:2
BRDA:11,0,jump to line 12,1
BRDA:11,0,jump to line 17,1
BRDA:12,0,jump to line 13,1
BRDA:12,0,jump to line 14,1
BRDA:17,0,jump to line 18,1
BRDA:17,0,jump to line 20,1
BRF:6
BRH:6
end_of_record
SF:algorithms/backtrack/generate_parenthesis.py
DA:17,1
DA:18,1
DA:19,1
DA:20,1
DA:21,1
DA:22,1
DA:23,1
DA:24,1
DA:25,1
DA:27,1
DA:28,1
DA:29,1
DA:32,1
DA:33,1
DA:34,1
DA:35,1
DA:36,1
DA:37,1
DA:38,1
DA:39,1
DA:41,1
DA:42,1
DA:43,1
LF:23
LH:23
FN:17,29,generate_parenthesis_v1
FNDA:1,generate_parenthesis_v1
FN:18,25,generate_parenthesis_v1.add_pair
FNDA:1,generate_parenthesis_v1.add_pair
FN:32,43,generate_parenthesis_v2
FNDA:1,generate_parenthesis_v2
FN:33,39,generate_parenthesis_v2.add_pair
FNDA:1,generate_parenthesis_v2.add_pair
FNF:4
FNH:4
BRDA:19,0,jump to line 20,1
BRDA:19,0,jump to line 22,1
BRDA:22,0,jump to line 23,1
BRDA:22,0,jump to line 24,1
BRDA:24,0,jump to line 25,1
BRDA:24,0,return from function 'add_pair',1
BRDA:34,0,jump to line 35,1
BRDA:34,0,jump to line 36,1
BRDA:36,0,jump to line 37,1
BRDA:36,0,jump to line 38,1
BRDA:38,0,jump to line 39,1
BRDA:38,0,return from function 'add_pair',1
BRF:12
BRH:12
end_of_record
SF:algorithms/backtrack/letter_combination.py
DA:20,1
DA:21,1
DA:22,0
DA:23,1
DA:33,1
DA:34,1
DA:35,1
DA:36,1
DA:37,1
DA:38,1
DA:39,1
DA:40,1
LF:12
LH:11
FN:20,40,letter_combinations
FNDA:1,letter_combinations
FNF:1
FNH:1
BRDA:21,0,jump to line 22,0
BRDA:21,0,jump to line 23,1
BRDA:34,0,jump to line 35,1
BRDA:34,0,jump to line 40,1
BRDA:36,0,jump to line 37,1
BRDA:36,0,jump to line 39,1
BRDA:37,0,jump to line 36,1
BRDA:37,0,jump to line 38,1
BRF:8
BRH:7
end_of_record
SF:algorithms/backtrack/palindrome_partitioning.py
DA:12,1
DA:13,1
DA:14,1
DA:15,1
DA:16,1
DA:17,1
DA:18,1
DA:19,1
DA:20,1
DA:21,1
DA:24,1
DA:34,1
DA:38,0
DA:39,0
DA:40,0
DA:41,0
DA:42,0
DA:43,0
DA:44,0
DA:45,0
LF:20
LH:12
FN:12,21,palindromic_substrings
FNDA:1,palindromic_substrings
FN:34,45,palindromic_substrings_iter
FNDA:0,palindromic_substrings_iter
FNF:2
FNH:1
BRDA:13,0,jump to line 14,1
BRDA:13,0,jump to line 15,1
BRDA:16,0,jump to line 17,1
BRDA:16,0,jump to line 21,1
BRDA:18,0,jump to line 16,1
BRDA:18,0,jump to line 19,1
BRDA:19,0,jump to line 16,1
BRDA:19,0,jump to line 20,1
BRDA:38,0,jump to line 39,-
BRDA:38,0,jump to line 41,-
BRDA:41,0,jump to line 42,-
BRDA:41,0,return from function 'palindromic_substrings_iter',-
BRDA:43,0,jump to line 41,-
BRDA:43,0,jump to line 44,-
BRDA:44,0,jump to line 41,-
BRDA:44,0,jump to line 45,-
BRF:16
BRH:8
end_of_record
SF:algorithms/backtrack/pattern_match.py
DA:17,1
DA:23,1
DA:25,1
DA:26,0
DA:28,1
DA:29,1
DA:31,1
DA:32,1
DA:33,1
DA:34,1
DA:35,1
DA:36,1
DA:37,1
DA:38,1
DA:39,1
DA:40,1
DA:42,1
LF:17
LH:16
FN:17,42,pattern_match
FNDA:1,pattern_match
FN:23,40,pattern_match.backtrack
FNDA:1,pattern_match.backtrack
FNF:2
FNH:2
BRDA:25,0,jump to line 26,0
BRDA:25,0,jump to line 28,1
BRDA:28,0,jump to line 29,1
BRDA:28,0,jump to line 31,1
BRDA:31,0,jump to line 32,1
BRDA:31,0,jump to line 40,1
BRDA:32,0,jump to line 33,1
BRDA:32,0,jump to line 37,1
BRDA:34,0,jump to line 35,1
BRDA:34,0,jump to line 36,1
BRDA:37,0,jump to line 31,1
BRDA:37,0,jump to line 38,1
BRDA:38,0,jump to line 31,0
BRDA:38,0,jump to line 39,1
BRF:14
BRH:12
end_of_record
SF:algorithms/backtrack/permute.py
DA:17,1
DA:21,1
DA:22,1
DA:24,1
DA:25,1
DA:26,1
DA:27,1
DA:28,1
DA:31,1
DA:35,1
DA:36,1
DA:38,1
DA:39,1
DA:40,1
DA:44,1
DA:45,1
DA:46,1
DA:47,1
DA:48,1
DA:49,1
DA:50,1
DA:52,1
DA:53,1
DA:54,1
LF:24
LH:24
FN:17,28,permute
FNDA:1,permute
FN:31,40,permute_iter
FNDA:1,permute_iter
FN:44,54,permute_recursive
FNDA:1,permute_recursive
FN:45,50,permute_recursive.dfs
FNDA:1,permute_recursive.dfs
FNF:4
FNH:4
BRDA:21,0,jump to line 22,1
BRDA:21,0,jump to line 24,1
BRDA:25,0,jump to line 26,1
BRDA:25,0,jump to line 28,1
BRDA:26,0,jump to line 25,1
BRDA:26,0,jump to line 27,1
BRDA:35,0,jump to line 36,1
BRDA:35,0,jump to line 38,1
BRDA:38,0,jump to line 39,1
BRDA:38,0,return from function 'permute_iter',0
BRDA:39,0,jump to line 38,1
BRDA:39,0,jump to line 40,1
BRDA:46,0,jump to line 47,1
BRDA:46,0,jump to line 48,1
BRDA:48,0,jump to line 49,1
BRDA:48,0,return from function 'dfs',1
BRF:16
BRH:15
end_of_record
SF:algorithms/backtrack/permute_unique.py
DA:15,1
DA:16,1
DA:17,1
DA:18,1
DA:19,1
DA:20,1
DA:21,1
DA:22,1
DA:23,1
DA:24,1
DA:25,1
LF:11
LH:11
FN:15,25,permute_unique
FNDA:1,permute_unique
FNF:1
FNH:1
BRDA:17,0,jump to line 18,1
BRDA:17,0,jump to line 25,1
BRDA:19,0,jump to line 20,1
BRDA:19,0,jump to line 24,1
BRDA:20,0,jump to line 19,1
BRDA:20,0,jump to line 21,1
BRDA:22,0,jump to line 20,1
BRDA:22,0,jump to line 23,1
BRF:8
BRH:8
end_of_record
SF:algorithms/backtrack/subsets.py
DA:22,1
DA:26,1
DA:27,1
DA:28,1
DA:31,1
DA:32,1
DA:33,1
DA:35,1
DA:37,1
DA:38,1
DA:39,1
DA:42,1
DA:55,1
DA:56,1
DA:57,1
DA:58,1
DA:59,1
LF:17
LH:17
FN:22,39,subsets
FNDA:1,subsets
FN:26,35,subsets.backtrack
FNDA:1,subsets.backtrack
FN:55,59,subsets_v2
FNDA:1,subsets_v2
FNF:3
FNH:3
BRDA:27,0,jump to line 28,1
BRDA:27,0,jump to line 31,1
BRDA:57,0,jump to line 58,1
BRDA:57,0,jump to line 59,1
BRF:4
BRH:4
end_of_record
SF:algorithms/backtrack/subsets_unique.py
DA:21,1
DA:23,1
DA:24,1
DA:25,1
DA:28,1
DA:29,1
DA:30,1
DA:33,1
DA:35,1
DA:36,1
DA:37,1
LF:11
LH:11
FN:21,37,subsets_unique
FNDA:1,subsets_unique
FN:23,33,subsets_unique.backtrack
FNDA:1,subsets_unique.backtrack
FNF:2
FNH:2
BRDA:24,0,jump to line 25,1
BRDA:24,0,jump to line 28,1
BRF:2
BRH:2
end_of_record
SF:algorithms/bfs/__init__.py
DA:1,1
DA:2,1
DA:3,1
DA:4,1
LF:4
LH:4
end_of_record
SF:algorithms/bfs/count_islands.py
DA:40,1
DA:41,1
DA:42,1
DA:44,1
DA:45,1
DA:46,1
DA:47,1
DA:49,1
DA:50,1
DA:51,1
DA:52,1
DA:53,1
DA:54,1
DA:55,1
DA:56,1
DA:57,1
DA:58,1
DA:59,1
DA:60,1
DA:61,1
DA:62,1
DA:63,1
DA:65,1
LF:23
LH:23
FN:40,65,count_islands
FNDA:1,count_islands
FNF:1
FNH:1
BRDA:49,0,jump to line 50,1
BRDA:49,0,jump to line 65,1
BRDA:50,0,jump to line 49,1
BRDA:50,0,jump to line 51,1
BRDA:51,0,jump to line 50,1
BRDA:51,0,jump to line 52,1
BRDA:54,0,jump to line 55,1
BRDA:54,0,jump to line 63,1
BRDA:56,0,jump to line 54,1
BRDA:56,0,jump to line 57,1
BRDA:59,0,jump to line 56,1
BRDA:59,0,jump to line 60,1
BRDA:60,0,jump to line 56,1
BRDA:60,0,jump to line 61,1
BRF:14
BRH:14
end_of_record
SF:algorithms/bfs/maze_search.py
DA:1,1
DA:3,1
DA:29,1
DA:30,1
DA:31,1
DA:33,1
DA:35,1
DA:36,0
DA:38,1
DA:40,1
DA:42,1
DA:44,1
DA:46,1
DA:47,1
DA:49,1
DA:50,1
DA:52,1
DA:53,1
DA:55,1
DA:56,1
DA:57,1
DA:59,1
DA:60,1
DA:62,1
DA:63,1
DA:64,1
DA:66,1
LF:27
LH:26
FN:29,66,maze_search
FNDA:1,maze_search
FNF:1
FNH:1
BRDA:35,0,jump to line 36,0
BRDA:35,0,jump to line 38,1
BRDA:49,0,jump to line 50,1
BRDA:49,0,jump to line 66,1
BRDA:52,0,jump to line 53,1
BRDA:52,0,jump to line 55,1
BRDA:55,0,jump to line 49,1
BRDA:55,0,jump to line 56,1
BRDA:59,0,jump to line 60,1
BRDA:59,0,jump to line 62,1
BRDA:62,0,jump to line 55,1
BRDA:62,0,jump to line 63,1
BRF:12
BRH:11
end_of_record
SF:algorithms/bfs/shortest_distance_from_all_buildings.py
DA:1,1
DA:3,1
DA:9,1
DA:10,0
DA:11,0
DA:13,0
DA:15,0
DA:16,0
DA:17,0
DA:18,0
DA:19,0
DA:20,0
DA:22,0
DA:23,0
DA:24,0
DA:25,0
DA:26,0
DA:28,0
DA:30,1
DA:31,0
DA:32,0
DA:33,0
DA:34,0
DA:36,0
DA:38,0
DA:39,0
DA:40,0
LF:27
LH:4
FN:9,28,shortest_distance
FNDA:0,shortest_distance
FN:30,40,bfs
FNDA:0,bfs
FNF:2
FNH:0
BRDA:10,0,jump to line 11,-
BRDA:10,0,jump to line 13,-
BRDA:16,0,jump to line 17,-
BRDA:16,0,jump to line 22,-
BRDA:17,0,jump to line 16,-
BRDA:17,0,jump to line 18,-
BRDA:18,0,jump to line 17,-
BRDA:18,0,jump to line 19,-
BRDA:23,0,jump to line 24,-
BRDA:23,0,jump to line 28,-
BRDA:24,0,jump to line 23,-
BRDA:24,0,jump to line 25,-
BRDA:25,0,jump to line 24,-
BRDA:25,0,jump to line 26,-
BRDA:32,0,jump to line 33,-
BRDA:32,0,return from function 'bfs',-
BRDA:34,0,jump to line 32,-
BRDA:34,0,jump to line 36,-
BRDA:36,0,jump to line 34,-
BRDA:36,0,jump to line 38,-
BRF:20
BRH:0
end_of_record
SF:algorithms/bfs/word_ladder.py
DA:24,1
DA:32,1
DA:33,0
DA:35,1
DA:36,1
DA:39,1
DA:40,1
DA:42,1
DA:43,1
DA:44,1
DA:45,1
DA:46,1
DA:47,1
DA:49,1
DA:50,1
DA:52,1
DA:53,1
DA:54,1
DA:55,1
DA:56,1
DA:57,1
DA:58,1
DA:59,1
DA:60,1
DA:61,1
DA:64,1
DA:67,1
DA:68,1
DA:69,1
DA:70,1
DA:71,1
DA:72,1
LF:32
LH:31
FN:24,64,ladder_length
FNDA:1,ladder_length
FN:67,72,word_range
FNDA:1,word_range
FNF:2
FNH:2
BRDA:32,0,jump to line 33,0
BRDA:32,0,jump to line 35,1
BRDA:35,0,jump to line 36,1
BRDA:35,0,jump to line 39,1
BRDA:39,0,jump to line 40,1
BRDA:39,0,jump to line 42,1
BRDA:47,0,jump to line 49,1
BRDA:47,0,jump to line 64,1
BRDA:49,0,jump to line 50,1
BRDA:49,0,jump to line 52,1
BRDA:53,0,jump to line 54,1
BRDA:53,0,jump to line 60,1
BRDA:54,0,jump to line 53,1
BRDA:54,0,jump to line 55,1
BRDA:55,0,jump to line 56,1
BRDA:55,0,jump to line 57,1
BRDA:57,0,jump to line 54,1
BRDA:57,0,jump to line 58,1
BRDA:68,0,jump to line 69,1
BRDA:68,0,return from function 'word_range',1
BRDA:70,0,jump to line 68,1
BRDA:70,0,jump to line 71,1
BRDA:71,0,jump to line 70,1
BRDA:71,0,jump to line 72,1
BRF:24
BRH:23
end_of_record
SF:algorithms/bit/__init__.py
DA:1,1
DA:2,1
DA:3,1
DA:4,1
DA:5,1
DA:6,1
DA:7,1
DA:8,1
DA:9,1
DA:10,1
DA:11,1
DA:12,1
DA:13,1
DA:14,1
DA:15,1
DA:16,1
DA:17,1
DA:18,1
DA:19,1
LF:19
LH:19
end_of_record
SF:algorithms/bit/add_bitwise_operator.py
DA:8,1
DA:10,1
DA:11,1
DA:12,1
DA:13,1
DA:14,1
LF:6
LH:6
FN:8,14,add_bitwise_operator
FNDA:1,add_bitwise_operator
FNF:1
FNH:1
BRDA:10,0,jump to line 11,1
BRDA:10,0,jump to line 14,1
BRF:2
BRH:2
end_of_record
SF:algorithms/bit/binary_gap.py
DA:24,1
DA:25,1
DA:26,1
DA:27,1
DA:28,1
DA:29,1
DA:30,1
DA:31,1
DA:32,1
DA:33,1
DA:34,1
DA:35,1
DA:38,1
DA:39,1
DA:40,1
DA:41,1
DA:42,1
DA:43,1
DA:44,1
DA:45,1
DA:46,1
DA:48,1
DA:50,1
DA:51,1
DA:52,1
DA:53,1
DA:56,1
DA:57,1
LF:28
LH:28
FN:24,35,binary_gap
FNDA:1,binary_gap
FN:38,53,binary_gap_improved
FNDA:1,binary_gap_improved
FNF:2
FNH:2
BRDA:28,0,jump to line 29,1
BRDA:28,0,jump to line 35,1
BRDA:29,0,jump to line 30,1
BRDA:29,0,jump to line 33,1
BRDA:30,0,jump to line 31,1
BRDA:30,0,jump to line 32,1
BRDA:42,0,jump to line 43,1
BRDA:42,0,jump to line 53,1
BRDA:44,0,jump to line 45,1
BRDA:44,0,jump to line 50,1
BRDA:45,0,jump to line 46,1
BRDA:45,0,jump to line 48,1
BRF:12
BRH:12
end_of_record
SF:algorithms/bit/bit_operation.py
DA:9,1
DA:14,1
DA:15,1
DA:17,1
DA:21,1
DA:22,1
DA:24,1
DA:27,1
DA:28,1
DA:29,1
DA:31,1
DA:35,1
DA:36,1
DA:37,1
LF:14
LH:14
FN:14,15,get_bit
FNDA:1,get_bit
FN:21,22,set_bit
FNDA:1,set_bit
FN:27,29,clear_bit
FNDA:1,clear_bit
FN:35,37,update_bit
FNDA:1,update_bit
FNF:4
FNH:4
end_of_record
SF:algorithms/bit/bytes_int_conversion.py
DA:1,1
DA:4,1
DA:5,1
DA:6,1
DA:8,1
DA:9,1
DA:10,1
DA:13,1
DA:14,1
DA:15,1
DA:16,1
DA:17,1
DA:18,1
DA:21,1
DA:22,1
DA:23,1
DA:24,1
DA:25,1
DA:26,1
DA:29,1
DA:30,1
DA:31,1
DA:32,1
DA:33,1
DA:34,1
DA:35,1
LF:26
LH:26
FN:4,10,int_to_bytes_big_endian
FNDA:1,int_to_bytes_big_endian
FN:13,18,int_to_bytes_little_endian
FNDA:1,int_to_bytes_little_endian
FN:21,26,bytes_big_endian_to_int
FNDA:1,bytes_big_endian_to_int
FN:29,35,bytes_little_endian_to_int
FNDA:1,bytes_little_endian_to_int
FNF:4
FNH:4
BRDA:6,0,jump to line 8,1
BRDA:6,0,jump to line 10,1
BRDA:15,0,jump to line 16,1
BRDA:15,0,jump to line 18,1
BRDA:23,0,jump to line 24,1
BRDA:23,0,jump to line 26,1
BRDA:32,0,jump to line 33,1
BRDA:32,0,jump to line 35,1
BRF:8
BRH:8
end_of_record
SF:algorithms/bit/count_flips_to_convert.py
DA:10,1
DA:12,1
DA:15,1
DA:16,1
DA:17,1
DA:18,1
DA:19,1
LF:7
LH:7
FN:10,19,count_flips_to_convert
FNDA:1,count_flips_to_convert
FNF:1
FNH:1
BRDA:16,0,jump to line 17,1
BRDA:16,0,jump to line 19,1
BRF:2
BRH:2
end_of_record
SF:algorithms/bit/count_ones.py
DA:17,1
DA:20,1
DA:21,1
DA:22,1
DA:25,1
DA:28,1
DA:29,1
DA:30,1
DA:31,1
DA:32,1
LF:10
LH:10
FN:17,22,count_ones_recur
FNDA:1,count_ones_recur
FN:25,32,count_ones_iter
FNDA:1,count_ones_iter
FNF:2
FNH:2
BRDA:20,0,jump to line 21,1
BRDA:20,0,jump to line 22,1
BRDA:29,0,jump to line 30,1
BRDA:29,0,jump to line 32,1
BRF:4
BRH:4
end_of_record
SF:algorithms/bit/find_difference.py
DA:16,1
DA:22,1
DA:23,1
DA:24,1
DA:26,1
DA:28,1
LF:6
LH:6
FN:22,28,find_difference
FNDA:1,find_difference
FNF:1
FNH:1
BRDA:24,0,jump to line 26,1
BRDA:24,0,jump to line 28,1
BRF:2
BRH:2
end_of_record
SF:algorithms/bit/find_missing_number.py
DA:11,1
DA:13,1
DA:14,1
DA:15,1
DA:16,1
DA:18,1
DA:21,1
DA:23,1
DA:24,1
DA:25,1
DA:26,1
DA:27,1
LF:12
LH:12
FN:11,18,find_missing_number
FNDA:1,find_missing_number
FN:21,27,find_missing_number2
FNDA:1,find_missing_number2
FNF:2
FNH:2
BRDA:14,0,jump to line 15,1
BRDA:14,0,jump to line 18,1
BRF:2
BRH:2
end_of_record
SF:algorithms/bit/flip_bit_longest_sequence.py
DA:10,1
DA:12,1
DA:13,1
DA:14,1
DA:16,1
DA:17,1
DA:18,1
DA:20,1
DA:21,1
DA:22,1
DA:24,1
DA:25,1
DA:27,1
DA:28,1
DA:30,1
LF:15
LH:15
FN:10,30,flip_bit_longest_seq
FNDA:1,flip_bit_longest_seq
FNF:1
FNH:1
BRDA:16,0,jump to line 17,1
BRDA:16,0,jump to line 30,1
BRDA:17,0,jump to line 18,1
BRDA:17,0,jump to line 20,1
BRDA:20,0,jump to line 21,1
BRDA:20,0,jump to line 27,0
BRDA:21,0,jump to line 22,1
BRDA:21,0,jump to line 24,1
BRF:8
BRH:7
end_of_record
SF:algorithms/bit/has_alternative_bit.py
DA:20,1
DA:21,1
DA:22,1
DA:23,1
DA:24,1
DA:25,1
DA:26,1
DA:27,1
DA:28,1
DA:30,1
DA:31,1
DA:32,0
DA:35,1
DA:36,1
DA:37,1
DA:38,1
LF:16
LH:15
FN:20,32,has_alternative_bit
FNDA:1,has_alternative_bit
FN:35,38,has_alternative_bit_fast
FNDA:1,has_alternative_bit_fast
FNF:2
FNH:2
BRDA:23,0,jump to line 24,1
BRDA:23,0,jump to line 32,0
BRDA:25,0,jump to line 26,1
BRDA:25,0,jump to line 30,1
BRDA:27,0,jump to line 28,1
BRDA:27,0,jump to line 31,1
BRF:6
BRH:5
end_of_record
SF:algorithms/bit/insert_bit.py
DA:22,1
DA:30,1
DA:32,1
DA:33,1
DA:34,1
DA:36,1
DA:37,1
DA:39,1
DA:40,1
DA:41,1
DA:42,1
DA:43,1
DA:44,1
LF:13
LH:13
FN:30,37,insert_one_bit
FNDA:1,insert_one_bit
FN:39,44,insert_mult_bits
FNDA:1,insert_mult_bits
FNF:2
FNH:2
end_of_record
SF:algorithms/bit/power_of_two.py
DA:4,1
DA:9,1
LF:2
LH:2
FN:4,9,is_power_of_two
FNDA:1,is_power_of_two
FNF:1
FNH:1
end_of_record
SF:algorithms/bit/remove_bit.py
DA:11,1
DA:12,1
DA:13,1
DA:14,1
DA:15,1
LF:5
LH:5
FN:11,15,remove_bit
FNDA:1,remove_bit
FNF:1
FNH:1
end_of_record
SF:algorithms/bit/reverse_bits.py
DA:9,1
DA:10,1
DA:11,1
DA:12,1
DA:13,1
DA:14,1
DA:15,1
DA:16,1
LF:8
LH:8
FN:9,16,reverse_bits
FNDA:1,reverse_bits
FNF:1
FNH:1
BRDA:12,0,jump to line 13,1
BRDA:12,0,jump to line 16,1
BRF:2
BRH:2
end_of_record
SF:algorithms/bit/single_number.py
DA:13,1
DA:20,1
DA:21,1
DA:22,1
DA:23,1
LF:5
LH:5
FN:13,23,single_number
FNDA:1,single_number
FNF:1
FNH:1
BRDA:21,0,jump to line 22,1
BRDA:21,0,jump to line 23,1
BRF:2
BRH:2
end_of_record
SF:algorithms/bit/single_number2.py
DA:22,1
DA:23,1
DA:24,1
DA:25,1
DA:26,1
DA:27,1
LF:6
LH:6
FN:22,27,single_number2
FNDA:1,single_number2
FNF:1
FNH:1
BRDA:24,0,jump to line 25,1
BRDA:24,0,jump to line 27,1
BRF:2
BRH:2
end_of_record
SF:algorithms/bit/single_number3.py
DA:29,1
DA:35,1
DA:36,1
DA:37,1
DA:40,1
DA:43,1
DA:44,1
DA:45,1
DA:46,1
DA:48,1
DA:49,1
LF:11
LH:11
FN:29,49,single_number3
FNDA:1,single_number3
FNF:1
FNH:1
BRDA:36,0,jump to line 37,1
BRDA:36,0,jump to line 40,1
BRDA:44,0,jump to line 45,1
BRDA:44,0,jump to line 49,1
BRDA:45,0,jump to line 46,1
BRDA:45,0,jump to line 48,1
BRF:6
BRH:6
end_of_record
SF:algorithms/bit/subsets.py
DA:21,1
DA:26,1
DA:27,1
DA:28,1
DA:30,1
DA:31,1
DA:32,1
DA:34,1
DA:35,1
LF:9
LH:9
FN:21,34,subsets
FNDA:1,subsets
FNF:1
FNH:1
BRDA:30,0,jump to line 31,1
BRDA:30,0,jump to line 34,1
BRF:2
BRH:2
end_of_record
SF:algorithms/bit/swap_pair.py
DA:10,1
DA:16,1
DA:18,1
DA:20,1
DA:21,1
LF:5
LH:5
FN:16,21,swap_pair
FNDA:1,swap_pair
FNF:1
FNH:1
end_of_record
SF:algorithms/compression/__init__.py
end_of_record
SF:algorithms/compression/elias.py
DA:12,1
DA:14,1
DA:17,1
DA:18,1
DA:19,1
DA:22,1
DA:23,1
DA:25,1
DA:32,1
DA:33,1
DA:35,1
DA:37,1
DA:39,1
DA:41,1
DA:43,1
DA:47,1
DA:49,1
DA:53,1
LF:18
LH:18
FN:17,19,binary
FNDA:1,binary
FN:22,23,unary
FNDA:1,unary
FN:25,41,elias_generic
FNDA:1,elias_generic
FN:43,47,elias_gamma
FNDA:1,elias_gamma
FN:49,53,elias_delta
FNDA:1,elias_delta
FNF:5
FNH:5
BRDA:32,0,jump to line 33,1
BRDA:32,0,jump to line 35,1
BRF:2
BRH:2
end_of_record
SF:algorithms/compression/huffman_coding.py
DA:8,1
DA:9,1
DA:12,1
DA:13,1
DA:14,1
DA:15,1
DA:16,1
DA:17,1
DA:19,1
DA:20,1
DA:22,1
DA:23,0
DA:25,1
DA:26,0
DA:28,1
DA:29,0
DA:31,1
DA:32,0
DA:35,1
DA:36,1
DA:37,1
DA:38,1
DA:39,1
DA:41,1
DA:42,1
DA:43,1
DA:45,1
DA:51,1
DA:52,1
DA:53,1
DA:55,1
DA:56,1
DA:57,1
DA:58,1
DA:59,1
DA:60,1
DA:61,1
DA:62,1
DA:63,1
DA:65,1
DA:66,1
DA:67,1
DA:69,1
DA:71,1
DA:73,1
DA:75,1
DA:81,1
DA:82,1
DA:83,1
DA:84,1
DA:85,1
DA:87,1
DA:93,1
DA:94,1
DA:96,1
DA:97,1
DA:99,1
DA:100,1
DA:102,1
DA:104,1
DA:105,1
DA:106,1
DA:107,1
DA:109,1
DA:111,1
DA:112,1
DA:113,1
DA:114,1
DA:116,1
DA:118,0
DA:121,1
DA:122,1
DA:123,1
DA:124,1
DA:125,1
DA:127,1
DA:128,0
DA:130,1
DA:131,1
DA:132,1
DA:134,1
DA:135,1
DA:137,1
DA:139,1
DA:140,1
DA:141,1
DA:142,1
DA:144,1
DA:150,1
DA:151,1
DA:153,1
DA:155,1
DA:156,1
DA:157,1
DA:158,1
DA:159,1
DA:160,1
DA:161,1
DA:162,1
DA:164,1
DA:165,1
DA:166,1
DA:167,1
DA:169,1
DA:175,0
DA:176,0
DA:177,0
DA:178,0
DA:180,0
DA:181,0
DA:183,0
DA:185,1
DA:186,1
DA:187,1
DA:188,0
DA:189,0
DA:192,1
DA:197,1
DA:198,1
DA:199,1
DA:200,1
DA:202,1
DA:208,1
DA:209,1
DA:210,1
DA:211,1
DA:213,0
DA:214,0
DA:216,1
DA:217,1
DA:218,1
DA:220,1
DA:222,1
DA:223,1
DA:224,1
DA:227,1
DA:228,1
DA:229,0
DA:231,1
DA:232,1
DA:233,1
DA:234,1
DA:235,1
DA:236,1
DA:238,1
DA:240,1
DA:242,1
DA:243,1
DA:244,1
DA:245,1
DA:247,1
DA:248,1
DA:249,1
DA:250,1
DA:251,1
DA:252,1
DA:254,1
DA:255,1
DA:256,1
DA:257,1
DA:258,0
DA:259,0
DA:261,1
DA:262,1
DA:263,1
DA:264,1
DA:265,1
DA:266,1
DA:267,1
DA:269,1
DA:270,1
DA:271,1
DA:272,1
DA:273,1
DA:275,1
DA:277,1
DA:278,1
DA:279,1
DA:280,1
DA:281,1
DA:282,1
DA:283,1
DA:285,1
DA:286,1
DA:287,1
DA:288,1
DA:289,1
DA:290,1
DA:291,1
DA:292,1
DA:293,1
DA:294,1
DA:296,1
DA:298,1
DA:300,1
DA:301,1
DA:302,1
DA:303,1
DA:304,1
DA:306,1
DA:307,1
DA:308,1
DA:309,1
DA:311,1
DA:312,1
DA:313,1
DA:314,1
DA:315,1
DA:317,1
DA:319,1
DA:320,1
DA:321,1
DA:322,1
DA:324,1
DA:325,1
DA:327,1
DA:328,1
LF:217
LH:197
FN:13,17,Node.__init__
FNDA:1,Node.__init__
FN:19,20,Node.__lt__
FNDA:1,Node.__lt__
FN:22,23,Node.__gt__
FNDA:0,Node.__gt__
FN:25,26,Node.__eq__
FNDA:0,Node.__eq__
FN:28,29,Node.__str__
FNDA:0,Node.__str__
FN:31,32,Node.__repr__
FNDA:0,Node.__repr__
FN:36,39,HuffmanReader.__init__
FNDA:1,HuffmanReader.__init__
FN:41,43,HuffmanReader.get_number_of_additional_bits_in_the_last_byte
FNDA:1,HuffmanReader.get_number_of_additional_bits_in_the_last_byte
FN:45,73,HuffmanReader.load_tree
FNDA:1,HuffmanReader.load_tree
FN:75,85,HuffmanReader._fill_tree
FNDA:1,HuffmanReader._fill_tree
FN:87,102,HuffmanReader._load_byte
FNDA:1,HuffmanReader._load_byte
FN:104,109,HuffmanReader.get_bit
FNDA:1,HuffmanReader.get_bit
FN:111,118,HuffmanReader.get_byte
FNDA:1,HuffmanReader.get_byte
FN:122,125,HuffmanWriter.__init__
FNDA:1,HuffmanWriter.__init__
FN:127,128,HuffmanWriter.write_char
FNDA:0,HuffmanWriter.write_char
FN:130,132,HuffmanWriter.write_int
FNDA:1,HuffmanWriter.write_int
FN:134,142,HuffmanWriter.write_bits
FNDA:1,HuffmanWriter.write_bits
FN:144,167,HuffmanWriter.save_tree
FNDA:1,HuffmanWriter.save_tree
FN:153,162,HuffmanWriter.save_tree.get_code_tree
FNDA:1,HuffmanWriter.save_tree.get_code_tree
FN:169,183,HuffmanWriter._save_information_about_additional_bits
FNDA:0,HuffmanWriter._save_information_about_additional_bits
FN:185,189,HuffmanWriter.close
FNDA:1,HuffmanWriter.close
FN:197,200,TreeFinder.__init__
FNDA:1,TreeFinder.__init__
FN:202,220,TreeFinder.find
FNDA:1,TreeFinder.find
FN:222,224,TreeFinder._reset
FNDA:1,TreeFinder._reset
FN:228,229,HuffmanCoding.__init__
FNDA:0,HuffmanCoding.__init__
FN:232,240,HuffmanCoding.decode_file
FNDA:1,HuffmanCoding.decode_file
FN:243,259,HuffmanCoding._decode_and_write_signs_to_file
FNDA:1,HuffmanCoding._decode_and_write_signs_to_file
FN:262,275,HuffmanCoding.encode_file
FNDA:1,HuffmanCoding.encode_file
FN:278,283,HuffmanCoding._encode_and_write_signs_to_file
FNDA:1,HuffmanCoding._encode_and_write_signs_to_file
FN:286,298,HuffmanCoding._get_char_frequency
FNDA:1,HuffmanCoding._get_char_frequency
FN:301,304,HuffmanCoding._generate_codes
FNDA:1,HuffmanCoding._generate_codes
FN:307,317,HuffmanCoding._create_tree
FNDA:1,HuffmanCoding._create_tree
FN:320,328,HuffmanCoding._go_through_tree_and_create_codes
FNDA:1,HuffmanCoding._go_through_tree_and_create_codes
FNF:33
FNH:26
BRDA:57,0,jump to line 58,1
BRDA:57,0,jump to line 71,1
BRDA:59,0,jump to line 60,1
BRDA:59,0,jump to line 65,1
BRDA:66,0,jump to line 67,1
BRDA:66,0,jump to line 69,1
BRDA:82,0,jump to line 83,1
BRDA:82,0,return from function '_fill_tree',1
BRDA:93,0,jump to line 94,1
BRDA:93,0,jump to line 102,1
BRDA:96,0,jump to line 97,1
BRDA:96,0,jump to line 99,1
BRDA:105,0,jump to line 106,1
BRDA:105,0,jump to line 109,1
BRDA:112,0,jump to line 113,1
BRDA:112,0,jump to line 118,0
BRDA:139,0,jump to line 140,1
BRDA:139,0,return from function 'write_bits',1
BRDA:155,0,jump to line 156,1
BRDA:155,0,jump to line 157,1
BRDA:157,0,jump to line 158,1
BRDA:157,0,jump to line 160,1
BRDA:160,0,jump to line 161,1
BRDA:160,0,return from function 'get_code_tree',1
BRDA:166,0,jump to line 167,1
BRDA:166,0,return from function 'save_tree',1
BRDA:187,0,jump to line 188,0
BRDA:187,0,return from function 'close',1
BRDA:208,0,jump to line 209,1
BRDA:208,0,jump to line 210,1
BRDA:210,0,jump to line 211,1
BRDA:210,0,jump to line 213,0
BRDA:216,0,jump to line 217,1
BRDA:216,0,jump to line 220,1
BRDA:247,0,jump to line 248,1
BRDA:247,0,return from function '_decode_and_write_signs_to_file',1
BRDA:249,0,jump to line 250,1
BRDA:249,0,jump to line 254,1
BRDA:250,0,jump to line 251,1
BRDA:250,0,jump to line 252,1
BRDA:257,0,jump to line 247,1
BRDA:257,0,jump to line 258,0
BRDA:258,0,jump to line 257,-
BRDA:258,0,jump to line 259,-
BRDA:280,0,jump to line 281,1
BRDA:280,0,return from function '_encode_and_write_signs_to_file',1
BRDA:289,0,jump to line 290,1
BRDA:289,0,jump to line 298,1
BRDA:293,0,jump to line 294,1
BRDA:293,0,jump to line 296,1
BRDA:311,0,jump to line 312,1
BRDA:311,0,jump to line 317,1
BRDA:321,0,jump to line 322,1
BRDA:321,0,jump to line 324,1
BRDA:324,0,jump to line 325,1
BRDA:324,0,jump to line 327,1
BRDA:327,0,jump to line 328,1
BRDA:327,0,return from function '_go_through_tree_and_create_codes',1
BRF:58
BRH:52
end_of_record
SF:algorithms/compression/rle_compression.py
DA:9,1
DA:16,1
DA:18,1
DA:19,1
DA:20,1
DA:22,1
DA:25,1
DA:27,1
DA:28,1
DA:30,1
DA:31,1
DA:34,1
DA:36,1
DA:39,1
DA:46,1
DA:47,1
DA:49,1
DA:51,1
DA:53,1
DA:54,1
DA:57,1
DA:58,1
LF:22
LH:22
FN:9,36,encode_rle
FNDA:1,encode_rle
FN:39,58,decode_rle
FNDA:1,decode_rle
FNF:2
FNH:2
BRDA:16,0,jump to line 18,1
BRDA:16,0,return from function 'encode_rle',0
BRDA:22,0,jump to line 25,1
BRDA:22,0,jump to line 36,1
BRDA:25,0,jump to line 27,1
BRDA:25,0,jump to line 34,1
BRDA:27,0,jump to line 28,1
BRDA:27,0,jump to line 30,1
BRDA:49,0,jump to line 51,1
BRDA:49,0,jump to line 58,1
BRDA:51,0,jump to line 53,1
BRDA:51,0,jump to line 57,1
BRF:12
BRH:11
end_of_record
SF:algorithms/dfs/__init__.py
DA:1,1
DA:2,1
DA:3,1
DA:4,1
DA:5,1
DA:6,1
LF:6
LH:6
end_of_record
SF:algorithms/dfs/all_factors.py
DA:30,1
DA:40,1
DA:54,1
DA:55,1
DA:56,1
DA:57,1
DA:58,1
DA:59,1
DA:60,1
DA:63,1
DA:76,1
DA:77,1
DA:78,1
DA:79,1
DA:80,1
DA:81,1
DA:82,1
DA:83,1
DA:84,1
DA:87,1
DA:98,1
DA:99,1
DA:100,1
DA:101,1
DA:102,1
DA:103,1
DA:104,1
DA:105,1
DA:106,1
DA:107,1
DA:108,1
DA:109,1
DA:111,1
LF:33
LH:33
FN:30,60,get_factors
FNDA:1,get_factors
FN:40,59,get_factors.factor
FNDA:1,get_factors.factor
FN:63,84,get_factors_iterative1
FNDA:1,get_factors_iterative1
FN:87,111,get_factors_iterative2
FNDA:1,get_factors_iterative2
FNF:4
FNH:4
BRDA:54,0,jump to line 55,1
BRDA:54,0,jump to line 59,1
BRDA:55,0,jump to line 56,1
BRDA:55,0,jump to line 58,1
BRDA:77,0,jump to line 78,1
BRDA:77,0,jump to line 84,1
BRDA:79,0,jump to line 77,1
BRDA:79,0,jump to line 80,1
BRDA:80,0,jump to line 81,1
BRDA:80,0,jump to line 83,1
BRDA:100,0,jump to line 101,1
BRDA:100,0,jump to line 107,1
BRDA:101,0,jump to line 102,1
BRDA:101,0,jump to line 103,1
BRDA:107,0,jump to line 108,1
BRDA:107,0,jump to line 111,1
BRF:16
BRH:16
end_of_record
SF:algorithms/dfs/count_islands.py
DA:25,1
DA:26,1
DA:27,1
DA:28,1
DA:29,1
DA:30,1
DA:31,1
DA:32,1
DA:35,1
DA:36,1
DA:37,1
DA:38,1
DA:39,1
DA:40,1
DA:41,1
DA:42,1
DA:43,1
DA:44,1
LF:18
LH:18
FN:25,32,num_islands
FNDA:1,num_islands
FN:35,44,dfs
FNDA:1,dfs
FNF:2
FNH:2
BRDA:27,0,jump to line 28,1
BRDA:27,0,jump to line 32,1
BRDA:28,0,jump to line 27,1
BRDA:28,0,jump to line 29,1
BRDA:29,0,jump to line 28,1
BRDA:29,0,jump to line 30,1
BRDA:36,0,jump to line 37,1
BRDA:36,0,jump to line 38,1
BRDA:38,0,jump to line 39,1
BRDA:38,0,jump to line 40,1
BRF:10
BRH:10
end_of_record
SF:algorithms/dfs/maze_search.py
DA:24,1
DA:25,1
DA:26,1
DA:29,1
DA:30,1
DA:32,1
DA:33,1
DA:35,1
DA:36,1
DA:37,1
DA:39,1
DA:40,0
DA:41,1
DA:43,1
DA:45,1
DA:46,1
DA:47,1
DA:49,1
DA:50,1
DA:51,1
DA:53,1
DA:55,1
LF:22
LH:21
FN:24,26,find_path
FNDA:1,find_path
FN:29,55,dfs
FNDA:1,dfs
FNF:2
FNH:2
BRDA:35,0,jump to line 36,1
BRDA:35,0,jump to line 43,1
BRDA:36,0,jump to line 37,1
BRDA:36,0,jump to line 39,1
BRDA:39,0,jump to line 40,0
BRDA:39,0,jump to line 41,1
BRDA:45,0,jump to line 46,1
BRDA:45,0,jump to line 53,1
BRDA:49,0,jump to line 45,1
BRDA:49,0,jump to line 50,1
BRDA:50,0,jump to line 45,1
BRDA:50,0,jump to line 51,1
BRF:12
BRH:11
end_of_record
SF:algorithms/dfs/pacific_atlantic.py
DA:32,1
DA:37,1
DA:38,1
DA:39,1
DA:40,1
DA:41,1
DA:42,1
DA:43,1
DA:44,1
DA:45,1
DA:46,1
DA:47,1
DA:48,1
DA:49,1
DA:50,1
DA:51,1
DA:52,1
DA:53,1
DA:54,1
DA:56,1
DA:57,1
DA:58,1
DA:59,1
DA:60,1
DA:61,1
DA:62,1
DA:63,1
DA:64,1
DA:65,1
LF:29
LH:29
FN:32,54,pacific_atlantic
FNDA:1,pacific_atlantic
FN:56,65,dfs
FNDA:1,dfs
FNF:2
FNH:2
BRDA:38,0,jump to line 39,1
BRDA:38,0,return from function 'pacific_atlantic',0
BRDA:40,0,jump to line 41,1
BRDA:40,0,return from function 'pacific_atlantic',0
BRDA:44,0,jump to line 45,1
BRDA:44,0,jump to line 47,1
BRDA:47,0,jump to line 48,1
BRDA:47,0,jump to line 50,1
BRDA:50,0,jump to line 51,1
BRDA:50,0,jump to line 54,1
BRDA:51,0,jump to line 50,1
BRDA:51,0,jump to line 52,1
BRDA:52,0,jump to line 51,1
BRDA:52,0,jump to line 53,1
BRDA:57,0,jump to line 58,1
BRDA:57,0,jump to line 59,1
BRDA:59,0,jump to line 60,1
BRDA:59,0,jump to line 61,1
BRF:18
BRH:16
end_of_record
SF:algorithms/dfs/sudoku_solver.py
DA:23,1
DA:24,1
DA:25,1
DA:26,1
DA:27,1
DA:28,1
DA:30,1
DA:31,1
DA:32,1
DA:33,1
DA:34,1
DA:35,1
DA:36,1
DA:37,1
DA:38,1
DA:39,1
DA:41,1
DA:42,1
DA:43,1
DA:44,1
DA:45,1
DA:47,1
DA:48,1
DA:49,1
DA:50,1
DA:51,1
DA:52,1
DA:53,1
DA:54,1
DA:55,1
DA:56,1
DA:57,0
DA:58,0
DA:60,1
DA:61,1
DA:62,1
DA:63,1
DA:64,1
DA:65,1
DA:66,1
DA:67,1
DA:68,1
DA:69,1
DA:70,0
DA:71,1
DA:73,1
DA:74,0
DA:75,0
DA:76,0
DA:77,0
DA:79,0
DA:80,0
DA:82,1
DA:90,0
DA:91,0
DA:92,0
DA:93,0
DA:94,0
DA:95,0
LF:59
LH:44
FN:24,28,Sudoku.__init__
FNDA:1,Sudoku.__init__
FN:30,45,Sudoku.possible_values
FNDA:1,Sudoku.possible_values
FN:47,58,Sudoku.solve
FNDA:1,Sudoku.solve
FN:60,71,Sudoku.valid_one
FNDA:1,Sudoku.valid_one
FN:73,80,Sudoku.undo
FNDA:0,Sudoku.undo
FN:82,95,Sudoku.__str__
FNDA:0,Sudoku.__str__
FNF:6
FNH:4
BRDA:33,0,jump to line 34,1
BRDA:33,0,jump to line 42,1
BRDA:34,0,jump to line 33,1
BRDA:34,0,jump to line 35,1
BRDA:36,0,jump to line 37,1
BRDA:36,0,jump to line 41,1
BRDA:42,0,jump to line 43,1
BRDA:42,0,jump to line 45,1
BRDA:48,0,jump to line 49,1
BRDA:48,0,jump to line 50,1
BRDA:52,0,jump to line 53,1
BRDA:52,0,jump to line 58,0
BRDA:54,0,jump to line 55,1
BRDA:54,0,jump to line 57,0
BRDA:55,0,jump to line 56,1
BRDA:55,0,jump to line 57,0
BRDA:64,0,jump to line 65,1
BRDA:64,0,jump to line 71,1
BRDA:65,0,jump to line 64,1
BRDA:65,0,jump to line 66,1
BRDA:66,0,jump to line 64,1
BRDA:66,0,jump to line 67,1
BRDA:69,0,jump to line 64,1
BRDA:69,0,jump to line 70,0
BRDA:75,0,jump to line 76,-
BRDA:75,0,jump to line 80,-
BRDA:76,0,jump to line 77,-
BRDA:76,0,jump to line 79,-
BRDA:91,0,jump to line 92,-
BRDA:91,0,jump to line 95,-
BRDA:92,0,jump to line 93,-
BRDA:92,0,jump to line 94,-
BRF:32
BRH:20
end_of_record
SF:algorithms/dfs/walls_and_gates.py
DA:22,1
DA:23,1
DA:24,1
DA:25,1
DA:26,1
DA:29,1
DA:30,1
DA:31,1
DA:32,1
DA:33,1
DA:34,1
DA:35,1
DA:36,1
DA:37,1
DA:38,1
LF:15
LH:15
FN:22,26,walls_and_gates
FNDA:1,walls_and_gates
FN:29,38,dfs
FNDA:1,dfs
FNF:2
FNH:2
BRDA:23,0,jump to line 24,1
BRDA:23,0,return from function 'walls_and_gates',1
BRDA:24,0,jump to line 23,1
BRDA:24,0,jump to line 25,1
BRDA:25,0,jump to line 24,1
BRDA:25,0,jump to line 26,1
BRDA:30,0,jump to line 31,1
BRDA:30,0,jump to line 32,1
BRDA:32,0,jump to line 33,1
BRDA:32,0,jump to line 34,1
BRF:10
BRH:10
end_of_record
SF:algorithms/distribution/__init__.py
end_of_record
SF:algorithms/distribution/histogram.py
DA:17,1
DA:24,1
DA:26,1
DA:27,1
DA:28,1
LF:5
LH:5
FN:17,28,get_histogram
FNDA:1,get_histogram
FNF:1
FNH:1
BRDA:26,0,jump to line 27,1
BRDA:26,0,jump to line 28,1
BRF:2
BRH:2
end_of_record
SF:algorithms/dp/__init__.py
DA:1,1
DA:2,1
DA:3,1
DA:4,1
DA:5,1
DA:6,1
DA:7,1
DA:8,1
DA:9,1
DA:10,1
DA:11,1
DA:12,1
DA:13,1
DA:14,1
DA:15,1
DA:16,1
DA:17,1
DA:18,1
DA:19,1
DA:20,1
DA:21,1
DA:22,1
DA:23,1
LF:23
LH:23
end_of_record
SF:algorithms/dp/buy_sell_stock.py
DA:24,1
DA:29,1
DA:30,1
DA:31,1
DA:32,1
DA:33,1
DA:37,1
DA:44,1
DA:45,1
DA:46,1
DA:47,1
DA:48,1
LF:12
LH:12
FN:24,33,max_profit_naive
FNDA:1,max_profit_naive
FN:37,48,max_profit_optimized
FNDA:1,max_profit_optimized
FNF:2
FNH:2
BRDA:30,0,jump to line 31,1
BRDA:30,0,jump to line 33,1
BRDA:31,0,jump to line 30,1
BRDA:31,0,jump to line 32,1
BRDA:45,0,jump to line 46,1
BRDA:45,0,jump to line 48,1
BRF:6
BRH:6
end_of_record
SF:algorithms/dp/climbing_stairs.py
DA:14,1
DA:19,1
DA:20,1
DA:21,1
DA:22,1
DA:28,1
DA:33,1
DA:34,1
DA:35,1
DA:36,1
LF:10
LH:10
FN:14,22,climb_stairs
FNDA:1,climb_stairs
FN:28,36,climb_stairs_optimized
FNDA:1,climb_stairs_optimized
FNF:2
FNH:2
BRDA:20,0,jump to line 21,1
BRDA:20,0,jump to line 22,1
BRDA:34,0,jump to line 35,1
BRDA:34,0,jump to line 36,1
BRF:4
BRH:4
end_of_record
SF:algorithms/dp/coin_change.py
DA:19,1
DA:27,1
DA:30,1
DA:31,1
DA:32,1
DA:34,1
LF:6
LH:6
FN:19,34,count
FNDA:1,count
FNF:1
FNH:1
BRDA:30,0,jump to line 31,1
BRDA:30,0,jump to line 34,1
BRDA:31,0,jump to line 30,1
BRDA:31,0,jump to line 32,1
BRF:4
BRH:4
end_of_record
SF:algorithms/dp/combination_sum.py
DA:30,1
DA:32,1
DA:39,1
DA:40,1
DA:41,1
DA:42,1
DA:43,1
DA:44,1
DA:45,1
DA:46,1
DA:49,1
DA:57,1
DA:58,1
DA:59,1
DA:61,1
DA:68,1
DA:69,1
DA:70,1
DA:71,1
DA:72,1
DA:73,1
DA:74,1
LF:22
LH:22
FN:32,46,helper_topdown
FNDA:1,helper_topdown
FN:49,59,combination_sum_topdown
FNDA:1,combination_sum_topdown
FN:61,74,combination_sum_bottom_up
FNDA:1,combination_sum_bottom_up
FNF:3
FNH:3
BRDA:39,0,jump to line 40,1
BRDA:39,0,jump to line 41,1
BRDA:42,0,jump to line 43,1
BRDA:42,0,jump to line 45,1
BRDA:43,0,jump to line 42,1
BRDA:43,0,jump to line 44,1
BRDA:70,0,jump to line 71,1
BRDA:70,0,jump to line 74,1
BRDA:71,0,jump to line 70,1
BRDA:71,0,jump to line 72,1
BRDA:72,0,jump to line 71,1
BRDA:72,0,jump to line 73,1
BRF:12
BRH:12
end_of_record
SF:algorithms/dp/edit_distance.py
DA:46,1
DA:54,1
DA:56,1
DA:58,1
DA:59,1
DA:61,1
DA:62,1
DA:64,1
DA:65,1
DA:66,1
DA:67,1
DA:69,1
LF:12
LH:12
FN:46,69,edit_distance
FNDA:1,edit_distance
FNF:1
FNH:1
BRDA:58,0,jump to line 59,1
BRDA:58,0,jump to line 61,1
BRDA:61,0,jump to line 62,1
BRDA:61,0,jump to line 64,1
BRDA:64,0,jump to line 65,1
BRDA:64,0,jump to line 69,1
BRDA:65,0,jump to line 64,1
BRDA:65,0,jump to line 66,1
BRF:8
BRH:8
end_of_record
SF:algorithms/dp/egg_drop.py
DA:25,1
DA:28,1
DA:36,1
DA:39,1
DA:40,1
DA:41,1
DA:44,1
DA:45,1
DA:49,1
DA:50,1
DA:51,1
DA:52,1
DA:53,1
DA:54,1
DA:55,1
DA:58,1
LF:16
LH:16
FN:28,58,egg_drop
FNDA:1,egg_drop
FNF:1
FNH:1
BRDA:39,0,jump to line 40,1
BRDA:39,0,jump to line 44,1
BRDA:44,0,jump to line 45,1
BRDA:44,0,jump to line 49,1
BRDA:49,0,jump to line 50,1
BRDA:49,0,jump to line 58,1
BRDA:50,0,jump to line 49,1
BRDA:50,0,jump to line 51,1
BRDA:52,0,jump to line 50,1
BRDA:52,0,jump to line 53,1
BRDA:54,0,jump to line 52,1
BRDA:54,0,jump to line 55,1
BRF:12
BRH:12
end_of_record
SF:algorithms/dp/fib.py
DA:20,1
DA:34,1
DA:36,1
DA:37,1
DA:38,1
DA:43,1
DA:57,1
DA:59,1
DA:60,1
DA:61,1
DA:62,1
DA:67,1
DA:79,1
DA:81,1
DA:82,1
DA:83,1
DA:84,1
DA:85,0
DA:86,1
DA:87,1
DA:88,1
DA:89,1
DA:90,1
LF:23
LH:22
FN:20,38,fib_recursive
FNDA:1,fib_recursive
FN:43,62,fib_list
FNDA:1,fib_list
FN:67,90,fib_iter
FNDA:1,fib_iter
FNF:3
FNH:3
BRDA:36,0,jump to line 37,1
BRDA:36,0,jump to line 38,1
BRDA:60,0,jump to line 61,1
BRDA:60,0,jump to line 62,1
BRDA:84,0,jump to line 85,0
BRDA:84,0,jump to line 86,1
BRDA:86,0,jump to line 87,1
BRDA:86,0,jump to line 90,1
BRF:8
BRH:7
end_of_record
SF:algorithms/dp/hosoya_triangle.py
DA:22,1
DA:27,1
DA:28,1
DA:29,1
DA:30,1
DA:31,1
DA:32,1
DA:33,1
DA:34,1
DA:35,1
DA:37,1
DA:42,0
DA:43,0
DA:44,0
DA:45,0
DA:47,1
DA:52,1
DA:53,1
DA:54,1
DA:55,1
DA:56,1
LF:21
LH:17
FN:22,35,hosoya
FNDA:1,hosoya
FN:37,45,print_hosoya
FNDA:0,print_hosoya
FN:47,56,hosoya_testing
FNDA:1,hosoya_testing
FNF:3
FNH:2
BRDA:27,0,jump to line 28,1
BRDA:27,0,jump to line 29,1
BRDA:29,0,jump to line 30,1
BRDA:29,0,jump to line 31,1
BRDA:31,0,jump to line 32,1
BRDA:31,0,jump to line 33,1
BRDA:33,0,jump to line 34,1
BRDA:33,0,jump to line 35,1
BRDA:42,0,jump to line 43,-
BRDA:42,0,return from function 'print_hosoya',-
BRDA:43,0,jump to line 44,-
BRDA:43,0,jump to line 45,-
BRDA:53,0,jump to line 54,1
BRDA:53,0,jump to line 56,1
BRDA:54,0,jump to line 53,1
BRDA:54,0,jump to line 55,1
BRF:16
BRH:12
end_of_record
SF:algorithms/dp/house_robber.py
DA:15,1
DA:16,1
DA:17,1
DA:18,1
DA:19,1
LF:5
LH:5
FN:15,19,house_robber
FNDA:1,house_robber
FNF:1
FNH:1
BRDA:17,0,jump to line 18,1
BRDA:17,0,jump to line 19,1
BRF:2
BRH:2
end_of_record
SF:algorithms/dp/int_divide.py
DA:40,1
DA:45,1
DA:46,1
DA:47,1
DA:48,1
DA:49,1
DA:50,1
DA:51,1
DA:52,1
DA:54,1
DA:55,1
LF:11
LH:11
FN:40,55,int_divide
FNDA:1,int_divide
FNF:1
FNH:1
BRDA:47,0,jump to line 48,1
BRDA:47,0,jump to line 55,1
BRDA:48,0,jump to line 47,1
BRDA:48,0,jump to line 49,1
BRDA:49,0,jump to line 50,1
BRDA:49,0,jump to line 51,1
BRDA:51,0,jump to line 52,1
BRDA:51,0,jump to line 54,1
BRF:8
BRH:8
end_of_record
SF:algorithms/dp/job_scheduling.py
DA:6,1
DA:10,1
DA:11,1
DA:12,1
DA:13,1
DA:15,1
DA:25,1
DA:26,1
DA:29,1
DA:30,1
DA:31,1
DA:32,0
DA:33,0
DA:35,0
DA:37,1
DA:38,1
DA:40,1
DA:47,1
DA:51,1
DA:52,1
DA:54,1
DA:57,1
DA:60,1
DA:61,1
DA:62,1
DA:63,0
DA:66,1
DA:68,1
LF:28
LH:24
FN:10,13,Job.__init__
FNDA:1,Job.__init__
FN:15,38,binary_search
FNDA:1,binary_search
FN:40,68,schedule
FNDA:1,schedule
FNF:3
FNH:3
BRDA:29,0,jump to line 30,1
BRDA:29,0,jump to line 38,1
BRDA:31,0,jump to line 32,0
BRDA:31,0,jump to line 37,1
BRDA:32,0,jump to line 33,-
BRDA:32,0,jump to line 35,-
BRDA:57,0,jump to line 60,1
BRDA:57,0,jump to line 68,1
BRDA:62,0,jump to line 63,0
BRDA:62,0,jump to line 66,1
BRF:10
BRH:6
end_of_record
SF:algorithms/dp/k_factor.py
DA:33,1
DA:40,1
DA:41,1
DA:42,0
DA:44,1
DA:45,1
DA:46,1
DA:47,1
DA:49,1
DA:50,1
DA:51,1
DA:53,1
DA:56,1
DA:57,1
DA:60,1
DA:62,1
DA:64,1
DA:67,1
DA:68,1
DA:71,1
DA:73,1
DA:74,1
DA:75,1
DA:76,1
DA:77,1
DA:80,1
DA:81,1
DA:82,1
DA:83,1
DA:85,1
LF:30
LH:29
FN:33,85,find_k_factor
FNDA:1,find_k_factor
FNF:1
FNH:1
BRDA:41,0,jump to line 42,0
BRDA:41,0,jump to line 44,1
BRDA:49,0,jump to line 50,1
BRDA:49,0,jump to line 85,1
BRDA:50,0,jump to line 49,1
BRDA:50,0,jump to line 51,1
BRDA:51,0,jump to line 53,1
BRDA:51,0,jump to line 62,1
BRDA:62,0,jump to line 64,1
BRDA:62,0,jump to line 73,1
BRDA:73,0,jump to line 74,1
BRDA:73,0,jump to line 80,1
BRF:12
BRH:11
end_of_record
SF:algorithms/dp/knapsack.py
DA:15,1
DA:17,1
DA:18,1
DA:19,1
DA:22,1
DA:23,1
DA:24,1
DA:25,1
DA:26,1
DA:27,1
LF:10
LH:10
FN:17,19,Item.__init__
FNDA:1,Item.__init__
FN:22,27,get_maximum_value
FNDA:1,get_maximum_value
FNF:2
FNH:2
BRDA:24,0,jump to line 25,1
BRDA:24,0,jump to line 27,1
BRDA:25,0,jump to line 24,1
BRDA:25,0,jump to line 26,1
BRF:4
BRH:4
end_of_record
SF:algorithms/dp/longest_common_subsequence.py
DA:25,0
DA:31,0
DA:32,0
DA:34,0
DA:37,0
DA:38,0
DA:39,0
DA:40,0
DA:41,0
DA:42,0
DA:44,0
DA:46,0
LF:12
LH:0
FN:25,46,longest_common_subsequence
FNDA:0,longest_common_subsequence
FNF:1
FNH:0
BRDA:37,0,jump to line 38,-
BRDA:37,0,jump to line 46,-
BRDA:38,0,jump to line 37,-
BRDA:38,0,jump to line 39,-
BRDA:39,0,jump to line 40,-
BRDA:39,0,jump to line 41,-
BRDA:41,0,jump to line 42,-
BRDA:41,0,jump to line 44,-
BRF:8
BRH:0
end_of_record
SF:algorithms/dp/longest_increasing.py
DA:24,1
DA:31,1
DA:32,1
DA:33,1
DA:34,1
DA:35,1
DA:36,1
DA:37,1
DA:38,1
DA:41,1
DA:51,0
DA:52,0
DA:54,0
DA:55,0
DA:56,0
DA:57,0
DA:58,0
DA:59,0
DA:60,0
DA:62,0
DA:63,0
DA:65,0
DA:66,0
DA:67,0
DA:68,0
DA:69,0
DA:70,0
DA:71,0
DA:73,0
DA:74,0
DA:75,0
DA:76,0
DA:77,0
DA:78,0
DA:81,1
DA:89,0
DA:90,0
DA:91,0
DA:92,0
DA:93,0
DA:94,0
DA:95,0
DA:96,0
DA:97,0
DA:98,0
DA:100,0
DA:101,0
DA:103,0
DA:104,0
DA:105,0
DA:106,0
DA:107,0
DA:108,0
DA:109,0
DA:111,0
DA:112,0
DA:113,0
DA:114,0
DA:115,0
DA:116,0
DA:117,0
LF:61
LH:11
FN:24,38,longest_increasing_subsequence
FNDA:1,longest_increasing_subsequence
FN:41,78,longest_increasing_subsequence_optimized
FNDA:0,longest_increasing_subsequence_optimized
FN:54,63,longest_increasing_subsequence_optimized.update
FNDA:0,longest_increasing_subsequence_optimized.update
FN:65,72,longest_increasing_subsequence_optimized.get_max
FNDA:0,longest_increasing_subsequence_optimized.get_max
FN:81,117,longest_increasing_subsequence_optimized2
FNDA:0,longest_increasing_subsequence_optimized2
FN:92,101,longest_increasing_subsequence_optimized2.update
FNDA:0,longest_increasing_subsequence_optimized2.update
FN:103,110,longest_increasing_subsequence_optimized2.get_max
FNDA:0,longest_increasing_subsequence_optimized2.get_max
FNF:7
FNH:1
BRDA:33,0,jump to line 34,1
BRDA:33,0,jump to line 38,1
BRDA:34,0,jump to line 33,1
BRDA:34,0,jump to line 35,1
BRDA:35,0,jump to line 34,1
BRDA:35,0,jump to line 36,1
BRDA:55,0,jump to line 56,-
BRDA:55,0,jump to line 58,-
BRDA:59,0,jump to line 60,-
BRDA:59,0,jump to line 62,-
BRDA:66,0,jump to line 67,-
BRDA:66,0,jump to line 68,-
BRDA:68,0,jump to line 69,-
BRDA:68,0,jump to line 70,-
BRDA:74,0,jump to line 75,-
BRDA:74,0,jump to line 78,-
BRDA:93,0,jump to line 94,-
BRDA:93,0,jump to line 96,-
BRDA:97,0,jump to line 98,-
BRDA:97,0,jump to line 100,-
BRDA:104,0,jump to line 105,-
BRDA:104,0,jump to line 106,-
BRDA:106,0,jump to line 107,-
BRDA:106,0,jump to line 108,-
BRDA:112,0,jump to line 113,-
BRDA:112,0,jump to line 117,-
BRF:26
BRH:6
end_of_record
SF:algorithms/dp/matrix_chain_order.py
DA:7,1
DA:10,1
DA:15,0
DA:16,0
DA:17,0
DA:18,0
DA:19,0
DA:20,0
DA:22,0
DA:23,0
DA:24,0
DA:25,0
DA:26,0
DA:27,0
DA:28,0
DA:31,1
DA:38,0
DA:39,0
DA:41,0
DA:42,0
DA:43,0
DA:44,0
DA:47,1
DA:51,0
DA:52,0
DA:55,0
DA:57,0
DA:58,0
LF:28
LH:4
FN:10,28,matrix_chain_order
FNDA:0,matrix_chain_order
FN:31,44,print_optimal_solution
FNDA:0,print_optimal_solution
FN:47,58,main
FNDA:0,main
FNF:3
FNH:0
BRDA:18,0,jump to line 19,-
BRDA:18,0,jump to line 28,-
BRDA:19,0,jump to line 18,-
BRDA:19,0,jump to line 20,-
BRDA:23,0,jump to line 19,-
BRDA:23,0,jump to line 24,-
BRDA:25,0,jump to line 23,-
BRDA:25,0,jump to line 26,-
BRDA:38,0,jump to line 39,-
BRDA:38,0,jump to line 41,-
BRF:10
BRH:0
end_of_record
SF:algorithms/dp/max_product_subarray.py
DA:8,1
DA:11,1
DA:16,0
DA:17,0
DA:18,0
DA:19,0
DA:20,0
DA:21,0
DA:22,0
DA:25,1
DA:40,1
DA:42,0
DA:43,0
DA:44,0
DA:45,0
DA:46,0
DA:48,0
DA:49,0
DA:50,0
DA:51,0
DA:53,0
DA:54,0
DA:55,0
DA:57,0
DA:58,0
DA:59,0
DA:60,0
DA:62,0
DA:63,0
DA:66,0
LF:30
LH:4
FN:11,22,max_product
FNDA:0,max_product
FN:40,66,subarray_with_max_product
FNDA:0,subarray_with_max_product
FNF:2
FNH:0
BRDA:17,0,jump to line 18,-
BRDA:17,0,return from function 'max_product',-
BRDA:48,0,jump to line 49,-
BRDA:48,0,jump to line 62,-
BRDA:50,0,jump to line 51,-
BRDA:50,0,jump to line 53,-
BRDA:53,0,jump to line 54,-
BRDA:53,0,jump to line 57,-
BRDA:57,0,jump to line 48,-
BRDA:57,0,jump to line 58,-
BRDA:62,0,jump to line 63,-
BRDA:62,0,jump to line 66,-
BRF:12
BRH:0
end_of_record
SF:algorithms/dp/max_subarray.py
DA:2,1
DA:3,1
DA:4,1
DA:5,1
DA:6,1
DA:7,1
DA:9,1
DA:10,1
DA:11,1
LF:9
LH:9
FN:2,7,max_subarray
FNDA:1,max_subarray
FNF:1
FNH:1
BRDA:4,0,jump to line 5,1
BRDA:4,0,jump to line 7,1
BRF:2
BRH:2
end_of_record
SF:algorithms/dp/min_cost_path.py
DA:26,1
DA:29,1
DA:35,0
DA:37,0
DA:39,0
DA:41,0
DA:42,0
DA:43,0
DA:45,0
LF:9
LH:2
FN:29,45,min_cost
FNDA:0,min_cost
FNF:1
FNH:0
BRDA:41,0,jump to line 42,-
BRDA:41,0,jump to line 45,-
BRDA:42,0,jump to line 41,-
BRDA:42,0,jump to line 43,-
BRF:4
BRH:0
end_of_record
SF:algorithms/dp/num_decodings.py
DA:20,1
DA:25,0
DA:26,0
DA:27,0
DA:28,0
DA:29,0
DA:30,0
DA:31,0
DA:32,0
DA:33,0
DA:36,1
DA:41,0
DA:42,0
DA:43,0
DA:44,0
DA:45,0
DA:46,0
DA:48,0
DA:49,0
DA:50,0
DA:52,0
DA:55,0
DA:56,0
LF:23
LH:2
FN:20,33,num_decodings
FNDA:0,num_decodings
FN:36,56,num_decodings2
FNDA:0,num_decodings2
FNF:2
FNH:0
BRDA:25,0,jump to line 26,-
BRDA:25,0,jump to line 27,-
BRDA:28,0,jump to line 29,-
BRDA:28,0,jump to line 33,-
BRDA:41,0,jump to line 42,-
BRDA:41,0,jump to line 43,-
BRDA:44,0,jump to line 45,-
BRDA:44,0,jump to line 56,-
BRDA:45,0,jump to line 46,-
BRDA:45,0,jump to line 50,-
BRDA:46,0,jump to line 48,-
BRDA:46,0,jump to line 49,-
BRDA:50,0,jump to line 52,-
BRDA:50,0,jump to line 55,-
BRF:14
BRH:0
end_of_record
SF:algorithms/dp/planting_trees.py
DA:11,1
DA:13,1
DA:27,1
DA:29,1
DA:31,1
DA:33,1
DA:35,1
DA:36,1
DA:37,1
DA:39,1
DA:40,1
DA:42,1
DA:43,1
DA:44,1
DA:49,1
LF:15
LH:15
FN:13,49,planting_trees
FNDA:1,planting_trees
FNF:1
FNH:1
BRDA:36,0,jump to line 37,1
BRDA:36,0,jump to line 39,1
BRDA:39,0,jump to line 40,1
BRDA:39,0,jump to line 42,1
BRDA:42,0,jump to line 43,1
BRDA:42,0,jump to line 49,1
BRDA:43,0,jump to line 42,1
BRDA:43,0,jump to line 44,1
BRF:8
BRH:8
end_of_record
SF:algorithms/dp/regex_matching.py
DA:22,1
DA:29,1
DA:30,1
DA:33,1
DA:36,1
DA:37,1
DA:39,1
DA:40,1
DA:41,1
DA:44,1
DA:49,1
DA:58,1
DA:59,1
DA:61,1
LF:14
LH:14
FN:22,61,is_match
FNDA:1,is_match
FNF:1
FNH:1
BRDA:36,0,jump to line 37,1
BRDA:36,0,jump to line 39,1
BRDA:39,0,jump to line 40,1
BRDA:39,0,jump to line 61,1
BRDA:40,0,jump to line 39,1
BRDA:40,0,jump to line 41,1
BRDA:41,0,jump to line 44,1
BRDA:41,0,jump to line 49,1
BRDA:58,0,jump to line 40,1
BRDA:58,0,jump to line 59,1
BRF:10
BRH:10
end_of_record
SF:algorithms/dp/rod_cut.py
DA:4,1
DA:6,1
DA:11,1
DA:12,1
DA:16,1
DA:17,1
DA:18,1
DA:19,1
DA:20,1
DA:22,1
DA:25,1
DA:26,1
LF:12
LH:12
FN:6,22,cut_rod
FNDA:1,cut_rod
FNF:1
FNH:1
BRDA:16,0,jump to line 17,1
BRDA:16,0,jump to line 22,1
BRDA:18,0,jump to line 19,1
BRDA:18,0,jump to line 20,1
BRF:4
BRH:4
end_of_record
SF:algorithms/dp/word_break.py
DA:21,1
DA:27,0
DA:28,0
DA:29,0
DA:30,0
DA:31,0
DA:32,0
DA:33,0
DA:34,0
LF:9
LH:1
FN:21,34,word_break
FNDA:0,word_break
FNF:1
FNH:0
BRDA:29,0,jump to line 30,-
BRDA:29,0,jump to line 34,-
BRDA:30,0,jump to line 29,-
BRDA:30,0,jump to line 31,-
BRDA:31,0,jump to line 30,-
BRDA:31,0,jump to line 32,-
BRF:6
BRH:0
end_of_record
SF:algorithms/graph/__init__.py
DA:5,1
DA:6,1
DA:7,1
DA:8,1
DA:9,1
DA:10,1
DA:11,1
DA:12,1
LF:8
LH:8
end_of_record
SF:algorithms/graph/all_pairs_shortest_path.py
DA:25,1
DA:27,1
DA:33,1
DA:35,1
DA:36,1
DA:37,1
DA:38,1
DA:39,1
DA:40,1
DA:42,1
LF:10
LH:10
FN:27,42,all_pairs_shortest_path
FNDA:1,all_pairs_shortest_path
FNF:1
FNH:1
BRDA:36,0,jump to line 37,1
BRDA:36,0,jump to line 42,1
BRDA:37,0,jump to line 36,1
BRDA:37,0,jump to line 38,1
BRDA:38,0,jump to line 37,1
BRDA:38,0,jump to line 39,1
BRDA:39,0,jump to line 38,1
BRDA:39,0,jump to line 40,1
BRF:8
BRH:8
end_of_record
SF:algorithms/graph/bellman_ford.py
DA:5,1
DA:21,1
DA:22,1
DA:24,1
DA:26,1
DA:27,1
DA:28,1
DA:29,1
DA:30,1
DA:31,1
DA:33,1
DA:34,1
DA:35,1
DA:36,0
DA:38,1
DA:40,1
DA:44,1
DA:45,1
DA:46,1
DA:48,1
LF:20
LH:19
FN:5,38,bellman_ford
FNDA:1,bellman_ford
FN:40,48,initialize_single_source
FNDA:1,initialize_single_source
FNF:2
FNH:2
BRDA:26,0,jump to line 27,1
BRDA:26,0,jump to line 33,1
BRDA:27,0,jump to line 26,1
BRDA:27,0,jump to line 28,1
BRDA:28,0,jump to line 27,1
BRDA:28,0,jump to line 29,1
BRDA:29,0,jump to line 28,1
BRDA:29,0,jump to line 30,1
BRDA:33,0,jump to line 34,1
BRDA:33,0,jump to line 38,1
BRDA:34,0,jump to line 33,1
BRDA:34,0,jump to line 35,1
BRDA:35,0,jump to line 34,1
BRDA:35,0,jump to line 36,0
BRDA:44,0,jump to line 45,1
BRDA:44,0,jump to line 48,1
BRF:16
BRH:15
end_of_record
SF:algorithms/graph/check_bipartite.py
DA:6,1
DA:14,1
DA:18,1
DA:19,1
DA:21,1
DA:23,1
DA:24,1
DA:27,1
DA:28,0
DA:30,1
DA:31,1
DA:32,1
DA:33,1
DA:35,1
DA:37,1
DA:38,1
DA:40,1
LF:17
LH:16
FN:6,40,check_bipartite
FNDA:1,check_bipartite
FNF:1
FNH:1
BRDA:23,0,jump to line 24,1
BRDA:23,0,jump to line 40,1
BRDA:27,0,jump to line 28,0
BRDA:27,0,jump to line 30,1
BRDA:30,0,jump to line 23,1
BRDA:30,0,jump to line 31,1
BRDA:31,0,jump to line 30,1
BRDA:31,0,jump to line 32,1
BRDA:32,0,jump to line 33,1
BRDA:32,0,jump to line 35,1
BRDA:35,0,jump to line 30,1
BRDA:35,0,jump to line 37,1
BRF:12
BRH:11
end_of_record
SF:algorithms/graph/check_digraph_strongly_connected.py
DA:8,1
DA:10,1
DA:15,1
DA:20,1
DA:21,1
DA:23,1
DA:27,1
DA:29,1
DA:33,1
DA:34,1
DA:35,1
DA:36,1
DA:37,1
DA:39,1
DA:43,1
DA:44,1
DA:45,1
DA:46,1
DA:48,1
DA:52,1
DA:53,1
DA:54,1
DA:57,1
DA:58,1
DA:61,1
DA:65,1
DA:66,1
DA:67,1
DA:68,1
DA:69,1
LF:30
LH:30
FN:15,21,Graph.__init__
FNDA:1,Graph.__init__
FN:23,27,Graph.add_edge
FNDA:1,Graph.add_edge
FN:29,37,Graph.dfs
FNDA:1,Graph.dfs
FN:39,46,Graph.dfs_util
FNDA:1,Graph.dfs_util
FN:48,58,Graph.reverse_graph
FNDA:1,Graph.reverse_graph
FN:61,69,Graph.is_strongly_connected
FNDA:1,Graph.is_strongly_connected
FNF:6
FNH:6
BRDA:35,0,jump to line 36,1
BRDA:35,0,jump to line 37,1
BRDA:44,0,jump to line 45,1
BRDA:44,0,return from function 'dfs_util',1
BRDA:45,0,jump to line 44,1
BRDA:45,0,jump to line 46,1
BRDA:53,0,jump to line 54,1
BRDA:53,0,jump to line 58,1
BRDA:54,0,jump to line 53,1
BRDA:54,0,jump to line 57,1
BRDA:65,0,jump to line 66,1
BRDA:65,0,jump to line 69,0
BRDA:67,0,jump to line 68,1
BRDA:67,0,jump to line 69,1
BRF:14
BRH:13
end_of_record
SF:algorithms/graph/clone_graph.py
DA:29,0
DA:32,0
DA:38,0
DA:39,0
DA:40,0
DA:42,0
DA:46,0
DA:48,0
DA:52,0
DA:55,0
DA:59,0
DA:60,0
DA:61,0
DA:62,0
DA:63,0
DA:64,0
DA:65,0
DA:66,0
DA:67,0
DA:68,0
DA:69,0
DA:70,0
DA:71,0
DA:73,0
DA:74,0
DA:77,0
DA:81,0
DA:82,0
DA:83,0
DA:84,0
DA:85,0
DA:86,0
DA:87,0
DA:88,0
DA:89,0
DA:90,0
DA:91,0
DA:92,0
DA:93,0
DA:95,0
DA:96,0
DA:99,0
DA:103,0
DA:104,0
DA:105,0
DA:106,0
DA:107,0
DA:108,0
DA:111,0
DA:116,0
DA:117,0
DA:118,0
DA:119,0
DA:120,0
DA:121,0
DA:123,0
LF:56
LH:0
FN:38,40,UndirectedGraphNode.__init__
FNDA:0,UndirectedGraphNode.__init__
FN:42,46,UndirectedGraphNode.shallow_copy
FNDA:0,UndirectedGraphNode.shallow_copy
FN:48,52,UndirectedGraphNode.add_neighbor
FNDA:0,UndirectedGraphNode.add_neighbor
FN:55,74,clone_graph1
FNDA:0,clone_graph1
FN:77,96,clone_graph2
FNDA:0,clone_graph2
FN:99,108,clone_graph
FNDA:0,clone_graph
FN:111,123,dfs
FNDA:0,dfs
FNF:7
FNH:0
BRDA:59,0,jump to line 60,-
BRDA:59,0,jump to line 61,-
BRDA:64,0,jump to line 65,-
BRDA:64,0,jump to line 74,-
BRDA:66,0,jump to line 64,-
BRDA:66,0,jump to line 67,-
BRDA:67,0,jump to line 68,-
BRDA:67,0,jump to line 73,-
BRDA:81,0,jump to line 82,-
BRDA:81,0,jump to line 83,-
BRDA:86,0,jump to line 87,-
BRDA:86,0,jump to line 96,-
BRDA:88,0,jump to line 86,-
BRDA:88,0,jump to line 89,-
BRDA:89,0,jump to line 90,-
BRDA:89,0,jump to line 95,-
BRDA:103,0,jump to line 104,-
BRDA:103,0,jump to line 105,-
BRDA:116,0,jump to line 117,-
BRDA:116,0,return from function 'dfs',-
BRDA:117,0,jump to line 118,-
BRDA:117,0,jump to line 123,-
BRF:22
BRH:0
end_of_record
SF:algorithms/graph/count_connected_number_of_component.py
DA:22,1
DA:25,1
DA:26,1
DA:27,1
DA:28,1
DA:30,1
DA:36,1
DA:37,1
DA:38,1
DA:39,1
DA:40,1
DA:41,1
DA:42,1
DA:44,1
DA:48,0
DA:49,0
DA:50,0
DA:51,0
DA:52,0
DA:53,0
DA:54,0
DA:55,0
LF:22
LH:14
FN:22,28,dfs
FNDA:1,dfs
FN:30,42,count_components
FNDA:1,count_components
FN:44,55,main
FNDA:0,main
FNF:3
FNH:2
BRDA:26,0,jump to line 27,1
BRDA:26,0,return from function 'dfs',1
BRDA:27,0,jump to line 26,1
BRDA:27,0,jump to line 28,1
BRDA:38,0,jump to line 39,1
BRDA:38,0,jump to line 42,1
BRDA:39,0,jump to line 38,1
BRDA:39,0,jump to line 40,1
BRDA:50,0,jump to line 51,-
BRDA:50,0,jump to line 55,-
BRF:10
BRH:8
end_of_record
SF:algorithms/graph/cycle_detection.py
DA:8,1
DA:11,1
DA:18,1
DA:19,1
DA:20,1
DA:22,1
DA:28,1
DA:29,1
DA:30,1
DA:31,1
DA:32,1
DA:33,1
DA:34,1
DA:35,1
DA:38,1
DA:50,1
DA:51,1
DA:52,1
DA:54,1
DA:55,1
LF:20
LH:20
FN:22,35,is_in_cycle
FNDA:1,is_in_cycle
FN:38,55,contains_cycle
FNDA:1,contains_cycle
FNF:2
FNH:2
BRDA:28,0,jump to line 29,1
BRDA:28,0,jump to line 30,1
BRDA:31,0,jump to line 32,1
BRDA:31,0,jump to line 34,1
BRDA:32,0,jump to line 31,1
BRDA:32,0,jump to line 33,1
BRDA:51,0,jump to line 52,1
BRDA:51,0,jump to line 55,1
BRDA:52,0,jump to line 51,1
BRDA:52,0,jump to line 54,1
BRF:10
BRH:10
end_of_record
SF:algorithms/graph/dijkstra.py
DA:5,1
DA:10,1
DA:11,1
DA:12,1
DA:14,1
DA:18,1
DA:19,1
DA:20,1
DA:21,1
DA:22,1
DA:23,1
DA:24,1
DA:25,1
DA:27,1
DA:31,1
DA:32,1
DA:33,1
DA:35,1
DA:37,1
DA:40,1
DA:43,1
DA:44,1
DA:45,1
DA:46,1
DA:47,1
DA:49,1
LF:26
LH:26
FN:10,12,Dijkstra.__init__
FNDA:1,Dijkstra.__init__
FN:14,25,Dijkstra.min_distance
FNDA:1,Dijkstra.min_distance
FN:27,49,Dijkstra.dijkstra
FNDA:1,Dijkstra.dijkstra
FNF:3
FNH:3
BRDA:19,0,jump to line 20,1
BRDA:19,0,jump to line 25,1
BRDA:20,0,jump to line 21,1
BRDA:20,0,jump to line 22,1
BRDA:22,0,jump to line 19,1
BRDA:22,0,jump to line 23,1
BRDA:35,0,jump to line 37,1
BRDA:35,0,jump to line 49,1
BRDA:43,0,jump to line 35,1
BRDA:43,0,jump to line 44,1
BRDA:44,0,jump to line 45,1
BRDA:44,0,jump to line 46,1
BRDA:46,0,jump to line 43,1
BRDA:46,0,jump to line 47,1
BRF:14
BRH:14
end_of_record
SF:algorithms/graph/find_all_cliques.py
DA:7,0
DA:17,0
DA:19,0
DA:21,0
DA:23,0
DA:24,0
DA:25,0
DA:26,0
DA:27,0
DA:28,0
DA:29,0
DA:31,0
DA:32,0
DA:33,0
DA:34,0
DA:35,0
DA:36,0
DA:38,0
DA:39,0
DA:40,0
DA:41,0
DA:42,0
LF:22
LH:0
FN:7,42,find_all_cliques
FNDA:0,find_all_cliques
FN:17,29,find_all_cliques.expand_clique
FNDA:0,find_all_cliques.expand_clique
FN:31,36,find_all_cliques.get_connected
FNDA:0,find_all_cliques.get_connected
FNF:3
FNH:0
BRDA:19,0,jump to line 21,-
BRDA:19,0,jump to line 23,-
BRDA:23,0,jump to line 24,-
BRDA:23,0,return from function 'expand_clique',-
BRDA:33,0,jump to line 34,-
BRDA:33,0,jump to line 36,-
BRDA:34,0,jump to line 33,-
BRDA:34,0,jump to line 35,-
BRF:8
BRH:0
end_of_record
SF:algorithms/graph/find_path.py
DA:6,1
DA:10,0
DA:11,0
DA:12,0
DA:13,0
DA:14,0
DA:15,0
DA:16,0
DA:17,0
DA:18,0
DA:19,0
DA:22,1
DA:26,1
DA:27,1
DA:28,1
DA:29,1
DA:30,0
DA:31,1
DA:32,1
DA:33,1
DA:34,1
DA:35,1
DA:36,1
DA:37,1
DA:39,1
DA:43,0
DA:44,0
DA:45,0
DA:46,0
DA:47,0
DA:48,0
DA:49,0
DA:50,0
DA:51,0
DA:52,0
DA:53,0
DA:54,0
DA:55,0
LF:38
LH:14
FN:6,19,find_path
FNDA:0,find_path
FN:22,37,find_all_path
FNDA:1,find_all_path
FN:39,55,find_shortest_path
FNDA:0,find_shortest_path
FNF:3
FNH:1
BRDA:11,0,jump to line 12,-
BRDA:11,0,jump to line 13,-
BRDA:13,0,jump to line 14,-
BRDA:13,0,jump to line 15,-
BRDA:15,0,jump to line 16,-
BRDA:15,0,jump to line 19,-
BRDA:16,0,jump to line 15,-
BRDA:16,0,jump to line 17,-
BRDA:27,0,jump to line 28,1
BRDA:27,0,jump to line 29,1
BRDA:29,0,jump to line 30,0
BRDA:29,0,jump to line 31,1
BRDA:32,0,jump to line 33,1
BRDA:32,0,jump to line 37,1
BRDA:33,0,jump to line 32,1
BRDA:33,0,jump to line 34,1
BRDA:35,0,jump to line 32,1
BRDA:35,0,jump to line 36,1
BRDA:44,0,jump to line 45,-
BRDA:44,0,jump to line 46,-
BRDA:46,0,jump to line 47,-
BRDA:46,0,jump to line 48,-
BRDA:49,0,jump to line 50,-
BRDA:49,0,jump to line 55,-
BRDA:50,0,jump to line 49,-
BRDA:50,0,jump to line 51,-
BRDA:52,0,jump to line 49,-
BRDA:52,0,jump to line 53,-
BRDA:53,0,jump to line 49,-
BRDA:53,0,jump to line 54,-
BRF:30
BRH:9
end_of_record
SF:algorithms/graph/graph.py
DA:6,1
DA:11,1
DA:12,1
DA:14,1
DA:15,1
DA:19,1
DA:20,1
DA:21,1
DA:22,1
DA:23,0
DA:25,1
DA:26,1
DA:28,1
DA:29,0
DA:31,1
DA:32,1
DA:34,1
DA:35,0
DA:37,1
DA:38,1
DA:40,1
DA:41,0
DA:43,1
DA:44,0
DA:46,1
DA:47,0
DA:49,1
DA:50,0
DA:52,1
DA:58,1
DA:59,1
DA:60,1
DA:62,1
DA:63,0
DA:64,0
DA:65,0
DA:67,1
DA:68,0
DA:70,1
DA:77,1
DA:78,1
DA:79,1
DA:80,1
DA:82,1
DA:83,1
DA:84,1
DA:85,1
DA:86,1
DA:87,1
DA:88,1
DA:89,1
DA:91,1
DA:95,1
DA:96,1
DA:97,1
DA:98,1
DA:99,1
DA:100,1
DA:102,1
DA:106,1
DA:107,1
DA:108,1
DA:109,1
DA:110,0
DA:111,0
LF:65
LH:52
FN:11,12,Node.__init__
FNDA:1,Node.__init__
FN:15,23,Node.get_name
FNDA:1,Node.get_name
FN:25,26,Node.__eq__
FNDA:1,Node.__eq__
FN:28,29,Node.__repr__
FNDA:0,Node.__repr__
FN:31,32,Node.__hash__
FNDA:1,Node.__hash__
FN:34,35,Node.__ne__
FNDA:0,Node.__ne__
FN:37,38,Node.__lt__
FNDA:1,Node.__lt__
FN:40,41,Node.__le__
FNDA:0,Node.__le__
FN:43,44,Node.__gt__
FNDA:0,Node.__gt__
FN:46,47,Node.__ge__
FNDA:0,Node.__ge__
FN:49,50,Node.__bool__
FNDA:0,Node.__bool__
FN:58,60,DirectedEdge.__init__
FNDA:1,DirectedEdge.__init__
FN:62,65,DirectedEdge.__eq__
FNDA:0,DirectedEdge.__eq__
FN:67,68,DirectedEdge.__repr__
FNDA:0,DirectedEdge.__repr__
FN:77,89,DirectedGraph.__init__
FNDA:1,DirectedGraph.__init__
FN:91,100,DirectedGraph.add_node
FNDA:1,DirectedGraph.add_node
FN:102,111,DirectedGraph.add_edge
FNDA:1,DirectedGraph.add_edge
FNF:17
FNH:9
BRDA:19,0,jump to line 20,1
BRDA:19,0,jump to line 21,1
BRDA:21,0,jump to line 22,1
BRDA:21,0,jump to line 23,0
BRDA:63,0,jump to line 64,-
BRDA:63,0,jump to line 65,-
BRDA:82,0,jump to line 83,1
BRDA:82,0,return from function '__init__',0
BRDA:83,0,jump to line 84,1
BRDA:83,0,return from function '__init__',1
BRDA:86,0,jump to line 83,1
BRDA:86,0,jump to line 87,1
BRF:12
BRH:8
end_of_record
SF:algorithms/graph/markov_chain.py
DA:12,0
DA:14,0
DA:18,0
DA:19,0
DA:20,0
DA:21,0
DA:22,0
DA:23,0
DA:24,0
DA:26,0
DA:30,0
DA:31,0
DA:33,0
DA:37,0
DA:38,0
DA:39,0
LF:16
LH:0
FN:14,24,__choose_state
FNDA:0,__choose_state
FN:26,31,next_state
FNDA:0,next_state
FN:33,39,iterating_markov_chain
FNDA:0,iterating_markov_chain
FNF:3
FNH:0
BRDA:20,0,jump to line 21,-
BRDA:20,0,jump to line 24,-
BRDA:22,0,jump to line 20,-
BRDA:22,0,jump to line 23,-
BRF:4
BRH:0
end_of_record
SF:algorithms/graph/maximum_flow.py
DA:11,1
DA:14,1
DA:20,1
DA:21,1
DA:22,1
DA:23,1
DA:24,1
DA:25,1
DA:26,1
DA:27,1
DA:28,1
DA:29,1
DA:30,1
DA:31,1
DA:33,1
DA:39,1
DA:40,1
DA:41,1
DA:42,1
DA:43,1
DA:44,1
DA:45,1
DA:46,1
DA:48,1
DA:49,1
DA:51,1
DA:57,1
DA:58,1
DA:59,1
DA:60,1
DA:61,1
DA:62,1
DA:63,1
DA:64,1
DA:65,1
DA:66,1
DA:68,1
DA:69,1
DA:70,1
DA:71,1
DA:72,1
DA:73,1
DA:74,1
DA:75,1
DA:76,1
DA:77,1
DA:78,1
DA:79,1
DA:80,1
DA:81,1
DA:82,1
DA:83,1
DA:85,1
DA:86,1
DA:87,1
DA:88,1
DA:89,1
DA:90,1
DA:92,1
DA:97,0
DA:98,0
DA:99,0
DA:100,0
DA:101,0
DA:102,0
DA:103,0
DA:104,0
DA:105,0
DA:106,0
DA:107,0
DA:109,1
DA:114,0
DA:115,0
DA:116,0
DA:117,0
DA:118,0
DA:119,0
DA:120,0
DA:121,0
DA:122,0
DA:123,0
DA:124,0
DA:125,0
DA:126,0
DA:127,0
DA:129,1
DA:135,0
DA:136,0
DA:137,0
DA:138,0
DA:139,0
DA:140,0
DA:141,0
DA:142,0
DA:143,0
DA:144,0
DA:145,0
DA:146,0
DA:148,0
DA:149,0
LF:100
LH:61
FN:14,31,dfs
FNDA:1,dfs
FN:33,49,ford_fulkerson
FNDA:1,ford_fulkerson
FN:51,90,edmonds_karp
FNDA:1,edmonds_karp
FN:92,107,dinic_bfs
FNDA:0,dinic_bfs
FN:109,127,dinic_dfs
FNDA:0,dinic_dfs
FN:129,149,dinic
FNDA:0,dinic
FNF:6
FNH:3
BRDA:20,0,jump to line 21,1
BRDA:20,0,jump to line 22,1
BRDA:23,0,jump to line 24,1
BRDA:23,0,jump to line 31,1
BRDA:24,0,jump to line 23,1
BRDA:24,0,jump to line 25,1
BRDA:27,0,jump to line 23,1
BRDA:27,0,jump to line 28,1
BRDA:45,0,jump to line 46,1
BRDA:45,0,jump to line 48,1
BRDA:68,0,jump to line 69,1
BRDA:68,0,jump to line 79,1
BRDA:71,0,jump to line 72,1
BRDA:71,0,jump to line 74,1
BRDA:74,0,jump to line 68,1
BRDA:74,0,jump to line 75,1
BRDA:75,0,jump to line 74,1
BRDA:75,0,jump to line 76,1
BRDA:79,0,jump to line 80,1
BRDA:79,0,jump to line 81,1
BRDA:85,0,jump to line 60,1
BRDA:85,0,jump to line 86,1
BRDA:101,0,jump to line 102,-
BRDA:101,0,jump to line 107,-
BRDA:103,0,jump to line 101,-
BRDA:103,0,jump to line 104,-
BRDA:104,0,jump to line 103,-
BRDA:104,0,jump to line 105,-
BRDA:114,0,jump to line 115,-
BRDA:114,0,jump to line 116,-
BRDA:117,0,jump to line 118,-
BRDA:117,0,jump to line 127,-
BRDA:119,0,jump to line 120,-
BRDA:119,0,jump to line 126,-
BRDA:122,0,jump to line 123,-
BRDA:122,0,jump to line 126,-
BRDA:141,0,jump to line 142,-
BRDA:141,0,jump to line 143,-
BRDA:145,0,jump to line 146,-
BRDA:145,0,jump to line 148,-
BRF:40
BRH:22
end_of_record
SF:algorithms/graph/maximum_flow_bfs.py
DA:24,1
DA:25,1
DA:26,1
DA:28,1
DA:33,1
DA:34,1
DA:36,1
DA:38,1
DA:40,1
DA:42,1
DA:45,1
DA:48,1
DA:49,1
DA:52,1
DA:54,1
DA:55,1
DA:57,1
DA:59,1
DA:60,1
DA:61,1
DA:64,1
DA:65,1
DA:68,1
DA:71,1
DA:73,1
DA:74,1
DA:75,1
DA:78,1
DA:81,1
DA:82,1
DA:83,1
DA:85,1
DA:87,1
LF:33
LH:33
FN:28,87,maximum_flow_bfs
FNDA:1,maximum_flow_bfs
FNF:1
FNH:1
BRDA:52,0,jump to line 54,1
BRDA:52,0,jump to line 64,1
BRDA:55,0,jump to line 52,1
BRDA:55,0,jump to line 57,1
BRDA:57,0,jump to line 55,1
BRDA:57,0,jump to line 59,1
BRDA:64,0,jump to line 65,1
BRDA:64,0,jump to line 68,1
BRDA:71,0,jump to line 73,1
BRDA:71,0,jump to line 78,1
BRDA:73,0,jump to line 74,1
BRDA:73,0,jump to line 75,1
BRDA:81,0,jump to line 82,1
BRDA:81,0,jump to line 85,1
BRF:14
BRH:14
end_of_record
SF:algorithms/graph/maximum_flow_dfs.py
DA:24,1
DA:25,1
DA:27,1
DA:33,1
DA:34,1
DA:36,1
DA:38,1
DA:40,1
DA:42,1
DA:45,1
DA:48,1
DA:49,1
DA:52,1
DA:54,1
DA:55,1
DA:57,1
DA:59,1
DA:60,1
DA:61,1
DA:64,1
DA:65,1
DA:68,1
DA:71,1
DA:73,1
DA:74,1
DA:75,1
DA:78,1
DA:81,1
DA:82,1
DA:83,1
DA:85,1
DA:87,1
LF:32
LH:32
FN:27,87,maximum_flow_dfs
FNDA:1,maximum_flow_dfs
FNF:1
FNH:1
BRDA:52,0,jump to line 54,1
BRDA:52,0,jump to line 64,1
BRDA:55,0,jump to line 52,1
BRDA:55,0,jump to line 57,1
BRDA:57,0,jump to line 55,1
BRDA:57,0,jump to line 59,1
BRDA:64,0,jump to line 65,1
BRDA:64,0,jump to line 68,1
BRDA:71,0,jump to line 73,1
BRDA:71,0,jump to line 78,1
BRDA:73,0,jump to line 74,1
BRDA:73,0,jump to line 75,1
BRDA:81,0,jump to line 82,1
BRDA:81,0,jump to line 85,1
BRF:14
BRH:14
end_of_record
SF:algorithms/graph/minimum_spanning_tree.py
DA:5,0
DA:8,0
DA:13,0
DA:14,0
DA:15,0
DA:16,0
DA:19,0
DA:26,0
DA:32,0
DA:33,0
DA:34,0
DA:35,0
DA:37,0
DA:45,0
DA:46,0
DA:49,0
DA:50,0
DA:51,0
DA:53,0
DA:54,0
DA:56,0
DA:60,0
DA:64,0
DA:67,0
DA:70,0
DA:90,0
DA:92,0
DA:94,0
DA:95,0
DA:96,0
DA:97,0
DA:98,0
DA:99,0
DA:100,0
DA:103,0
DA:105,0
DA:108,0
DA:135,0
DA:136,0
DA:137,0
DA:138,0
DA:141,0
DA:142,0
DA:143,0
DA:144,0
DA:145,0
DA:148,0
LF:47
LH:0
FN:13,16,Edge.__init__
FNDA:0,Edge.__init__
FN:26,35,DisjointSet.__init__
FNDA:0,DisjointSet.__init__
FN:37,54,DisjointSet.merge_set
FNDA:0,DisjointSet.merge_set
FN:56,67,DisjointSet.find_set
FNDA:0,DisjointSet.find_set
FN:70,105,kruskal
FNDA:0,kruskal
FN:108,148,main
FNDA:0,main
FNF:6
FNH:0
BRDA:34,0,jump to line 35,-
BRDA:34,0,return from function '__init__',-
BRDA:49,0,jump to line 50,-
BRDA:49,0,jump to line 53,-
BRDA:60,0,jump to line 64,-
BRDA:60,0,jump to line 67,-
BRDA:94,0,jump to line 95,-
BRDA:94,0,jump to line 105,-
BRDA:97,0,jump to line 94,-
BRDA:97,0,jump to line 98,-
BRDA:100,0,jump to line 94,-
BRDA:100,0,jump to line 103,-
BRDA:135,0,jump to line 136,-
BRDA:135,0,return from function 'main',-
BRDA:141,0,jump to line 142,-
BRDA:141,0,jump to line 148,-
BRF:16
BRH:0
end_of_record
SF:algorithms/graph/path_between_two_vertices_in_digraph.py
DA:5,1
DA:8,1
DA:13,1
DA:14,1
DA:15,1
DA:16,1
DA:18,1
DA:22,1
DA:24,1
DA:28,1
DA:29,1
DA:31,1
DA:37,1
DA:38,1
DA:39,1
DA:40,1
DA:41,1
DA:42,1
DA:43,1
DA:45,1
DA:49,1
DA:50,1
DA:51,1
LF:23
LH:23
FN:13,16,Graph.__init__
FNDA:1,Graph.__init__
FN:18,22,Graph.add_edge
FNDA:1,Graph.add_edge
FN:24,29,Graph.dfs
FNDA:1,Graph.dfs
FN:31,43,Graph.dfsutil
FNDA:1,Graph.dfsutil
FN:45,51,Graph.is_reachable
FNDA:1,Graph.is_reachable
FNF:5
FNH:5
BRDA:38,0,jump to line 39,1
BRDA:38,0,return from function 'dfsutil',1
BRDA:39,0,jump to line 40,1
BRDA:39,0,jump to line 42,1
BRDA:42,0,jump to line 38,1
BRDA:42,0,jump to line 43,1
BRF:6
BRH:6
end_of_record
SF:algorithms/graph/prims_minimum_spanning.py
DA:18,1
DA:20,1
DA:24,1
DA:25,1
DA:26,1
DA:27,1
DA:29,1
DA:30,1
DA:31,1
DA:32,1
DA:34,1
DA:35,1
DA:36,1
DA:38,1
DA:39,1
DA:40,1
DA:42,1
LF:17
LH:17
FN:20,42,prims_minimum_spanning
FNDA:1,prims_minimum_spanning
FNF:1
FNH:1
BRDA:29,0,jump to line 30,1
BRDA:29,0,jump to line 42,1
BRDA:31,0,jump to line 32,1
BRDA:31,0,jump to line 34,1
BRDA:38,0,jump to line 29,1
BRDA:38,0,jump to line 39,1
BRDA:39,0,jump to line 38,1
BRDA:39,0,jump to line 40,1
BRF:8
BRH:8
end_of_record
SF:algorithms/graph/satisfiability.py
DA:16,0
DA:21,0
DA:23,0
DA:24,0
DA:25,0
DA:27,0
DA:30,0
DA:35,0
DA:36,0
DA:38,0
DA:39,0
DA:40,0
DA:43,0
DA:47,0
DA:48,0
DA:50,0
DA:53,0
DA:55,0
DA:56,0
DA:58,0
DA:60,0
DA:61,0
DA:62,0
DA:64,0
DA:65,0
DA:66,0
DA:68,0
DA:69,0
DA:71,0
DA:72,0
DA:73,0
DA:75,0
DA:76,0
DA:78,0
DA:81,0
DA:83,0
DA:85,0
DA:86,0
DA:87,0
DA:88,0
DA:90,0
DA:91,0
DA:92,0
DA:94,0
DA:97,0
DA:101,0
DA:102,0
DA:104,0
DA:105,0
DA:106,0
DA:108,0
DA:110,0
DA:111,0
DA:112,0
DA:114,0
DA:115,0
DA:117,0
DA:118,0
DA:119,0
DA:121,0
DA:122,0
DA:124,0
DA:126,0
DA:129,0
DA:133,0
DA:139,0
DA:141,0
DA:142,0
LF:68
LH:0
FN:16,27,dfs_transposed
FNDA:0,dfs_transposed
FN:30,40,dfs
FNDA:0,dfs
FN:43,50,add_edge
FNDA:0,add_edge
FN:53,78,scc
FNDA:0,scc
FN:81,94,build_graph
FNDA:0,build_graph
FN:97,126,solve_sat
FNDA:0,solve_sat
FN:129,142,main
FNDA:0,main
FNF:7
FNH:0
BRDA:23,0,jump to line 24,-
BRDA:23,0,jump to line 27,-
BRDA:24,0,jump to line 23,-
BRDA:24,0,jump to line 25,-
BRDA:38,0,jump to line 39,-
BRDA:38,0,return from function 'dfs',-
BRDA:39,0,jump to line 38,-
BRDA:39,0,jump to line 40,-
BRDA:47,0,jump to line 48,-
[...]
FNDA:1,Node.__init__
FN:29,30,Node.__repr__
FNDA:0,Node.__repr__
FN:33,35,Node.is_leaf
FNDA:1,Node.is_leaf
FN:41,45,BTree.__init__
FNDA:1,BTree.__init__
FN:47,61,BTree._split_child
FNDA:1,BTree._split_child
FN:63,72,BTree.insert_key
FNDA:1,BTree.insert_key
FN:74,89,BTree._insert_to_nonfull_node
FNDA:1,BTree._insert_to_nonfull_node
FN:91,102,BTree.find
FNDA:1,BTree.find
FN:104,105,BTree.remove_key
FNDA:1,BTree.remove_key
FN:107,131,BTree._remove_key
FNDA:1,BTree._remove_key
FN:133,155,BTree._repair_tree
FNDA:1,BTree._repair_tree
FN:157,171,BTree._rotate_left
FNDA:1,BTree._rotate_left
FN:173,188,BTree._rotate_right
FNDA:1,BTree._rotate_right
FN:190,201,BTree._merge
FNDA:1,BTree._merge
FN:203,216,BTree._remove_from_nonleaf_node
FNDA:1,BTree._remove_from_nonleaf_node
FN:218,227,BTree._find_largest_and_delete_in_left_subtree
FNDA:1,BTree._find_largest_and_delete_in_left_subtree
FN:229,238,BTree._find_largest_and_delete_in_right_subtree
FNDA:0,BTree._find_largest_and_delete_in_right_subtree
FN:240,242,BTree.traverse_tree
FNDA:0,BTree.traverse_tree
FN:244,251,BTree._traverse_tree
FNDA:0,BTree._traverse_tree
FNF:19
FNH:15
BRDA:56,0,jump to line 57,1
BRDA:56,0,jump to line 60,1
BRDA:65,0,jump to line 66,1
BRDA:65,0,jump to line 72,1
BRDA:76,0,jump to line 77,1
BRDA:76,0,jump to line 79,1
BRDA:79,0,jump to line 80,1
BRDA:79,0,jump to line 83,1
BRDA:83,0,jump to line 84,1
BRDA:83,0,jump to line 89,1
BRDA:86,0,jump to line 87,1
BRDA:86,0,jump to line 89,1
BRDA:96,0,jump to line 97,1
BRDA:96,0,jump to line 98,1
BRDA:98,0,jump to line 99,1
BRDA:98,0,jump to line 100,1
BRDA:100,0,jump to line 101,1
BRDA:100,0,jump to line 102,1
BRDA:110,0,jump to line 111,1
BRDA:110,0,jump to line 113,1
BRDA:117,0,jump to line 118,0
BRDA:117,0,jump to line 121,1
BRDA:124,0,jump to line 125,1
BRDA:124,0,jump to line 127,1
BRDA:128,0,jump to line 129,1
BRDA:128,0,jump to line 131,1
BRDA:136,0,jump to line 137,1
BRDA:136,0,jump to line 139,1
BRDA:139,0,jump to line 140,1
BRDA:139,0,jump to line 143,1
BRDA:143,0,jump to line 145,1
BRDA:143,0,jump to line 148,1
BRDA:148,0,jump to line 150,1
BRDA:148,0,jump to line 153,1
BRDA:166,0,jump to line 167,1
BRDA:166,0,return from function '_rotate_left',1
BRDA:182,0,jump to line 183,1
BRDA:182,0,return from function '_rotate_right',1
BRDA:197,0,jump to line 198,1
BRDA:197,0,jump to line 200,1
BRDA:200,0,jump to line 201,1
BRDA:200,0,return from function '_merge',1
BRDA:206,0,jump to line 207,1
BRDA:206,0,jump to line 209,1
BRDA:209,0,jump to line 210,0
BRDA:209,0,jump to line 213,1
BRDA:219,0,jump to line 220,1
BRDA:219,0,jump to line 222,1
BRDA:230,0,jump to line 231,-
BRDA:230,0,jump to line 233,-
BRDA:245,0,jump to line 246,-
BRDA:245,0,jump to line 248,-
BRDA:248,0,jump to line 249,-
BRDA:248,0,jump to line 251,-
BRF:54
BRH:46
end_of_record
SF:algorithms/tree/bin_tree_to_list.py
DA:1,0
DA:4,0
DA:8,0
DA:9,0
DA:10,0
DA:11,0
DA:12,0
DA:13,0
DA:16,0
DA:17,0
DA:18,0
DA:19,0
DA:20,0
DA:21,0
DA:22,0
DA:23,0
DA:24,0
DA:25,0
DA:26,0
DA:27,0
DA:28,0
DA:29,0
DA:30,0
DA:31,0
DA:34,0
DA:35,0
DA:36,0
DA:37,0
LF:28
LH:0
FN:4,13,bin_tree_to_list
FNDA:0,bin_tree_to_list
FN:16,31,bin_tree_to_list_util
FNDA:0,bin_tree_to_list_util
FN:34,37,print_tree
FNDA:0,print_tree
FNF:3
FNH:0
BRDA:8,0,jump to line 9,-
BRDA:8,0,jump to line 10,-
BRDA:11,0,jump to line 12,-
BRDA:11,0,jump to line 13,-
BRDA:17,0,jump to line 18,-
BRDA:17,0,jump to line 19,-
BRDA:19,0,jump to line 20,-
BRDA:19,0,jump to line 25,-
BRDA:21,0,jump to line 22,-
BRDA:21,0,jump to line 23,-
BRDA:25,0,jump to line 26,-
BRDA:25,0,jump to line 31,-
BRDA:27,0,jump to line 28,-
BRDA:27,0,jump to line 29,-
BRDA:35,0,jump to line 36,-
BRDA:35,0,return from function 'print_tree',-
BRF:16
BRH:0
end_of_record
SF:algorithms/tree/binary_tree_paths.py
DA:1,0
DA:2,0
DA:3,0
DA:4,0
DA:5,0
DA:6,0
DA:9,0
DA:10,0
DA:11,0
DA:12,0
DA:13,0
DA:14,0
DA:15,0
LF:13
LH:0
FN:1,6,binary_tree_paths
FNDA:0,binary_tree_paths
FN:9,15,dfs
FNDA:0,dfs
FNF:2
FNH:0
BRDA:3,0,jump to line 4,-
BRDA:3,0,jump to line 5,-
BRDA:10,0,jump to line 11,-
BRDA:10,0,jump to line 12,-
BRDA:12,0,jump to line 13,-
BRDA:12,0,jump to line 14,-
BRDA:14,0,jump to line 15,-
BRDA:14,0,return from function 'dfs',-
BRF:8
BRH:0
end_of_record
SF:algorithms/tree/construct_tree_postorder_preorder.py
DA:24,1
DA:26,1
DA:27,1
DA:28,1
DA:29,1
DA:31,1
DA:33,1
DA:45,1
DA:46,0
DA:50,1
DA:51,0
DA:53,1
DA:54,1
DA:57,1
DA:58,1
DA:61,1
DA:62,1
DA:63,1
DA:64,1
DA:66,1
DA:70,1
DA:71,1
DA:72,1
DA:74,1
DA:77,1
DA:84,1
DA:86,1
DA:90,1
DA:94,1
DA:95,1
DA:96,1
DA:97,1
DA:99,1
DA:100,1
DA:101,1
DA:102,1
LF:36
LH:34
FN:26,29,TreeNode.__init__
FNDA:1,TreeNode.__init__
FN:33,74,construct_tree_util
FNDA:1,construct_tree_util
FN:77,86,construct_tree
FNDA:1,construct_tree
FN:90,102,print_inorder
FNDA:1,print_inorder
FNF:4
FNH:4
BRDA:45,0,jump to line 46,0
BRDA:45,0,jump to line 50,1
BRDA:50,0,jump to line 51,0
BRDA:50,0,jump to line 53,1
BRDA:57,0,jump to line 58,1
BRDA:57,0,jump to line 61,1
BRDA:62,0,jump to line 63,1
BRDA:62,0,jump to line 70,1
BRDA:63,0,jump to line 64,1
BRDA:63,0,jump to line 66,1
BRDA:70,0,jump to line 71,1
BRDA:70,0,jump to line 74,1
BRDA:94,0,jump to line 95,1
BRDA:94,0,jump to line 96,1
BRDA:96,0,jump to line 97,1
BRDA:96,0,jump to line 99,1
BRF:16
BRH:14
end_of_record
SF:algorithms/tree/deepest_left.py
DA:15,0
DA:18,0
DA:19,0
DA:20,0
DA:21,0
DA:24,0
DA:25,0
DA:26,0
DA:27,0
DA:28,0
DA:29,0
DA:30,0
DA:31,0
LF:13
LH:0
FN:19,21,DeepestLeft.__init__
FNDA:0,DeepestLeft.__init__
FN:24,31,find_deepest_left
FNDA:0,find_deepest_left
FNF:2
FNH:0
BRDA:25,0,jump to line 26,-
BRDA:25,0,jump to line 27,-
BRDA:27,0,jump to line 28,-
BRDA:27,0,jump to line 30,-
BRF:4
BRH:0
end_of_record
SF:algorithms/tree/fenwick_tree/fenwick_tree.py
DA:22,1
DA:23,1
DA:24,1
DA:25,1
DA:27,1
DA:32,1
DA:35,1
DA:38,1
DA:41,1
DA:44,1
DA:45,1
DA:47,1
DA:53,1
DA:56,1
DA:59,1
DA:62,1
DA:65,1
DA:71,1
DA:74,1
DA:75,1
DA:77,1
LF:21
LH:21
FN:23,25,Fenwick_Tree.__init__
FNDA:1,Fenwick_Tree.__init__
FN:27,45,Fenwick_Tree.get_sum
FNDA:1,Fenwick_Tree.get_sum
FN:47,62,Fenwick_Tree.update_bit
FNDA:1,Fenwick_Tree.update_bit
FN:65,77,Fenwick_Tree.construct
FNDA:1,Fenwick_Tree.construct
FNF:4
FNH:4
BRDA:38,0,jump to line 41,1
BRDA:38,0,jump to line 45,1
BRDA:56,0,jump to line 59,1
BRDA:56,0,return from function 'update_bit',1
BRDA:74,0,jump to line 75,1
BRDA:74,0,jump to line 77,1
BRF:6
BRH:6
end_of_record
SF:algorithms/tree/invert_tree.py
DA:3,0
DA:4,0
DA:5,0
DA:6,0
DA:7,0
DA:8,0
DA:9,0
DA:10,0
LF:8
LH:0
FN:3,10,reverse
FNDA:0,reverse
FNF:1
FNH:0
BRDA:4,0,jump to line 5,-
BRDA:4,0,jump to line 6,-
BRDA:7,0,jump to line 8,-
BRDA:7,0,jump to line 9,-
BRDA:9,0,jump to line 10,-
BRDA:9,0,return from function 'reverse',-
BRF:6
BRH:0
end_of_record
SF:algorithms/tree/is_balanced.py
DA:1,0
DA:2,0
DA:5,0
DA:9,0
DA:12,0
DA:16,0
DA:17,0
DA:18,0
DA:19,0
DA:20,0
DA:21,0
DA:22,0
LF:12
LH:0
FN:1,2,is_balanced
FNDA:0,is_balanced
FN:5,9,__is_balanced_recursive
FNDA:0,__is_balanced_recursive
FN:12,22,__get_depth
FNDA:0,__get_depth
FNF:3
FNH:0
BRDA:16,0,jump to line 17,-
BRDA:16,0,jump to line 18,-
BRDA:20,0,jump to line 21,-
BRDA:20,0,jump to line 22,-
BRF:4
BRH:0
end_of_record
SF:algorithms/tree/is_subtree.py
DA:48,0
DA:51,0
DA:52,0
DA:53,0
DA:54,0
DA:55,0
DA:56,0
DA:57,0
DA:58,0
DA:59,0
DA:61,0
DA:62,0
DA:63,0
DA:66,0
DA:67,0
DA:68,0
DA:69,0
DA:70,0
DA:71,0
LF:19
LH:0
FN:51,63,is_subtree
FNDA:0,is_subtree
FN:66,71,comp
FNDA:0,comp
FNF:2
FNH:0
BRDA:55,0,jump to line 56,-
BRDA:55,0,jump to line 63,-
BRDA:57,0,jump to line 58,-
BRDA:57,0,jump to line 61,-
BRDA:67,0,jump to line 68,-
BRDA:67,0,jump to line 69,-
BRDA:69,0,jump to line 70,-
BRDA:69,0,jump to line 71,-
BRF:8
BRH:0
end_of_record
SF:algorithms/tree/is_symmetric.py
DA:23,0
DA:24,0
DA:25,0
DA:26,0
DA:29,0
DA:30,0
DA:31,0
DA:32,0
DA:33,0
DA:34,0
DA:37,0
DA:38,0
DA:39,0
DA:40,0
DA:41,0
DA:42,0
DA:43,0
DA:44,0
DA:45,0
DA:46,0
DA:47,0
DA:48,0
DA:49,0
DA:51,0
DA:52,0
LF:25
LH:0
FN:23,26,is_symmetric
FNDA:0,is_symmetric
FN:29,34,helper
FNDA:0,helper
FN:37,52,is_symmetric_iterative
FNDA:0,is_symmetric_iterative
FNF:3
FNH:0
BRDA:24,0,jump to line 25,-
BRDA:24,0,jump to line 26,-
BRDA:30,0,jump to line 31,-
BRDA:30,0,jump to line 32,-
BRDA:32,0,jump to line 33,-
BRDA:32,0,jump to line 34,-
BRDA:38,0,jump to line 39,-
BRDA:38,0,jump to line 40,-
BRDA:41,0,jump to line 42,-
BRDA:41,0,jump to line 52,-
BRDA:43,0,jump to line 44,-
BRDA:43,0,jump to line 45,-
BRDA:45,0,jump to line 46,-
BRDA:45,0,jump to line 47,-
BRDA:47,0,jump to line 48,-
BRDA:47,0,jump to line 51,-
BRF:16
BRH:0
end_of_record
SF:algorithms/tree/longest_consecutive.py
DA:28,0
DA:33,0
DA:34,0
DA:35,0
DA:36,0
DA:37,0
DA:40,0
DA:41,0
DA:42,0
DA:43,0
DA:44,0
DA:46,0
DA:47,0
DA:48,0
DA:49,0
LF:15
LH:0
FN:28,37,longest_consecutive
FNDA:0,longest_consecutive
FN:40,49,dfs
FNDA:0,dfs
FNF:2
FNH:0
BRDA:33,0,jump to line 34,-
BRDA:33,0,jump to line 35,-
BRDA:41,0,jump to line 42,-
BRDA:41,0,jump to line 43,-
BRDA:43,0,jump to line 44,-
BRDA:43,0,jump to line 46,-
BRF:6
BRH:0
end_of_record
SF:algorithms/tree/lowest_common_ancestor.py
DA:24,0
DA:31,0
DA:32,0
DA:33,0
DA:34,0
DA:35,0
DA:36,0
DA:37,0
LF:8
LH:0
FN:24,37,lca
FNDA:0,lca
FNF:1
FNH:0
BRDA:31,0,jump to line 32,-
BRDA:31,0,jump to line 33,-
BRDA:35,0,jump to line 36,-
BRDA:35,0,jump to line 37,-
BRF:4
BRH:0
end_of_record
SF:algorithms/tree/max_height.py
DA:15,0
DA:18,0
DA:19,0
DA:20,0
DA:21,0
DA:22,0
DA:23,0
DA:24,0
DA:25,0
DA:26,0
DA:27,0
DA:28,0
DA:29,0
DA:30,0
DA:31,0
DA:32,0
DA:33,0
DA:36,0
DA:37,0
DA:38,0
DA:39,0
DA:40,0
LF:22
LH:0
FN:18,33,max_height
FNDA:0,max_height
FN:36,40,print_tree
FNDA:0,print_tree
FNF:2
FNH:0
BRDA:19,0,jump to line 20,-
BRDA:19,0,jump to line 21,-
BRDA:23,0,jump to line 24,-
BRDA:23,0,jump to line 33,-
BRDA:26,0,jump to line 27,-
BRDA:26,0,jump to line 32,-
BRDA:28,0,jump to line 29,-
BRDA:28,0,jump to line 30,-
BRDA:30,0,jump to line 26,-
BRDA:30,0,jump to line 31,-
BRDA:37,0,jump to line 38,-
BRDA:37,0,return from function 'print_tree',-
BRF:12
BRH:0
end_of_record
SF:algorithms/tree/max_path_sum.py
DA:1,0
DA:2,0
DA:3,0
DA:4,0
DA:7,0
DA:8,0
DA:9,0
DA:10,0
DA:11,0
DA:12,0
DA:13,0
LF:11
LH:0
FN:1,4,max_path_sum
FNDA:0,max_path_sum
FN:7,13,helper
FNDA:0,helper
FNF:2
FNH:0
BRDA:8,0,jump to line 9,-
BRDA:8,0,jump to line 10,-
BRF:2
BRH:0
end_of_record
SF:algorithms/tree/min_height.py
DA:1,0
DA:4,0
DA:9,0
DA:10,0
DA:11,0
DA:12,0
DA:13,0
DA:17,0
DA:18,0
DA:19,0
DA:20,0
DA:21,0
DA:22,0
DA:23,0
DA:24,0
DA:25,0
DA:26,0
DA:27,0
DA:28,0
DA:29,0
DA:30,0
DA:31,0
DA:32,0
DA:33,0
DA:36,0
DA:37,0
DA:38,0
DA:39,0
DA:40,0
LF:29
LH:0
FN:4,13,min_depth
FNDA:0,min_depth
FN:17,33,min_height
FNDA:0,min_height
FN:36,40,print_tree
FNDA:0,print_tree
FNF:3
FNH:0
BRDA:9,0,jump to line 10,-
BRDA:9,0,jump to line 11,-
BRDA:11,0,jump to line 12,-
BRDA:11,0,jump to line 13,-
BRDA:18,0,jump to line 19,-
BRDA:18,0,jump to line 20,-
BRDA:22,0,jump to line 23,-
BRDA:22,0,jump to line 33,-
BRDA:25,0,jump to line 26,-
BRDA:25,0,jump to line 32,-
BRDA:26,0,jump to line 27,-
BRDA:26,0,jump to line 28,-
BRDA:28,0,jump to line 29,-
BRDA:28,0,jump to line 30,-
BRDA:30,0,jump to line 25,-
BRDA:30,0,jump to line 31,-
BRDA:37,0,jump to line 38,-
BRDA:37,0,return from function 'print_tree',-
BRF:18
BRH:0
end_of_record
SF:algorithms/tree/path_sum.py
DA:18,0
DA:24,0
DA:25,0
DA:26,0
DA:27,0
DA:28,0
DA:29,0
DA:33,0
DA:34,0
DA:35,0
DA:36,0
DA:37,0
DA:38,0
DA:39,0
DA:40,0
DA:41,0
DA:42,0
DA:43,0
DA:44,0
DA:45,0
DA:46,0
DA:50,0
DA:51,0
DA:52,0
DA:53,0
DA:54,0
DA:55,0
DA:56,0
DA:57,0
DA:58,0
DA:59,0
DA:60,0
DA:61,0
DA:62,0
DA:63,0
LF:35
LH:0
FN:18,29,has_path_sum
FNDA:0,has_path_sum
FN:33,46,has_path_sum2
FNDA:0,has_path_sum2
FN:50,63,has_path_sum3
FNDA:0,has_path_sum3
FNF:3
FNH:0
BRDA:24,0,jump to line 25,-
BRDA:24,0,jump to line 26,-
BRDA:26,0,jump to line 27,-
BRDA:26,0,jump to line 28,-
BRDA:34,0,jump to line 35,-
BRDA:34,0,jump to line 36,-
BRDA:37,0,jump to line 38,-
BRDA:37,0,jump to line 46,-
BRDA:39,0,jump to line 40,-
BRDA:39,0,jump to line 42,-
BRDA:40,0,jump to line 41,-
BRDA:40,0,jump to line 42,-
BRDA:42,0,jump to line 43,-
BRDA:42,0,jump to line 44,-
BRDA:44,0,jump to line 37,-
BRDA:44,0,jump to line 45,-
BRDA:51,0,jump to line 52,-
BRDA:51,0,jump to line 53,-
BRDA:54,0,jump to line 55,-
BRDA:54,0,jump to line 63,-
BRDA:56,0,jump to line 57,-
BRDA:56,0,jump to line 59,-
BRDA:57,0,jump to line 58,-
BRDA:57,0,jump to line 59,-
BRDA:59,0,jump to line 60,-
BRDA:59,0,jump to line 61,-
BRDA:61,0,jump to line 54,-
BRDA:61,0,jump to line 62,-
BRF:28
BRH:0
end_of_record
SF:algorithms/tree/path_sum2.py
DA:22,0
DA:23,0
DA:24,0
DA:25,0
DA:26,0
DA:27,0
DA:30,0
DA:31,0
DA:32,0
DA:33,0
DA:34,0
DA:35,0
DA:36,0
DA:37,0
DA:41,0
DA:42,0
DA:43,0
DA:44,0
DA:45,0
DA:46,0
DA:47,0
DA:48,0
DA:49,0
DA:50,0
DA:51,0
DA:52,0
DA:53,0
DA:54,0
DA:58,0
DA:59,0
DA:60,0
DA:61,0
DA:62,0
DA:63,0
DA:64,0
DA:65,0
DA:66,0
DA:67,0
DA:68,0
DA:69,0
DA:70,0
DA:71,0
LF:42
LH:0
FN:22,27,path_sum
FNDA:0,path_sum
FN:30,37,dfs
FNDA:0,dfs
FN:41,54,path_sum2
FNDA:0,path_sum2
FN:58,71,path_sum3
FNDA:0,path_sum3
FNF:4
FNH:0
BRDA:23,0,jump to line 24,-
BRDA:23,0,jump to line 25,-
BRDA:31,0,jump to line 32,-
BRDA:31,0,jump to line 34,-
BRDA:34,0,jump to line 35,-
BRDA:34,0,jump to line 36,-
BRDA:36,0,jump to line 37,-
BRDA:36,0,return from function 'dfs',-
BRDA:42,0,jump to line 43,-
BRDA:42,0,jump to line 44,-
BRDA:46,0,jump to line 47,-
BRDA:46,0,jump to line 54,-
BRDA:48,0,jump to line 49,-
BRDA:48,0,jump to line 50,-
BRDA:50,0,jump to line 51,-
BRDA:50,0,jump to line 52,-
BRDA:52,0,jump to line 46,-
BRDA:52,0,jump to line 53,-
BRDA:59,0,jump to line 60,-
BRDA:59,0,jump to line 61,-
BRDA:63,0,jump to line 64,-
BRDA:63,0,jump to line 71,-
BRDA:65,0,jump to line 66,-
BRDA:65,0,jump to line 67,-
BRDA:67,0,jump to line 68,-
BRDA:67,0,jump to line 69,-
BRDA:69,0,jump to line 63,-
BRDA:69,0,jump to line 70,-
BRF:28
BRH:0
end_of_record
SF:algorithms/tree/pretty_print.py
DA:12,0
DA:15,0
DA:16,0
DA:17,0
DA:18,0
DA:19,0
DA:20,0
DA:21,0
DA:22,0
DA:23,0
LF:10
LH:0
FN:15,23,tree_print
FNDA:0,tree_print
FNF:1
FNH:0
BRDA:16,0,jump to line 17,-
BRDA:16,0,return from function 'tree_print',-
BRDA:19,0,jump to line 20,-
BRDA:19,0,jump to line 23,-
BRDA:21,0,jump to line 19,-
BRDA:21,0,jump to line 22,-
BRF:6
BRH:0
end_of_record
SF:algorithms/tree/same_tree.py
DA:10,0
DA:11,0
DA:12,0
DA:13,0
DA:14,0
DA:15,0
LF:6
LH:0
FN:10,15,is_same_tree
FNDA:0,is_same_tree
FNF:1
FNH:0
BRDA:11,0,jump to line 12,-
BRDA:11,0,jump to line 13,-
BRDA:13,0,jump to line 14,-
BRDA:13,0,jump to line 15,-
BRF:4
BRH:0
end_of_record
SF:algorithms/tree/segment_tree/iterative_segment_tree.py
DA:26,1
DA:27,1
DA:28,1
DA:29,1
DA:30,1
DA:31,1
DA:33,1
DA:34,1
DA:35,1
DA:37,1
DA:38,1
DA:39,1
DA:40,1
DA:41,1
DA:42,1
DA:44,1
DA:45,1
DA:46,1
DA:47,1
DA:48,1
DA:49,1
DA:50,1
DA:51,1
DA:52,1
DA:53,1
LF:25
LH:25
FN:27,31,SegmentTree.__init__
FNDA:1,SegmentTree.__init__
FN:33,35,SegmentTree.build_tree
FNDA:1,SegmentTree.build_tree
FN:37,42,SegmentTree.update
FNDA:1,SegmentTree.update
FN:44,53,SegmentTree.query
FNDA:1,SegmentTree.query
FNF:4
FNH:4
BRDA:34,0,jump to line 35,1
BRDA:34,0,return from function 'build_tree',1
BRDA:40,0,jump to line 41,1
BRDA:40,0,return from function 'update',1
BRDA:47,0,jump to line 48,1
BRDA:47,0,jump to line 53,1
BRDA:48,0,jump to line 49,1
BRDA:48,0,jump to line 50,1
BRDA:50,0,jump to line 51,1
BRDA:50,0,jump to line 52,1
BRF:10
BRH:10
end_of_record
SF:algorithms/tree/traversal/__init__.py
DA:1,1
DA:2,1
DA:3,1
LF:3
LH:3
end_of_record
SF:algorithms/tree/traversal/inorder.py
DA:6,1
DA:8,1
DA:9,0
DA:10,0
DA:11,0
DA:14,1
DA:16,1
DA:17,1
DA:18,0
DA:19,1
DA:20,1
DA:21,1
DA:22,1
DA:23,1
DA:24,1
DA:25,1
DA:26,1
DA:27,1
DA:29,1
DA:31,1
DA:32,1
DA:33,1
DA:34,1
DA:35,1
DA:36,1
DA:37,1
DA:38,1
LF:27
LH:23
FN:8,11,Node.__init__
FNDA:0,Node.__init__
FN:14,27,inorder
FNDA:1,inorder
FN:29,38,inorder_rec
FNDA:1,inorder_rec
FNF:3
FNH:2
BRDA:17,0,jump to line 18,0
BRDA:17,0,jump to line 19,1
BRDA:20,0,jump to line 21,1
BRDA:20,0,jump to line 27,1
BRDA:21,0,jump to line 22,1
BRDA:21,0,jump to line 24,1
BRDA:31,0,jump to line 32,1
BRDA:31,0,jump to line 33,1
BRDA:33,0,jump to line 34,1
BRDA:33,0,jump to line 35,1
BRF:10
BRH:9
end_of_record
SF:algorithms/tree/traversal/level_order.py
DA:21,0
DA:22,0
DA:23,0
DA:24,0
DA:25,0
DA:26,0
DA:27,0
DA:28,0
DA:29,0
DA:30,0
DA:31,0
DA:32,0
DA:33,0
DA:34,0
DA:35,0
DA:36,0
DA:37,0
LF:17
LH:0
FN:21,37,level_order
FNDA:0,level_order
FNF:1
FNH:0
BRDA:23,0,jump to line 24,-
BRDA:23,0,jump to line 25,-
BRDA:26,0,jump to line 27,-
BRDA:26,0,jump to line 37,-
BRDA:29,0,jump to line 30,-
BRDA:29,0,jump to line 35,-
BRDA:31,0,jump to line 32,-
BRDA:31,0,jump to line 33,-
BRDA:33,0,jump to line 29,-
BRDA:33,0,jump to line 34,-
BRF:10
BRH:0
end_of_record
SF:algorithms/tree/traversal/postorder.py
DA:5,1
DA:7,1
DA:8,0
DA:9,0
DA:10,0
DA:13,1
DA:14,1
DA:15,1
DA:16,1
DA:17,0
DA:18,1
DA:19,1
DA:20,1
DA:21,1
DA:22,1
DA:23,1
DA:24,1
DA:25,1
DA:26,1
DA:27,1
DA:28,1
DA:29,1
DA:32,1
DA:33,1
DA:34,1
DA:35,1
DA:36,1
DA:37,1
DA:38,1
DA:39,1
DA:40,1
LF:31
LH:27
FN:7,10,Node.__init__
FNDA:0,Node.__init__
FN:13,29,postorder
FNDA:1,postorder
FN:32,40,postorder_rec
FNDA:1,postorder_rec
FNF:3
FNH:2
BRDA:16,0,jump to line 17,0
BRDA:16,0,jump to line 18,1
BRDA:20,0,jump to line 21,1
BRDA:20,0,jump to line 27,1
BRDA:23,0,jump to line 24,1
BRDA:23,0,jump to line 25,1
BRDA:25,0,jump to line 20,1
BRDA:25,0,jump to line 26,1
BRDA:27,0,jump to line 28,1
BRDA:27,0,jump to line 29,1
BRDA:33,0,jump to line 34,1
BRDA:33,0,jump to line 35,1
BRDA:35,0,jump to line 36,1
BRDA:35,0,jump to line 37,1
BRF:14
BRH:13
end_of_record
SF:algorithms/tree/traversal/preorder.py
DA:6,1
DA:9,1
DA:10,0
DA:11,0
DA:12,0
DA:15,1
DA:17,1
DA:18,1
DA:19,0
DA:20,1
DA:21,1
DA:22,1
DA:23,1
DA:24,1
DA:25,1
DA:26,1
DA:27,1
DA:28,1
DA:29,1
DA:31,1
DA:33,1
DA:34,1
DA:35,1
DA:36,1
DA:37,1
DA:38,1
DA:39,1
DA:40,1
LF:28
LH:24
FN:9,12,Node.__init__
FNDA:0,Node.__init__
FN:15,29,preorder
FNDA:1,preorder
FN:31,40,preorder_rec
FNDA:1,preorder_rec
FNF:3
FNH:2
BRDA:18,0,jump to line 19,0
BRDA:18,0,jump to line 20,1
BRDA:22,0,jump to line 23,1
BRDA:22,0,jump to line 29,1
BRDA:25,0,jump to line 26,1
BRDA:25,0,jump to line 27,1
BRDA:27,0,jump to line 22,1
BRDA:27,0,jump to line 28,1
BRDA:33,0,jump to line 34,1
BRDA:33,0,jump to line 35,1
BRDA:35,0,jump to line 36,1
BRDA:35,0,jump to line 37,1
BRF:12
BRH:11
end_of_record
SF:algorithms/tree/traversal/zigzag.py
DA:23,0
DA:24,0
DA:25,0
DA:26,0
DA:27,0
DA:28,0
DA:29,0
DA:30,0
DA:31,0
DA:32,0
DA:33,0
DA:34,0
DA:35,0
DA:36,0
DA:37,0
DA:38,0
DA:39,0
DA:40,0
DA:41,0
LF:19
LH:0
FN:23,41,zigzag_level
FNDA:0,zigzag_level
FNF:1
FNH:0
BRDA:25,0,jump to line 26,-
BRDA:25,0,jump to line 27,-
BRDA:29,0,jump to line 30,-
BRDA:29,0,jump to line 41,-
BRDA:32,0,jump to line 33,-
BRDA:32,0,jump to line 38,-
BRDA:34,0,jump to line 35,-
BRDA:34,0,jump to line 36,-
BRDA:36,0,jump to line 32,-
BRDA:36,0,jump to line 37,-
BRF:10
BRH:0
end_of_record
SF:algorithms/tree/tree.py
DA:1,0
DA:2,0
DA:3,0
DA:4,0
DA:5,0
LF:5
LH:0
FN:2,5,TreeNode.__init__
FNDA:0,TreeNode.__init__
FNF:1
FNH:0
end_of_record
SF:algorithms/unix/__init__.py
DA:1,1
DA:2,1
DA:3,1
DA:4,1
LF:4
LH:4
end_of_record
SF:algorithms/unix/path/full_path.py
DA:4,1
DA:5,1
DA:6,1
LF:3
LH:3
FN:5,6,full_path
FNDA:1,full_path
FNF:1
FNH:1
end_of_record
SF:algorithms/unix/path/join_with_slash.py
DA:10,1
DA:12,1
DA:14,1
DA:16,1
DA:17,1
DA:18,1
LF:6
LH:6
FN:12,18,join_with_slash
FNDA:1,join_with_slash
FNF:1
FNH:1
end_of_record
SF:algorithms/unix/path/simplify_path.py
DA:18,1
DA:19,1
DA:20,1
DA:22,1
DA:23,1
DA:24,1
DA:25,1
DA:26,0
DA:27,1
DA:28,1
DA:29,1
LF:11
LH:10
FN:19,20,simplify_path_v1
FNDA:1,simplify_path_v1
FN:22,29,simplify_path_v2
FNDA:1,simplify_path_v2
FNF:2
FNH:2
BRDA:24,0,jump to line 25,1
BRDA:24,0,jump to line 29,1
BRDA:25,0,jump to line 26,0
BRDA:25,0,jump to line 27,1
BRDA:27,0,jump to line 24,1
BRDA:27,0,jump to line 28,1
BRF:6
BRH:5
end_of_record
SF:algorithms/unix/path/split.py
DA:14,1
DA:16,1
DA:17,1
DA:18,1
DA:20,1
DA:22,1
DA:23,1
LF:7
LH:7
FN:16,23,split
FNDA:1,split
FNF:1
FNH:1
end_of_record
