SF:algorithms/algorithms/__init__.py
end_of_record
SF:algorithms/algorithms/arrays/__init__.py
DA:1,1
DA:2,1
DA:3,1
DA:4,1
DA:5,1
DA:6,1
DA:7,1
DA:8,1
DA:9,1
DA:10,1
DA:11,1
DA:12,1
DA:13,1
DA:14,1
DA:15,1
DA:16,1
DA:17,1
DA:18,1
DA:19,1
LF:19
LH:19
end_of_record
SF:algorithms/algorithms/arrays/delete_nth.py
DA:9,1
DA:13,1
DA:14,1
DA:15,1
DA:16,1
DA:17,1
DA:18,1
DA:22,1
DA:23,1
DA:24,1
DA:26,1
DA:28,1
DA:29,1
DA:30,1
DA:32,1
LF:15
LH:15
FN:13,18,delete_nth_naive
FNDA:1,delete_nth_naive
FN:22,32,delete_nth
FNDA:1,delete_nth
FNF:2
FNH:2
end_of_record
SF:algorithms/algorithms/arrays/flatten.py
DA:6,1
DA:10,1
DA:11,1
DA:12,1
DA:13,1
DA:14,1
DA:15,1
DA:17,1
DA:18,1
DA:22,1
DA:27,1
DA:28,1
DA:29,1
DA:31,1
LF:14
LH:14
FN:10,18,flatten
FNDA:1,flatten
FN:22,31,flatten_iter
FNDA:1,flatten_iter
FNF:2
FNH:2
end_of_record
SF:algorithms/algorithms/arrays/garage.py
DA:35,1
DA:37,1
DA:38,1
DA:39,1
DA:40,1
DA:41,1
DA:42,1
DA:43,1
DA:44,1
DA:45,1
DA:47,1
DA:48,1
DA:49,1
DA:50,1
DA:51,1
DA:52,1
DA:54,1
DA:58,1
LF:18
LH:18
FN:35,54,garage
FNDA:1,garage
FNF:1
FNH:1
end_of_record
SF:algorithms/algorithms/arrays/josephus.py
DA:12,1
DA:13,1
DA:14,1
DA:15,1
DA:16,1
DA:17,1
DA:18,1
DA:19,1
LF:8
LH:8
FN:12,19,josephus
FNDA:1,josephus
FNF:1
FNH:1
end_of_record
SF:algorithms/algorithms/arrays/limit.py
DA:16,1
DA:17,1
DA:18,0
DA:20,1
DA:21,1
DA:22,1
DA:23,1
DA:25,1
LF:8
LH:7
FN:16,25,limit
FNDA:1,limit
FNF:1
FNH:1
end_of_record
SF:algorithms/algorithms/arrays/longest_non_repeat.py
DA:14,1
DA:19,1
DA:20,0
DA:21,1
DA:22,1
DA:23,1
DA:24,1
DA:25,1
DA:26,1
DA:27,1
DA:28,1
DA:29,1
DA:31,1
DA:37,1
DA:38,0
DA:39,1
DA:40,1
DA:41,1
DA:42,1
DA:43,1
DA:45,1
DA:46,1
DA:47,1
DA:50,1
DA:56,1
DA:57,0
DA:58,1
DA:59,1
DA:60,1
DA:61,1
DA:62,1
DA:63,1
DA:64,1
DA:65,1
DA:66,1
DA:67,1
DA:68,1
DA:69,1
DA:71,1
DA:78,1
DA:79,0
DA:80,1
DA:81,1
DA:82,1
DA:83,1
DA:84,1
DA:85,1
DA:87,1
DA:88,1
DA:89,1
DA:90,1
DA:91,1
DA:93,1
DA:100,0
DA:101,0
DA:102,0
DA:103,0
DA:104,0
DA:105,0
DA:106,0
DA:107,0
DA:108,0
DA:109,0
LF:63
LH:49
FN:14,29,longest_non_repeat_v1
FNDA:1,longest_non_repeat_v1
FN:31,47,longest_non_repeat_v2
FNDA:1,longest_non_repeat_v2
FN:50,69,get_longest_non_repeat_v1
FNDA:1,get_longest_non_repeat_v1
FN:71,91,get_longest_non_repeat_v2
FNDA:1,get_longest_non_repeat_v2
FN:93,109,get_longest_non_repeat_v3
FNDA:0,get_longest_non_repeat_v3
FNF:5
FNH:4
end_of_record
SF:algorithms/algorithms/arrays/max_ones_index.py
DA:19,1
DA:21,1
DA:22,1
DA:23,1
DA:24,1
DA:25,1
DA:27,1
DA:32,1
DA:33,1
DA:34,1
DA:35,1
DA:37,1
DA:38,1
DA:40,1
DA:41,1
DA:43,1
LF:16
LH:16
FN:19,43,max_ones_index
FNDA:1,max_ones_index
FNF:1
FNH:1
end_of_record
SF:algorithms/algorithms/arrays/merge_intervals.py
DA:8,1
DA:14,1
DA:15,1
DA:16,1
DA:18,1
DA:19,0
DA:21,1
DA:22,0
DA:24,1
DA:25,0
DA:26,0
DA:27,0
DA:29,1
DA:30,0
DA:32,1
DA:33,0
DA:34,0
DA:35,0
DA:37,1
DA:38,1
DA:39,1
DA:40,0
DA:42,1
DA:44,0
DA:46,1
DA:47,1
DA:49,1
DA:50,1
DA:51,1
DA:52,1
DA:54,1
DA:55,1
DA:57,1
DA:58,1
DA:60,0
DA:61,0
DA:62,0
DA:63,0
DA:66,1
DA:68,1
DA:69,0
DA:70,1
DA:71,1
DA:72,1
DA:73,1
DA:74,1
DA:76,1
DA:77,1
LF:48
LH:32
FN:14,16,Interval.__init__
FNDA:1,Interval.__init__
FN:18,19,Interval.__repr__
FNDA:0,Interval.__repr__
FN:21,22,Interval.__iter__
FNDA:0,Interval.__iter__
FN:24,27,Interval.__getitem__
FNDA:0,Interval.__getitem__
FN:29,30,Interval.__len__
FNDA:0,Interval.__len__
FN:32,35,Interval.__contains__
FNDA:0,Interval.__contains__
FN:37,40,Interval.__eq__
FNDA:1,Interval.__eq__
FN:42,44,Interval.as_list
FNDA:0,Interval.as_list
FN:47,55,Interval.merge
FNDA:1,Interval.merge
FN:58,63,Interval.print_intervals
FNDA:0,Interval.print_intervals
FN:66,77,merge_intervals
FNDA:1,merge_intervals
FNF:11
FNH:4
end_of_record
SF:algorithms/algorithms/arrays/missing_ranges.py
DA:6,1
DA:8,1
DA:9,1
DA:11,1
DA:13,1
DA:14,1
DA:15,1
DA:16,1
DA:17,1
DA:19,1
DA:20,1
DA:22,1
LF:12
LH:12
FN:6,22,missing_ranges
FNDA:1,missing_ranges
FNF:1
FNH:1
end_of_record
SF:algorithms/algorithms/arrays/move_zeros.py
DA:12,1
DA:13,1
DA:14,1
DA:16,1
DA:17,1
DA:18,1
DA:20,1
DA:22,1
DA:23,1
DA:26,1
LF:10
LH:10
FN:12,23,move_zeros
FNDA:1,move_zeros
FNF:1
FNH:1
end_of_record
SF:algorithms/algorithms/arrays/n_sum.py
DA:34,1
DA:52,1
DA:53,1
DA:55,1
DA:57,1
DA:58,1
DA:59,1
DA:60,1
DA:62,1
DA:64,1
DA:65,1
DA:67,1
DA:68,1
DA:69,1
DA:71,1
DA:72,1
DA:73,1
DA:74,1
DA:76,1
DA:78,1
DA:79,1
DA:87,1
DA:90,1
DA:91,1
DA:93,1
DA:94,1
DA:95,1
DA:96,1
DA:97,1
DA:98,1
DA:99,1
DA:100,1
DA:101,1
DA:102,1
DA:103,1
DA:104,1
DA:106,1
DA:107,1
DA:108,1
DA:109,1
DA:111,1
DA:112,1
DA:114,1
DA:115,1
DA:117,1
DA:118,1
DA:119,1
DA:120,1
DA:121,1
DA:122,1
DA:124,1
DA:125,1
DA:127,1
DA:128,1
DA:129,1
DA:130,1
DA:131,1
DA:132,1
DA:134,1
DA:136,1
DA:137,1
DA:138,1
DA:139,1
DA:140,1
LF:64
LH:64
FN:34,140,n_sum
FNDA:1,n_sum
FN:52,53,n_sum.sum_closure_default
FNDA:1,n_sum.sum_closure_default
FN:55,62,n_sum.compare_closure_default
FNDA:1,n_sum.compare_closure_default
FN:64,65,n_sum.same_closure_default
FNDA:1,n_sum.same_closure_default
FN:67,91,n_sum.n_sum
FNDA:1,n_sum.n_sum
FN:93,115,n_sum.two_sum
FNDA:1,n_sum.two_sum
FN:117,122,n_sum.append_elem_to_each_list
FNDA:1,n_sum.append_elem_to_each_list
FN:124,134,n_sum.union
FNDA:1,n_sum.union
FNF:8
FNH:8
end_of_record
SF:algorithms/algorithms/arrays/plus_one.py
DA:10,1
DA:15,1
DA:16,1
DA:17,1
DA:18,1
DA:19,1
DA:20,1
DA:21,1
DA:22,1
DA:23,1
DA:24,1
DA:25,1
DA:26,1
DA:27,1
DA:28,1
DA:31,1
DA:32,1
DA:33,1
DA:34,1
DA:35,1
DA:36,1
DA:37,1
DA:38,1
DA:39,1
DA:42,1
DA:44,1
DA:45,1
DA:46,1
DA:47,1
DA:48,1
LF:30
LH:30
FN:10,28,plus_one_v1
FNDA:1,plus_one_v1
FN:31,39,plus_one_v2
FNDA:1,plus_one_v2
FN:42,48,plus_one_v3
FNDA:1,plus_one_v3
FNF:3
FNH:3
end_of_record
SF:algorithms/algorithms/arrays/remove_duplicates.py
DA:11,1
DA:12,1
DA:14,1
DA:15,1
DA:16,1
DA:18,1
LF:6
LH:6
FN:11,18,remove_duplicates
FNDA:1,remove_duplicates
FNF:1
FNH:1
end_of_record
SF:algorithms/algorithms/arrays/rotate.py
DA:13,1
DA:22,1
DA:23,1
DA:24,1
DA:25,1
DA:26,1
DA:27,1
DA:28,1
DA:29,1
DA:32,1
DA:40,1
DA:42,1
DA:43,1
DA:44,1
DA:45,1
DA:46,1
DA:48,1
DA:49,1
DA:50,1
DA:51,1
DA:52,1
DA:53,1
DA:56,1
DA:57,1
DA:58,0
DA:59,1
DA:60,1
DA:61,1
LF:28
LH:27
FN:13,29,rotate_v1
FNDA:1,rotate_v1
FN:32,53,rotate_v2
FNDA:1,rotate_v2
FN:42,46,rotate_v2.reverse
FNDA:1,rotate_v2.reverse
FN:56,61,rotate_v3
FNDA:1,rotate_v3
FNF:4
FNH:4
end_of_record
SF:algorithms/algorithms/arrays/summarize_ranges.py
DA:9,1
DA:11,1
DA:12,1
DA:13,1
DA:14,0
DA:15,1
DA:16,1
DA:17,1
DA:18,1
DA:19,1
DA:21,1
DA:22,1
DA:23,1
DA:24,1
LF:14
LH:13
FN:11,24,summarize_ranges
FNDA:1,summarize_ranges
FNF:1
FNH:1
end_of_record
SF:algorithms/algorithms/arrays/three_sum.py
DA:18,1
DA:23,1
DA:24,1
DA:25,1
DA:26,1
DA:27,1
DA:28,1
DA:29,1
DA:30,1
DA:31,1
DA:32,1
DA:33,1
DA:34,1
DA:37,1
DA:40,1
DA:41,1
DA:43,1
DA:44,0
DA:46,1
DA:47,1
DA:48,1
LF:21
LH:20
FN:18,48,three_sum
FNDA:1,three_sum
FNF:1
FNH:1
end_of_record
SF:algorithms/algorithms/arrays/top_1.py
DA:15,1
DA:16,1
DA:19,1
DA:20,1
DA:22,1
DA:23,1
DA:24,1
DA:26,1
DA:28,1
DA:30,1
DA:31,1
DA:32,1
DA:34,1
DA:36,1
LF:14
LH:14
FN:15,36,top_1
FNDA:1,top_1
FNF:1
FNH:1
end_of_record
SF:algorithms/algorithms/arrays/trimmean.py
DA:14,1
DA:15,1
DA:17,1
DA:19,1
DA:20,1
DA:21,1
DA:22,1
DA:23,1
DA:24,1
LF:9
LH:9
FN:14,24,trimmean
FNDA:1,trimmean
FNF:1
FNH:1
end_of_record
SF:algorithms/algorithms/arrays/two_sum.py
DA:16,1
DA:17,1
DA:18,1
DA:19,1
DA:20,1
DA:22,1
DA:23,1
LF:7
LH:7
FN:16,23,two_sum
FNDA:1,two_sum
FNF:1
FNH:1
end_of_record
SF:algorithms/algorithms/automata/__init__.py
DA:1,1
LF:1
LH:1
end_of_record
SF:algorithms/algorithms/automata/dfa.py
DA:1,1
DA:3,1
DA:4,1
DA:5,1
DA:7,1
DA:9,1
DA:10,0
DA:12,1
DA:14,1
DA:15,1
DA:16,1
DA:17,1
LF:12
LH:11
FN:1,17,DFA
FNDA:1,DFA
FNF:1
FNH:1
end_of_record
SF:algorithms/algorithms/backtrack/__init__.py
DA:1,1
DA:2,1
DA:3,1
DA:4,1
DA:5,1
DA:6,1
DA:7,1
DA:8,1
DA:9,1
DA:10,1
DA:11,1
DA:12,1
DA:13,1
DA:14,1
DA:15,1
LF:15
LH:15
end_of_record
SF:algorithms/algorithms/backtrack/add_operators.py
DA:15,1
DA:22,1
DA:23,1
DA:24,1
DA:25,1
DA:26,1
DA:27,1
DA:28,1
DA:29,1
DA:30,1
DA:31,1
DA:32,1
DA:34,1
DA:36,1
DA:38,1
DA:41,1
DA:42,1
DA:43,0
DA:44,1
DA:45,1
LF:20
LH:19
FN:15,45,add_operators
FNDA:1,add_operators
FN:22,39,add_operators.dfs
FNDA:1,add_operators.dfs
FNF:2
FNH:2
end_of_record
SF:algorithms/algorithms/backtrack/anagram.py
DA:10,1
DA:11,1
DA:12,1
DA:14,1
DA:15,1
DA:16,1
DA:18,1
DA:19,1
DA:20,1
DA:22,1
LF:10
LH:10
FN:10,22,anagram
FNDA:1,anagram
FNF:1
FNH:1
end_of_record
SF:algorithms/algorithms/backtrack/array_sum_combinations.py
DA:16,1
DA:17,1
DA:20,1
DA:22,1
DA:23,1
DA:24,1
DA:25,1
DA:26,1
DA:27,1
DA:28,1
DA:29,1
DA:30,1
DA:31,1
DA:33,1
DA:34,1
DA:35,1
DA:36,1
DA:37,1
DA:38,1
DA:39,1
DA:41,1
DA:42,1
DA:43,1
DA:44,1
DA:45,1
DA:46,1
DA:47,1
DA:49,1
DA:50,1
DA:51,1
DA:52,1
DA:54,1
DA:55,1
DA:56,1
DA:59,1
DA:69,1
DA:70,1
DA:71,1
DA:73,1
DA:75,1
DA:76,1
DA:77,1
DA:79,1
DA:80,1
DA:81,1
DA:82,1
DA:84,1
LF:47
LH:47
FN:20,56,array_sum_combinations
FNDA:1,array_sum_combinations
FN:22,31,array_sum_combinations.over
FNDA:1,array_sum_combinations.over
FN:33,39,array_sum_combinations.construct_candidates
FNDA:1,array_sum_combinations.construct_candidates
FN:41,52,array_sum_combinations.backtrack
FNDA:1,array_sum_combinations.backtrack
FN:59,84,unique_array_sum_combinations
FNDA:1,unique_array_sum_combinations
FN:69,73,unique_array_sum_combinations.check_sum
FNDA:1,unique_array_sum_combinations.check_sum
FNF:6
FNH:6
end_of_record
SF:algorithms/algorithms/backtrack/combination_sum.py
DA:19,1
DA:21,1
DA:22,1
DA:23,1
DA:24,1
DA:25,1
DA:26,1
DA:27,1
DA:28,1
DA:30,1
DA:31,1
DA:32,1
DA:33,1
LF:13
LH:13
FN:19,33,combination_sum
FNDA:1,combination_sum
FN:21,28,combination_sum.dfs
FNDA:1,combination_sum.dfs
FNF:2
FNH:2
end_of_record
SF:algorithms/algorithms/backtrack/factor_combinations.py
DA:40,1
DA:41,1
DA:42,1
DA:43,1
DA:44,1
DA:45,1
DA:46,1
DA:47,1
DA:48,1
DA:49,1
DA:53,1
DA:55,1
DA:56,1
DA:57,1
DA:58,1
DA:59,1
DA:60,1
DA:61,1
DA:63,1
LF:19
LH:19
FN:40,49,get_factors
FNDA:1,get_factors
FN:53,63,recursive_get_factors
FNDA:1,recursive_get_factors
FN:55,61,recursive_get_factors.factor
FNDA:1,recursive_get_factors.factor
FNF:3
FNH:3
end_of_record
SF:algorithms/algorithms/backtrack/find_words.py
DA:17,1
DA:19,1
DA:37,1
DA:38,1
DA:40,1
DA:41,1
DA:43,1
DA:44,1
DA:45,1
DA:47,1
DA:49,1
DA:51,1
DA:53,1
DA:57,1
DA:58,1
DA:59,1
DA:60,1
DA:61,1
DA:62,1
DA:63,1
DA:64,1
DA:67,1
DA:68,1
DA:70,1
DA:71,1
DA:72,1
DA:73,1
LF:27
LH:27
FN:17,73,find_words
FNDA:1,find_words
FN:19,53,find_words.backtrack
FNDA:1,find_words.backtrack
FNF:2
FNH:2
end_of_record
SF:algorithms/algorithms/backtrack/generate_abbreviations.py
DA:8,1
DA:10,1
DA:11,1
DA:12,1
DA:13,1
DA:14,1
DA:15,1
DA:17,1
DA:18,1
DA:20,1
DA:22,1
DA:24,1
DA:25,1
DA:26,1
LF:14
LH:14
FN:8,26,generate_abbreviations
FNDA:1,generate_abbreviations
FN:10,22,generate_abbreviations.backtrack
FNDA:1,generate_abbreviations.backtrack
FNF:2
FNH:2
end_of_record
SF:algorithms/algorithms/backtrack/generate_parenthesis.py
DA:17,1
DA:18,1
DA:19,1
DA:20,1
DA:21,1
DA:22,1
DA:23,1
DA:24,1
DA:25,1
DA:27,1
DA:28,1
DA:29,1
DA:32,1
DA:33,1
DA:34,1
DA:35,1
DA:36,1
DA:37,1
DA:38,1
DA:39,1
DA:41,1
DA:42,1
DA:43,1
LF:23
LH:23
FN:17,29,generate_parenthesis_v1
FNDA:1,generate_parenthesis_v1
FN:18,25,generate_parenthesis_v1.add_pair
FNDA:1,generate_parenthesis_v1.add_pair
FN:32,43,generate_parenthesis_v2
FNDA:1,generate_parenthesis_v2
FN:33,39,generate_parenthesis_v2.add_pair
FNDA:1,generate_parenthesis_v2.add_pair
FNF:4
FNH:4
end_of_record
SF:algorithms/algorithms/backtrack/letter_combination.py
DA:20,1
DA:21,1
DA:22,0
DA:23,1
DA:33,1
DA:34,1
DA:35,1
DA:36,1
DA:37,1
DA:38,1
DA:39,1
DA:40,1
LF:12
LH:11
FN:20,40,letter_combinations
FNDA:1,letter_combinations
FNF:1
FNH:1
end_of_record
SF:algorithms/algorithms/backtrack/palindrome_partitioning.py
DA:12,1
DA:13,1
DA:14,1
DA:15,1
DA:16,1
DA:17,1
DA:18,1
DA:19,1
DA:20,1
DA:21,1
DA:24,1
DA:34,1
DA:38,0
DA:39,0
DA:40,0
DA:41,0
DA:42,0
DA:43,0
DA:44,0
DA:45,0
LF:20
LH:12
FN:12,21,palindromic_substrings
FNDA:1,palindromic_substrings
FN:34,45,palindromic_substrings_iter
FNDA:0,palindromic_substrings_iter
FNF:2
FNH:1
end_of_record
SF:algorithms/algorithms/backtrack/pattern_match.py
DA:17,1
DA:23,1
DA:25,1
DA:26,0
DA:28,1
DA:29,1
DA:31,1
DA:32,1
DA:33,1
DA:34,1
DA:35,1
DA:36,1
DA:37,1
DA:38,1
DA:39,1
DA:40,1
DA:42,1
LF:17
LH:16
FN:17,42,pattern_match
FNDA:1,pattern_match
FN:23,40,pattern_match.backtrack
FNDA:1,pattern_match.backtrack
FNF:2
FNH:2
end_of_record
SF:algorithms/algorithms/backtrack/permute.py
DA:17,1
DA:21,1
DA:22,1
DA:24,1
DA:25,1
DA:26,1
DA:27,1
DA:28,1
DA:31,1
DA:35,1
DA:36,1
DA:38,1
DA:39,1
DA:40,1
DA:44,1
DA:45,1
DA:46,1
DA:47,1
DA:48,1
DA:49,1
DA:50,1
DA:52,1
DA:53,1
DA:54,1
LF:24
LH:24
FN:17,28,permute
FNDA:1,permute
FN:31,40,permute_iter
FNDA:1,permute_iter
FN:44,54,permute_recursive
FNDA:1,permute_recursive
FN:45,50,permute_recursive.dfs
FNDA:1,permute_recursive.dfs
FNF:4
FNH:4
end_of_record
SF:algorithms/algorithms/backtrack/permute_unique.py
DA:15,1
DA:16,1
DA:17,1
DA:18,1
DA:19,1
DA:20,1
DA:21,1
DA:22,1
DA:23,1
DA:24,1
DA:25,1
LF:11
LH:11
FN:15,25,permute_unique
FNDA:1,permute_unique
FNF:1
FNH:1
end_of_record
SF:algorithms/algorithms/backtrack/subsets.py
DA:22,1
DA:26,1
DA:27,1
DA:28,1
DA:31,1
DA:32,1
DA:33,1
DA:35,1
DA:37,1
DA:38,1
DA:39,1
DA:42,1
DA:55,1
DA:56,1
DA:57,1
DA:58,1
DA:59,1
LF:17
LH:17
FN:22,39,subsets
FNDA:1,subsets
FN:26,35,subsets.backtrack
FNDA:1,subsets.backtrack
FN:55,59,subsets_v2
FNDA:1,subsets_v2
FNF:3
FNH:3
end_of_record
SF:algorithms/algorithms/backtrack/subsets_unique.py
DA:21,1
DA:23,1
DA:24,1
DA:25,1
DA:28,1
DA:29,1
DA:30,1
DA:33,1
DA:35,1
DA:36,1
DA:37,1
LF:11
LH:11
FN:21,37,subsets_unique
FNDA:1,subsets_unique
FN:23,33,subsets_unique.backtrack
FNDA:1,subsets_unique.backtrack
FNF:2
FNH:2
end_of_record
SF:algorithms/algorithms/bfs/__init__.py
DA:1,1
DA:2,1
DA:3,1
DA:4,1
LF:4
LH:4
end_of_record
SF:algorithms/algorithms/bfs/count_islands.py
DA:40,1
DA:41,1
DA:42,1
DA:44,1
DA:45,1
DA:46,1
DA:47,1
DA:49,1
DA:50,1
DA:51,1
DA:52,1
DA:53,1
DA:54,1
DA:55,1
DA:56,1
DA:57,1
DA:58,1
DA:59,1
DA:60,1
DA:61,1
DA:62,1
DA:63,1
DA:65,1
LF:23
LH:23
FN:40,65,count_islands
FNDA:1,count_islands
FNF:1
FNH:1
end_of_record
SF:algorithms/algorithms/bfs/maze_search.py
DA:1,1
DA:3,1
DA:29,1
DA:30,1
DA:31,1
DA:33,1
DA:35,1
DA:36,0
DA:38,1
DA:40,1
DA:42,1
DA:44,1
DA:46,1
DA:47,1
DA:49,1
DA:50,1
DA:52,1
DA:53,1
DA:55,1
DA:56,1
DA:57,1
DA:59,1
DA:60,1
DA:62,1
DA:63,1
DA:64,1
DA:66,1
LF:27
LH:26
FN:29,66,maze_search
FNDA:1,maze_search
FNF:1
FNH:1
end_of_record
SF:algorithms/algorithms/bfs/shortest_distance_from_all_buildings.py
DA:1,1
DA:3,1
DA:9,1
DA:10,0
DA:11,0
DA:13,0
DA:15,0
DA:16,0
DA:17,0
DA:18,0
DA:19,0
DA:20,0
DA:22,0
DA:23,0
DA:24,0
DA:25,0
DA:26,0
DA:28,0
DA:30,1
DA:31,0
DA:32,0
DA:33,0
DA:34,0
DA:36,0
DA:38,0
DA:39,0
DA:40,0
LF:27
LH:4
FN:9,28,shortest_distance
FNDA:0,shortest_distance
FN:30,40,bfs
FNDA:0,bfs
FNF:2
FNH:0
end_of_record
SF:algorithms/algorithms/bfs/word_ladder.py
DA:24,1
DA:32,1
DA:33,0
DA:35,1
DA:36,1
DA:39,1
DA:40,1
DA:42,1
DA:43,1
DA:44,1
DA:45,1
DA:46,1
DA:47,1
DA:49,1
DA:50,1
DA:52,1
DA:53,1
DA:54,1
DA:55,1
DA:56,1
DA:57,1
DA:58,1
DA:59,1
DA:60,1
DA:61,1
DA:64,1
DA:67,1
DA:68,1
DA:69,1
DA:70,1
DA:71,1
DA:72,1
LF:32
LH:31
FN:24,64,ladder_length
FNDA:1,ladder_length
FN:67,72,word_range
FNDA:1,word_range
FNF:2
FNH:2
end_of_record
SF:algorithms/algorithms/bit/__init__.py
DA:1,1
DA:2,1
DA:3,1
DA:4,1
DA:5,1
DA:6,1
DA:7,1
DA:8,1
DA:9,1
DA:10,1
DA:11,1
DA:12,1
DA:13,1
DA:14,1
DA:15,1
DA:16,1
DA:17,1
DA:18,1
DA:19,1
LF:19
LH:19
end_of_record
SF:algorithms/algorithms/bit/add_bitwise_operator.py
DA:8,1
DA:10,1
DA:11,1
DA:12,1
DA:13,1
DA:14,1
LF:6
LH:6
FN:8,14,add_bitwise_operator
FNDA:1,add_bitwise_operator
FNF:1
FNH:1
end_of_record
SF:algorithms/algorithms/bit/binary_gap.py
DA:24,1
DA:25,1
DA:26,1
DA:27,1
DA:28,1
DA:29,1
DA:30,1
DA:31,1
DA:32,1
DA:33,1
DA:34,1
DA:35,1
DA:38,1
DA:39,1
DA:40,1
DA:41,1
DA:42,1
DA:43,1
DA:44,1
DA:45,1
DA:46,1
DA:48,1
DA:50,1
DA:51,1
DA:52,1
DA:53,1
DA:56,1
DA:57,1
LF:28
LH:28
FN:24,35,binary_gap
FNDA:1,binary_gap
FN:38,53,binary_gap_improved
FNDA:1,binary_gap_improved
FNF:2
FNH:2
end_of_record
SF:algorithms/algorithms/bit/bit_operation.py
DA:9,1
DA:14,1
DA:15,1
DA:17,1
DA:21,1
DA:22,1
DA:24,1
DA:27,1
DA:28,1
DA:29,1
DA:31,1
DA:35,1
DA:36,1
DA:37,1
LF:14
LH:14
FN:14,15,get_bit
FNDA:1,get_bit
FN:21,22,set_bit
FNDA:1,set_bit
FN:27,29,clear_bit
FNDA:1,clear_bit
FN:35,37,update_bit
FNDA:1,update_bit
FNF:4
FNH:4
end_of_record
SF:algorithms/algorithms/bit/bytes_int_conversion.py
DA:1,1
DA:4,1
DA:5,1
DA:6,1
DA:8,1
DA:9,1
DA:10,1
DA:13,1
DA:14,1
DA:15,1
DA:16,1
DA:17,1
DA:18,1
DA:21,1
DA:22,1
DA:23,1
DA:24,1
DA:25,1
DA:26,1
DA:29,1
DA:30,1
DA:31,1
DA:32,1
DA:33,1
DA:34,1
DA:35,1
LF:26
LH:26
FN:4,10,int_to_bytes_big_endian
FNDA:1,int_to_bytes_big_endian
FN:13,18,int_to_bytes_little_endian
FNDA:1,int_to_bytes_little_endian
FN:21,26,bytes_big_endian_to_int
FNDA:1,bytes_big_endian_to_int
FN:29,35,bytes_little_endian_to_int
FNDA:1,bytes_little_endian_to_int
FNF:4
FNH:4
end_of_record
SF:algorithms/algorithms/bit/count_flips_to_convert.py
DA:10,1
DA:12,1
DA:15,1
DA:16,1
DA:17,1
DA:18,1
DA:19,1
LF:7
LH:7
FN:10,19,count_flips_to_convert
FNDA:1,count_flips_to_convert
FNF:1
FNH:1
end_of_record
SF:algorithms/algorithms/bit/count_ones.py
DA:17,1
DA:20,1
DA:21,1
DA:22,1
DA:25,1
DA:28,1
DA:29,1
DA:30,1
DA:31,1
DA:32,1
LF:10
LH:10
FN:17,22,count_ones_recur
FNDA:1,count_ones_recur
FN:25,32,count_ones_iter
FNDA:1,count_ones_iter
FNF:2
FNH:2
end_of_record
SF:algorithms/algorithms/bit/find_difference.py
DA:16,1
DA:22,1
DA:23,1
DA:24,1
DA:26,1
DA:28,1
LF:6
LH:6
FN:22,28,find_difference
FNDA:1,find_difference
FNF:1
FNH:1
end_of_record
SF:algorithms/algorithms/bit/find_missing_number.py
DA:11,1
DA:13,1
DA:14,1
DA:15,1
DA:16,1
DA:18,1
DA:21,1
DA:23,1
DA:24,1
DA:25,1
DA:26,1
DA:27,1
LF:12
LH:12
FN:11,18,find_missing_number
FNDA:1,find_missing_number
FN:21,27,find_missing_number2
FNDA:1,find_missing_number2
FNF:2
FNH:2
end_of_record
SF:algorithms/algorithms/bit/flip_bit_longest_sequence.py
DA:10,1
DA:12,1
DA:13,1
DA:14,1
DA:16,1
DA:17,1
DA:18,1
DA:20,1
DA:21,1
DA:22,1
DA:24,1
DA:25,1
DA:27,1
DA:28,1
DA:30,1
LF:15
LH:15
FN:10,30,flip_bit_longest_seq
FNDA:1,flip_bit_longest_seq
FNF:1
FNH:1
end_of_record
SF:algorithms/algorithms/bit/has_alternative_bit.py
DA:20,1
DA:21,1
DA:22,1
DA:23,1
DA:24,1
DA:25,1
DA:26,1
DA:27,1
DA:28,1
DA:30,1
DA:31,1
DA:32,0
DA:35,1
DA:36,1
DA:37,1
DA:38,1
LF:16
LH:15
FN:20,32,has_alternative_bit
FNDA:1,has_alternative_bit
FN:35,38,has_alternative_bit_fast
FNDA:1,has_alternative_bit_fast
FNF:2
FNH:2
end_of_record
SF:algorithms/algorithms/bit/insert_bit.py
DA:22,1
DA:30,1
DA:32,1
DA:33,1
DA:34,1
DA:36,1
DA:37,1
DA:39,1
DA:40,1
DA:41,1
DA:42,1
DA:43,1
DA:44,1
LF:13
LH:13
FN:30,37,insert_one_bit
FNDA:1,insert_one_bit
FN:39,44,insert_mult_bits
FNDA:1,insert_mult_bits
FNF:2
FNH:2
end_of_record
SF:algorithms/algorithms/bit/power_of_two.py
DA:4,1
DA:9,1
LF:2
LH:2
FN:4,9,is_power_of_two
FNDA:1,is_power_of_two
FNF:1
FNH:1
end_of_record
SF:algorithms/algorithms/bit/remove_bit.py
DA:11,1
DA:12,1
DA:13,1
DA:14,1
DA:15,1
LF:5
LH:5
FN:11,15,remove_bit
FNDA:1,remove_bit
FNF:1
FNH:1
end_of_record
SF:algorithms/algorithms/bit/reverse_bits.py
DA:9,1
DA:10,1
DA:11,1
DA:12,1
DA:13,1
DA:14,1
DA:15,1
DA:16,1
LF:8
LH:8
FN:9,16,reverse_bits
FNDA:1,reverse_bits
FNF:1
FNH:1
end_of_record
SF:algorithms/algorithms/bit/single_number.py
DA:13,1
DA:20,1
DA:21,1
DA:22,1
DA:23,1
LF:5
LH:5
FN:13,23,single_number
FNDA:1,single_number
FNF:1
FNH:1
end_of_record
SF:algorithms/algorithms/bit/single_number2.py
DA:22,1
DA:23,1
DA:24,1
DA:25,1
DA:26,1
DA:27,1
LF:6
LH:6
FN:22,27,single_number2
FNDA:1,single_number2
FNF:1
FNH:1
end_of_record
SF:algorithms/algorithms/bit/single_number3.py
DA:29,1
DA:35,1
DA:36,1
DA:37,1
DA:40,1
DA:43,1
DA:44,1
DA:45,1
DA:46,1
DA:48,1
DA:49,1
LF:11
LH:11
FN:29,49,single_number3
FNDA:1,single_number3
FNF:1
FNH:1
end_of_record
SF:algorithms/algorithms/bit/subsets.py
DA:21,1
DA:26,1
DA:27,1
DA:28,1
DA:30,1
DA:31,1
DA:32,1
DA:34,1
DA:35,1
LF:9
LH:9
FN:21,34,subsets
FNDA:1,subsets
FNF:1
FNH:1
end_of_record
SF:algorithms/algorithms/bit/swap_pair.py
DA:10,1
DA:16,1
DA:18,1
DA:20,1
DA:21,1
LF:5
LH:5
FN:16,21,swap_pair
FNDA:1,swap_pair
FNF:1
FNH:1
end_of_record
SF:algorithms/algorithms/compression/__init__.py
end_of_record
SF:algorithms/algorithms/compression/elias.py
DA:12,1
DA:14,1
DA:17,1
DA:18,1
DA:19,1
DA:22,1
DA:23,1
DA:25,1
DA:32,1
DA:33,1
DA:35,1
DA:37,1
DA:39,1
DA:41,1
DA:43,1
DA:47,1
DA:49,1
DA:53,1
LF:18
LH:18
FN:17,19,binary
FNDA:1,binary
FN:22,23,unary
FNDA:1,unary
FN:25,41,elias_generic
FNDA:1,elias_generic
FN:43,47,elias_gamma
FNDA:1,elias_gamma
FN:49,53,elias_delta
FNDA:1,elias_delta
FNF:5
FNH:5
end_of_record
SF:algorithms/algorithms/compression/huffman_coding.py
DA:8,1
DA:9,1
DA:12,1
DA:13,1
DA:14,1
DA:15,1
DA:16,1
DA:17,1
DA:19,1
DA:20,1
DA:22,1
DA:23,0
DA:25,1
DA:26,0
DA:28,1
DA:29,0
DA:31,1
DA:32,0
DA:35,1
DA:36,1
DA:37,1
DA:38,1
DA:39,1
DA:41,1
DA:42,1
DA:43,1
DA:45,1
DA:51,1
DA:52,1
DA:53,1
DA:55,1
DA:56,1
DA:57,1
DA:58,1
DA:59,1
DA:60,1
DA:61,1
DA:62,1
DA:63,1
DA:65,1
DA:66,1
DA:67,1
DA:69,1
DA:71,1
DA:73,1
DA:75,1
DA:81,1
DA:82,1
DA:83,1
DA:84,1
DA:85,1
DA:87,1
DA:93,1
DA:94,1
DA:96,1
DA:97,1
DA:99,1
DA:100,1
DA:102,1
DA:104,1
DA:105,1
DA:106,1
DA:107,1
DA:109,1
DA:111,1
DA:112,1
DA:113,1
DA:114,1
DA:116,1
DA:118,0
DA:121,1
DA:122,1
DA:123,1
DA:124,1
DA:125,1
DA:127,1
DA:128,0
DA:130,1
DA:131,1
DA:132,1
DA:134,1
DA:135,1
DA:137,1
DA:139,1
DA:140,1
DA:141,1
DA:142,1
DA:144,1
DA:150,1
DA:151,1
DA:153,1
DA:155,1
DA:156,1
DA:157,1
DA:158,1
DA:159,1
DA:160,1
DA:161,1
DA:162,1
DA:164,1
DA:165,1
DA:166,1
DA:167,1
DA:169,1
DA:175,0
DA:176,0
DA:177,0
DA:178,0
DA:180,0
DA:181,0
DA:183,0
DA:185,1
DA:186,1
DA:187,1
DA:188,0
DA:189,0
DA:192,1
DA:197,1
DA:198,1
DA:199,1
DA:200,1
DA:202,1
DA:208,1
DA:209,1
DA:210,1
DA:211,1
DA:213,0
DA:214,0
DA:216,1
DA:217,1
DA:218,1
DA:220,1
DA:222,1
DA:223,1
DA:224,1
DA:227,1
DA:228,1
DA:229,0
DA:231,1
DA:232,1
DA:233,1
DA:234,1
DA:235,1
DA:236,1
DA:238,1
DA:240,1
DA:242,1
DA:243,1
DA:244,1
DA:245,1
DA:247,1
DA:248,1
DA:249,1
DA:250,1
DA:251,1
DA:252,1
DA:254,1
DA:255,1
DA:256,1
DA:257,1
DA:258,0
DA:259,0
DA:261,1
DA:262,1
DA:263,1
DA:264,1
DA:265,1
DA:266,1
DA:267,1
DA:269,1
DA:270,1
DA:271,1
DA:272,1
DA:273,1
DA:275,1
DA:277,1
DA:278,1
DA:279,1
DA:280,1
DA:281,1
DA:282,1
DA:283,1
DA:285,1
DA:286,1
DA:287,1
DA:288,1
DA:289,1
DA:290,1
DA:291,1
DA:292,1
DA:293,1
DA:294,1
DA:296,1
DA:298,1
DA:300,1
DA:301,1
DA:302,1
DA:303,1
DA:304,1
DA:306,1
DA:307,1
DA:308,1
DA:309,1
DA:311,1
DA:312,1
DA:313,1
DA:314,1
DA:315,1
DA:317,1
DA:319,1
DA:320,1
DA:321,1
DA:322,1
DA:324,1
DA:325,1
DA:327,1
DA:328,1
LF:217
LH:197
FN:13,17,Node.__init__
FNDA:1,Node.__init__
FN:19,20,Node.__lt__
FNDA:1,Node.__lt__
FN:22,23,Node.__gt__
FNDA:0,Node.__gt__
FN:25,26,Node.__eq__
FNDA:0,Node.__eq__
FN:28,29,Node.__str__
FNDA:0,Node.__str__
FN:31,32,Node.__repr__
FNDA:0,Node.__repr__
FN:36,39,HuffmanReader.__init__
FNDA:1,HuffmanReader.__init__
FN:41,43,HuffmanReader.get_number_of_additional_bits_in_the_last_byte
FNDA:1,HuffmanReader.get_number_of_additional_bits_in_the_last_byte
FN:45,73,HuffmanReader.load_tree
FNDA:1,HuffmanReader.load_tree
FN:75,85,HuffmanReader._fill_tree
FNDA:1,HuffmanReader._fill_tree
FN:87,102,HuffmanReader._load_byte
FNDA:1,HuffmanReader._load_byte
FN:104,109,HuffmanReader.get_bit
FNDA:1,HuffmanReader.get_bit
FN:111,118,HuffmanReader.get_byte
FNDA:1,HuffmanReader.get_byte
FN:122,125,HuffmanWriter.__init__
FNDA:1,HuffmanWriter.__init__
FN:127,128,HuffmanWriter.write_char
FNDA:0,HuffmanWriter.write_char
FN:130,132,HuffmanWriter.write_int
FNDA:1,HuffmanWriter.write_int
FN:134,142,HuffmanWriter.write_bits
FNDA:1,HuffmanWriter.write_bits
FN:144,167,HuffmanWriter.save_tree
FNDA:1,HuffmanWriter.save_tree
FN:153,162,HuffmanWriter.save_tree.get_code_tree
FNDA:1,HuffmanWriter.save_tree.get_code_tree
FN:169,183,HuffmanWriter._save_information_about_additional_bits
FNDA:0,HuffmanWriter._save_information_about_additional_bits
FN:185,189,HuffmanWriter.close
FNDA:1,HuffmanWriter.close
FN:197,200,TreeFinder.__init__
FNDA:1,TreeFinder.__init__
FN:202,220,TreeFinder.find
FNDA:1,TreeFinder.find
FN:222,224,TreeFinder._reset
FNDA:1,TreeFinder._reset
FN:228,229,HuffmanCoding.__init__
FNDA:0,HuffmanCoding.__init__
FN:232,240,HuffmanCoding.decode_file
FNDA:1,HuffmanCoding.decode_file
FN:243,259,HuffmanCoding._decode_and_write_signs_to_file
FNDA:1,HuffmanCoding._decode_and_write_signs_to_file
FN:262,275,HuffmanCoding.encode_file
FNDA:1,HuffmanCoding.encode_file
FN:278,283,HuffmanCoding._encode_and_write_signs_to_file
FNDA:1,HuffmanCoding._encode_and_write_signs_to_file
FN:286,298,HuffmanCoding._get_char_frequency
FNDA:1,HuffmanCoding._get_char_frequency
FN:301,304,HuffmanCoding._generate_codes
FNDA:1,HuffmanCoding._generate_codes
FN:307,317,HuffmanCoding._create_tree
FNDA:1,HuffmanCoding._create_tree
FN:320,328,HuffmanCoding._go_through_tree_and_create_codes
FNDA:1,HuffmanCoding._go_through_tree_and_create_codes
FNF:33
FNH:26
end_of_record
SF:algorithms/algorithms/compression/rle_compression.py
DA:9,1
DA:16,1
DA:18,1
DA:19,1
DA:20,1
DA:22,1
DA:25,1
DA:27,1
DA:28,1
DA:30,1
DA:31,1
DA:34,1
DA:36,1
DA:39,1
DA:46,1
DA:47,1
DA:49,1
DA:51,1
DA:53,1
DA:54,1
DA:57,1
DA:58,1
LF:22
LH:22
FN:9,36,encode_rle
FNDA:1,encode_rle
FN:39,58,decode_rle
FNDA:1,decode_rle
FNF:2
FNH:2
end_of_record
SF:algorithms/algorithms/dfs/__init__.py
DA:1,1
DA:2,1
DA:3,1
DA:4,1
DA:5,1
DA:6,1
LF:6
LH:6
end_of_record
SF:algorithms/algorithms/dfs/all_factors.py
DA:30,1
DA:40,1
DA:54,1
DA:55,1
DA:56,1
DA:57,1
DA:58,1
DA:59,1
DA:60,1
DA:63,1
DA:76,1
DA:77,1
DA:78,1
DA:79,1
DA:80,1
DA:81,1
DA:82,1
DA:83,1
DA:84,1
DA:87,1
DA:98,1
DA:99,1
DA:100,1
DA:101,1
DA:102,1
DA:103,1
DA:104,1
DA:105,1
DA:106,1
DA:107,1
DA:108,1
DA:109,1
DA:111,1
LF:33
LH:33
FN:30,60,get_factors
FNDA:1,get_factors
FN:40,59,get_factors.factor
FNDA:1,get_factors.factor
FN:63,84,get_factors_iterative1
FNDA:1,get_factors_iterative1
FN:87,111,get_factors_iterative2
FNDA:1,get_factors_iterative2
FNF:4
FNH:4
end_of_record
SF:algorithms/algorithms/dfs/count_islands.py
DA:25,1
DA:26,1
DA:27,1
DA:28,1
DA:29,1
DA:30,1
DA:31,1
DA:32,1
DA:35,1
DA:36,1
DA:37,1
DA:38,1
DA:39,1
DA:40,1
DA:41,1
DA:42,1
DA:43,1
DA:44,1
LF:18
LH:18
FN:25,32,num_islands
FNDA:1,num_islands
FN:35,44,dfs
FNDA:1,dfs
FNF:2
FNH:2
end_of_record
SF:algorithms/algorithms/dfs/maze_search.py
DA:24,1
DA:25,1
DA:26,1
DA:29,1
DA:30,1
DA:32,1
DA:33,1
DA:35,1
DA:36,1
DA:37,1
DA:39,1
DA:40,0
DA:41,1
DA:43,1
DA:45,1
DA:46,1
DA:47,1
DA:49,1
DA:50,1
DA:51,1
DA:53,1
DA:55,1
LF:22
LH:21
FN:24,26,find_path
FNDA:1,find_path
FN:29,55,dfs
FNDA:1,dfs
FNF:2
FNH:2
end_of_record
SF:algorithms/algorithms/dfs/pacific_atlantic.py
DA:32,1
DA:37,1
DA:38,1
DA:39,1
DA:40,1
DA:41,1
DA:42,1
DA:43,1
DA:44,1
DA:45,1
DA:46,1
DA:47,1
DA:48,1
DA:49,1
DA:50,1
DA:51,1
DA:52,1
DA:53,1
DA:54,1
DA:56,1
DA:57,1
DA:58,1
DA:59,1
DA:60,1
DA:61,1
DA:62,1
DA:63,1
DA:64,1
DA:65,1
LF:29
LH:29
FN:32,54,pacific_atlantic
FNDA:1,pacific_atlantic
FN:56,65,dfs
FNDA:1,dfs
FNF:2
FNH:2
end_of_record
SF:algorithms/algorithms/dfs/sudoku_solver.py
DA:23,1
DA:24,1
DA:25,1
DA:26,1
DA:27,1
DA:28,1
DA:30,1
DA:31,1
DA:32,1
DA:33,1
DA:34,1
DA:35,1
DA:36,1
DA:37,1
DA:38,1
DA:39,1
DA:41,1
DA:42,1
DA:43,1
DA:44,1
DA:45,1
DA:47,1
DA:48,1
DA:49,1
DA:50,1
DA:51,1
DA:52,1
DA:53,1
DA:54,1
DA:55,1
DA:56,1
DA:57,0
DA:58,0
DA:60,1
DA:61,1
DA:62,1
DA:63,1
DA:64,1
DA:65,1
DA:66,1
DA:67,1
DA:68,1
DA:69,1
DA:70,0
DA:71,1
DA:73,1
DA:74,0
DA:75,0
DA:76,0
DA:77,0
DA:79,0
DA:80,0
DA:82,1
DA:90,0
DA:91,0
DA:92,0
DA:93,0
DA:94,0
DA:95,0
LF:59
LH:44
FN:24,28,Sudoku.__init__
FNDA:1,Sudoku.__init__
FN:30,45,Sudoku.possible_values
FNDA:1,Sudoku.possible_values
FN:47,58,Sudoku.solve
FNDA:1,Sudoku.solve
FN:60,71,Sudoku.valid_one
FNDA:1,Sudoku.valid_one
FN:73,80,Sudoku.undo
FNDA:0,Sudoku.undo
FN:82,95,Sudoku.__str__
FNDA:0,Sudoku.__str__
FNF:6
FNH:4
end_of_record
SF:algorithms/algorithms/dfs/walls_and_gates.py
DA:22,1
DA:23,1
DA:24,1
DA:25,1
DA:26,1
DA:29,1
DA:30,1
DA:31,1
DA:32,1
DA:33,1
DA:34,1
DA:35,1
DA:36,1
DA:37,1
DA:38,1
LF:15
LH:15
FN:22,26,walls_and_gates
FNDA:1,walls_and_gates
FN:29,38,dfs
FNDA:1,dfs
FNF:2
FNH:2
end_of_record
SF:algorithms/algorithms/distribution/__init__.py
end_of_record
SF:algorithms/algorithms/distribution/histogram.py
DA:17,1
DA:24,1
DA:26,1
DA:27,1
DA:28,1
LF:5
LH:5
FN:17,28,get_histogram
FNDA:1,get_histogram
FNF:1
FNH:1
end_of_record
SF:algorithms/algorithms/dp/__init__.py
DA:1,1
DA:2,1
DA:3,1
DA:4,1
DA:5,1
DA:6,1
DA:7,1
DA:8,1
DA:9,1
DA:10,1
DA:11,1
DA:12,1
DA:13,1
DA:14,1
DA:15,1
DA:16,1
DA:17,1
DA:18,1
DA:19,1
DA:20,1
DA:21,1
DA:22,1
DA:23,1
LF:23
LH:23
end_of_record
SF:algorithms/algorithms/dp/buy_sell_stock.py
DA:24,1
DA:29,1
DA:30,1
DA:31,1
DA:32,1
DA:33,1
DA:37,1
DA:44,1
DA:45,1
DA:46,1
DA:47,1
DA:48,1
LF:12
LH:12
FN:24,33,max_profit_naive
FNDA:1,max_profit_naive
FN:37,48,max_profit_optimized
FNDA:1,max_profit_optimized
FNF:2
FNH:2
end_of_record
SF:algorithms/algorithms/dp/climbing_stairs.py
DA:14,1
DA:19,1
DA:20,1
DA:21,1
DA:22,1
DA:28,1
DA:33,1
DA:34,1
DA:35,1
DA:36,1
LF:10
LH:10
FN:14,22,climb_stairs
FNDA:1,climb_stairs
FN:28,36,climb_stairs_optimized
FNDA:1,climb_stairs_optimized
FNF:2
FNH:2
end_of_record
SF:algorithms/algorithms/dp/coin_change.py
DA:19,1
DA:27,1
DA:30,1
DA:31,1
DA:32,1
DA:34,1
LF:6
LH:6
FN:19,34,count
FNDA:1,count
FNF:1
FNH:1
end_of_record
SF:algorithms/algorithms/dp/combination_sum.py
DA:30,1
DA:32,1
DA:39,1
DA:40,1
DA:41,1
DA:42,1
DA:43,1
DA:44,1
DA:45,1
DA:46,1
DA:49,1
DA:57,1
DA:58,1
DA:59,1
DA:61,1
DA:68,1
DA:69,1
DA:70,1
DA:71,1
DA:72,1
DA:73,1
DA:74,1
LF:22
LH:22
FN:32,46,helper_topdown
FNDA:1,helper_topdown
FN:49,59,combination_sum_topdown
FNDA:1,combination_sum_topdown
FN:61,74,combination_sum_bottom_up
FNDA:1,combination_sum_bottom_up
FNF:3
FNH:3
end_of_record
SF:algorithms/algorithms/dp/edit_distance.py
DA:46,1
DA:54,1
DA:56,1
DA:58,1
DA:59,1
DA:61,1
DA:62,1
DA:64,1
DA:65,1
DA:66,1
DA:67,1
DA:69,1
LF:12
LH:12
FN:46,69,edit_distance
FNDA:1,edit_distance
FNF:1
FNH:1
end_of_record
SF:algorithms/algorithms/dp/egg_drop.py
DA:25,1
DA:28,1
DA:36,1
DA:39,1
DA:40,1
DA:41,1
DA:44,1
DA:45,1
DA:49,1
DA:50,1
DA:51,1
DA:52,1
DA:53,1
DA:54,1
DA:55,1
DA:58,1
LF:16
LH:16
FN:28,58,egg_drop
FNDA:1,egg_drop
FNF:1
FNH:1
end_of_record
SF:algorithms/algorithms/dp/fib.py
DA:20,1
DA:34,1
DA:36,1
DA:37,1
DA:38,1
DA:43,1
DA:57,1
DA:59,1
DA:60,1
DA:61,1
DA:62,1
DA:67,1
DA:79,1
DA:81,1
DA:82,1
DA:83,1
DA:84,1
DA:85,0
DA:86,1
DA:87,1
DA:88,1
DA:89,1
DA:90,1
LF:23
LH:22
FN:20,38,fib_recursive
FNDA:1,fib_recursive
FN:43,62,fib_list
FNDA:1,fib_list
FN:67,90,fib_iter
FNDA:1,fib_iter
FNF:3
FNH:3
end_of_record
SF:algorithms/algorithms/dp/hosoya_triangle.py
DA:22,1
DA:27,1
DA:28,1
DA:29,1
DA:30,1
DA:31,1
DA:32,1
DA:33,1
DA:34,1
DA:35,1
DA:37,1
DA:42,0
DA:43,0
DA:44,0
DA:45,0
DA:47,1
DA:52,1
DA:53,1
DA:54,1
DA:55,1
DA:56,1
LF:21
LH:17
FN:22,35,hosoya
FNDA:1,hosoya
FN:37,45,print_hosoya
FNDA:0,print_hosoya
FN:47,56,hosoya_testing
FNDA:1,hosoya_testing
FNF:3
FNH:2
end_of_record
SF:algorithms/algorithms/dp/house_robber.py
DA:15,1
DA:16,1
DA:17,1
DA:18,1
DA:19,1
LF:5
LH:5
FN:15,19,house_robber
FNDA:1,house_robber
FNF:1
FNH:1
end_of_record
SF:algorithms/algorithms/dp/int_divide.py
DA:40,1
DA:45,1
DA:46,1
DA:47,1
DA:48,1
DA:49,1
DA:50,1
DA:51,1
DA:52,1
DA:54,1
DA:55,1
LF:11
LH:11
FN:40,55,int_divide
FNDA:1,int_divide
FNF:1
FNH:1
end_of_record
SF:algorithms/algorithms/dp/job_scheduling.py
DA:6,1
DA:10,1
DA:11,1
DA:12,1
DA:13,1
DA:15,1
DA:25,1
DA:26,1
DA:29,1
DA:30,1
DA:31,1
DA:32,0
DA:33,0
DA:35,0
DA:37,1
DA:38,1
DA:40,1
DA:47,1
DA:51,1
DA:52,1
DA:54,1
DA:57,1
DA:60,1
DA:61,1
DA:62,1
DA:63,0
DA:66,1
DA:68,1
LF:28
LH:24
FN:10,13,Job.__init__
FNDA:1,Job.__init__
FN:15,38,binary_search
FNDA:1,binary_search
FN:40,68,schedule
FNDA:1,schedule
FNF:3
FNH:3
end_of_record
SF:algorithms/algorithms/dp/k_factor.py
DA:33,1
DA:40,1
DA:41,1
DA:42,0
DA:44,1
DA:45,1
DA:46,1
DA:47,1
DA:49,1
DA:50,1
DA:51,1
DA:53,1
DA:56,1
DA:57,1
DA:60,1
DA:62,1
DA:64,1
DA:67,1
DA:68,1
DA:71,1
DA:73,1
DA:74,1
DA:75,1
DA:76,1
DA:77,1
DA:80,1
DA:81,1
DA:82,1
DA:83,1
DA:85,1
LF:30
LH:29
FN:33,85,find_k_factor
FNDA:1,find_k_factor
FNF:1
FNH:1
end_of_record
SF:algorithms/algorithms/dp/knapsack.py
DA:15,1
DA:17,1
DA:18,1
DA:19,1
DA:22,1
DA:23,1
DA:24,1
DA:25,1
DA:26,1
DA:27,1
LF:10
LH:10
FN:17,19,Item.__init__
FNDA:1,Item.__init__
FN:22,27,get_maximum_value
FNDA:1,get_maximum_value
FNF:2
FNH:2
end_of_record
SF:algorithms/algorithms/dp/longest_increasing.py
DA:24,1
DA:31,1
DA:32,1
DA:33,1
DA:34,1
DA:35,1
DA:36,1
DA:37,1
DA:38,1
DA:41,1
DA:51,0
DA:52,0
DA:54,0
DA:55,0
DA:56,0
DA:57,0
DA:58,0
DA:59,0
DA:60,0
DA:62,0
DA:63,0
DA:65,0
DA:66,0
DA:67,0
DA:68,0
DA:69,0
DA:70,0
DA:71,0
DA:73,0
DA:74,0
DA:75,0
DA:76,0
DA:77,0
DA:78,0
DA:81,1
DA:89,0
DA:90,0
DA:91,0
DA:92,0
DA:93,0
DA:94,0
DA:95,0
DA:96,0
DA:97,0
DA:98,0
DA:100,0
DA:101,0
DA:103,0
DA:104,0
DA:105,0
DA:106,0
DA:107,0
DA:108,0
DA:109,0
DA:111,0
DA:112,0
DA:113,0
DA:114,0
DA:115,0
DA:116,0
DA:117,0
LF:61
LH:11
FN:24,38,longest_increasing_subsequence
FNDA:1,longest_increasing_subsequence
FN:41,78,longest_increasing_subsequence_optimized
FNDA:0,longest_increasing_subsequence_optimized
FN:54,63,longest_increasing_subsequence_optimized.update
FNDA:0,longest_increasing_subsequence_optimized.update
FN:65,72,longest_increasing_subsequence_optimized.get_max
FNDA:0,longest_increasing_subsequence_optimized.get_max
FN:81,117,longest_increasing_subsequence_optimized2
FNDA:0,longest_increasing_subsequence_optimized2
FN:92,101,longest_increasing_subsequence_optimized2.update
FNDA:0,longest_increasing_subsequence_optimized2.update
FN:103,110,longest_increasing_subsequence_optimized2.get_max
FNDA:0,longest_increasing_subsequence_optimized2.get_max
FNF:7
FNH:1
end_of_record
SF:algorithms/algorithms/dp/matrix_chain_order.py
DA:7,1
DA:10,1
DA:15,0
DA:16,0
DA:17,0
DA:18,0
DA:19,0
DA:20,0
DA:22,0
DA:23,0
DA:24,0
DA:25,0
DA:26,0
DA:27,0
DA:28,0
DA:31,1
DA:38,0
DA:39,0
DA:41,0
DA:42,0
DA:43,0
DA:44,0
DA:47,1
DA:51,0
DA:52,0
DA:55,0
DA:57,0
DA:58,0
DA:60,1
DA:61,0
LF:30
LH:5
FN:10,28,matrix_chain_order
FNDA:0,matrix_chain_order
FN:31,44,print_optimal_solution
FNDA:0,print_optimal_solution
FN:47,58,main
FNDA:0,main
FNF:3
FNH:0
end_of_record
SF:algorithms/algorithms/dp/max_product_subarray.py
DA:8,1
DA:11,1
DA:16,0
DA:17,0
DA:18,0
DA:19,0
DA:20,0
DA:21,0
DA:22,0
DA:25,1
DA:40,1
DA:42,0
DA:43,0
DA:44,0
DA:45,0
DA:46,0
DA:48,0
DA:49,0
DA:50,0
DA:51,0
DA:53,0
DA:54,0
DA:55,0
DA:57,0
DA:58,0
DA:59,0
DA:60,0
DA:62,0
DA:63,0
DA:66,0
LF:30
LH:4
FN:11,22,max_product
FNDA:0,max_product
FN:40,66,subarray_with_max_product
FNDA:0,subarray_with_max_product
FNF:2
FNH:0
end_of_record
SF:algorithms/algorithms/dp/max_subarray.py
DA:2,1
DA:3,1
DA:4,1
DA:5,1
DA:6,1
DA:7,1
DA:9,1
DA:10,1
DA:11,1
LF:9
LH:9
FN:2,7,max_subarray
FNDA:1,max_subarray
FNF:1
FNH:1
end_of_record
SF:algorithms/algorithms/dp/min_cost_path.py
DA:26,1
DA:29,1
DA:35,0
DA:37,0
DA:39,0
DA:41,0
DA:42,0
DA:43,0
DA:45,0
DA:48,1
DA:49,0
DA:53,0
DA:55,0
DA:56,0
DA:58,0
LF:15
LH:3
FN:29,45,min_cost
FNDA:0,min_cost
FNF:1
FNH:0
end_of_record
SF:algorithms/algorithms/dp/num_decodings.py
DA:20,1
DA:25,0
DA:26,0
DA:27,0
DA:28,0
DA:29,0
DA:30,0
DA:31,0
DA:32,0
DA:33,0
DA:36,1
DA:41,0
DA:42,0
DA:43,0
DA:44,0
DA:45,0
DA:46,0
DA:48,0
DA:49,0
DA:50,0
DA:52,0
DA:55,0
DA:56,0
LF:23
LH:2
FN:20,33,num_decodings
FNDA:0,num_decodings
FN:36,56,num_decodings2
FNDA:0,num_decodings2
FNF:2
FNH:0
end_of_record
SF:algorithms/algorithms/dp/planting_trees.py
DA:11,1
DA:13,1
DA:27,1
DA:29,1
DA:31,1
DA:33,1
DA:35,1
DA:36,1
DA:37,1
DA:39,1
DA:40,1
DA:42,1
DA:43,1
DA:44,1
DA:49,1
LF:15
LH:15
FN:13,49,planting_trees
FNDA:1,planting_trees
FNF:1
FNH:1
end_of_record
SF:algorithms/algorithms/dp/regex_matching.py
DA:22,1
DA:29,1
DA:30,1
DA:33,1
DA:36,1
DA:37,1
DA:39,1
DA:40,1
DA:41,1
DA:44,1
DA:49,1
DA:58,1
DA:59,1
DA:61,1
LF:14
LH:14
FN:22,61,is_match
FNDA:1,is_match
FNF:1
FNH:1
end_of_record
SF:algorithms/algorithms/dp/rod_cut.py
DA:4,1
DA:6,1
DA:11,1
DA:12,1
DA:16,1
DA:17,1
DA:18,1
DA:19,1
DA:20,1
DA:22,1
DA:25,1
DA:26,1
LF:12
LH:12
FN:6,22,cut_rod
FNDA:1,cut_rod
FNF:1
FNH:1
end_of_record
SF:algorithms/algorithms/dp/word_break.py
DA:21,1
DA:27,0
DA:28,0
DA:29,0
DA:30,0
DA:31,0
DA:32,0
DA:33,0
DA:34,0
DA:37,1
DA:38,0
DA:39,0
DA:41,0
LF:13
LH:2
FN:21,34,word_break
FNDA:0,word_break
FNF:1
FNH:0
end_of_record
SF:algorithms/algorithms/graph/__init__.py
DA:5,1
DA:6,1
DA:7,1
DA:8,1
DA:9,1
DA:10,1
DA:11,1
DA:12,1
LF:8
LH:8
end_of_record
SF:algorithms/algorithms/graph/all_pairs_shortest_path.py
DA:25,1
DA:27,1
DA:33,1
DA:35,1
DA:36,1
DA:37,1
DA:38,1
DA:39,1
DA:40,1
DA:42,1
LF:10
LH:10
FN:27,42,all_pairs_shortest_path
FNDA:1,all_pairs_shortest_path
FNF:1
FNH:1
end_of_record
SF:algorithms/algorithms/graph/bellman_ford.py
DA:5,1
DA:21,1
DA:22,1
DA:24,1
DA:26,1
DA:27,1
DA:28,1
DA:29,1
DA:30,1
DA:31,1
DA:33,1
DA:34,1
DA:35,1
DA:36,0
DA:38,1
DA:40,1
DA:44,1
DA:45,1
DA:46,1
DA:48,1
LF:20
LH:19
FN:5,38,bellman_ford
FNDA:1,bellman_ford
FN:40,48,initialize_single_source
FNDA:1,initialize_single_source
FNF:2
FNH:2
end_of_record
SF:algorithms/algorithms/graph/check_bipartite.py
DA:6,1
DA:14,1
DA:18,1
DA:19,1
DA:21,1
DA:23,1
DA:24,1
DA:27,1
DA:28,0
DA:30,1
DA:31,1
DA:32,1
DA:33,1
DA:35,1
DA:37,1
DA:38,1
DA:40,1
LF:17
LH:16
FN:6,40,check_bipartite
FNDA:1,check_bipartite
FNF:1
FNH:1
end_of_record
SF:algorithms/algorithms/graph/check_digraph_strongly_connected.py
DA:8,1
DA:10,1
DA:15,1
DA:20,1
DA:21,1
DA:23,1
DA:27,1
DA:29,1
DA:33,1
DA:34,1
DA:35,1
DA:36,1
DA:37,1
DA:39,1
DA:43,1
DA:44,1
DA:45,1
DA:46,1
DA:48,1
DA:52,1
DA:53,1
DA:54,1
DA:57,1
DA:58,1
DA:61,1
DA:65,1
DA:66,1
DA:67,1
DA:68,1
DA:69,1
LF:30
LH:30
FN:15,21,Graph.__init__
FNDA:1,Graph.__init__
FN:23,27,Graph.add_edge
FNDA:1,Graph.add_edge
FN:29,37,Graph.dfs
FNDA:1,Graph.dfs
FN:39,46,Graph.dfs_util
FNDA:1,Graph.dfs_util
FN:48,58,Graph.reverse_graph
FNDA:1,Graph.reverse_graph
FN:61,69,Graph.is_strongly_connected
FNDA:1,Graph.is_strongly_connected
FNF:6
FNH:6
end_of_record
SF:algorithms/algorithms/graph/count_connected_number_of_component.py
DA:22,1
DA:25,1
DA:26,1
DA:27,1
DA:28,1
DA:30,1
DA:36,1
DA:37,1
DA:38,1
DA:39,1
DA:40,1
DA:41,1
DA:42,1
DA:44,1
DA:48,0
DA:49,0
DA:50,0
DA:51,0
DA:52,0
DA:53,0
DA:54,0
DA:55,0
DA:58,1
DA:59,0
LF:24
LH:15
FN:22,28,dfs
FNDA:1,dfs
FN:30,42,count_components
FNDA:1,count_components
FN:44,55,main
FNDA:0,main
FNF:3
FNH:2
end_of_record
SF:algorithms/algorithms/graph/cycle_detection.py
DA:8,1
DA:11,1
DA:18,1
DA:19,1
DA:20,1
DA:22,1
DA:28,1
DA:29,1
DA:30,1
DA:31,1
DA:32,1
DA:33,1
DA:34,1
DA:35,1
DA:38,1
DA:50,1
DA:51,1
DA:52,1
DA:54,1
DA:55,1
LF:20
LH:20
FN:22,35,is_in_cycle
FNDA:1,is_in_cycle
FN:38,55,contains_cycle
FNDA:1,contains_cycle
FNF:2
FNH:2
end_of_record
SF:algorithms/algorithms/graph/dijkstra.py
DA:5,1
DA:10,1
DA:11,1
DA:12,1
DA:14,1
DA:18,1
DA:19,1
DA:20,1
DA:21,1
DA:22,1
DA:23,1
DA:24,1
DA:25,1
DA:27,1
DA:31,1
DA:32,1
DA:33,1
DA:35,1
DA:37,1
DA:40,1
DA:43,1
DA:44,1
DA:45,1
DA:46,1
DA:47,1
DA:49,1
LF:26
LH:26
FN:10,12,Dijkstra.__init__
FNDA:1,Dijkstra.__init__
FN:14,25,Dijkstra.min_distance
FNDA:1,Dijkstra.min_distance
FN:27,49,Dijkstra.dijkstra
FNDA:1,Dijkstra.dijkstra
FNF:3
FNH:3
end_of_record
SF:algorithms/algorithms/graph/find_path.py
DA:6,1
DA:10,0
DA:11,0
DA:12,0
DA:13,0
DA:14,0
DA:15,0
DA:16,0
DA:17,0
DA:18,0
DA:19,0
DA:22,1
DA:26,1
DA:27,1
DA:28,1
DA:29,1
DA:30,0
DA:31,1
DA:32,1
DA:33,1
DA:34,1
DA:35,1
DA:36,1
DA:37,1
DA:39,1
DA:43,0
DA:44,0
DA:45,0
DA:46,0
DA:47,0
DA:48,0
DA:49,0
DA:50,0
DA:51,0
DA:52,0
DA:53,0
DA:54,0
DA:55,0
LF:38
LH:14
FN:6,19,find_path
FNDA:0,find_path
FN:22,37,find_all_path
FNDA:1,find_all_path
FN:39,55,find_shortest_path
FNDA:0,find_shortest_path
FNF:3
FNH:1
end_of_record
SF:algorithms/algorithms/graph/graph.py
DA:6,1
DA:11,1
DA:12,1
DA:14,1
DA:15,1
DA:19,1
DA:20,1
DA:21,1
DA:22,1
DA:23,0
DA:25,1
DA:26,1
DA:28,1
DA:29,0
DA:31,1
DA:32,1
DA:34,1
DA:35,0
DA:37,1
DA:38,1
DA:40,1
DA:41,0
DA:43,1
DA:44,0
DA:46,1
DA:47,0
DA:49,1
DA:50,0
DA:52,1
DA:58,1
DA:59,1
DA:60,1
DA:62,1
DA:63,0
DA:64,0
DA:65,0
DA:67,1
DA:68,0
DA:70,1
DA:77,1
DA:78,1
DA:79,1
DA:80,1
DA:82,1
DA:83,1
DA:84,1
DA:85,1
DA:86,1
DA:87,1
DA:88,1
DA:89,1
DA:91,1
DA:95,1
DA:96,1
DA:97,1
DA:98,1
DA:99,1
DA:100,1
DA:102,1
DA:106,1
DA:107,1
DA:108,1
DA:109,1
DA:110,0
DA:111,0
LF:65
LH:52
FN:11,12,Node.__init__
FNDA:1,Node.__init__
FN:15,23,Node.get_name
FNDA:1,Node.get_name
FN:25,26,Node.__eq__
FNDA:1,Node.__eq__
FN:28,29,Node.__repr__
FNDA:0,Node.__repr__
FN:31,32,Node.__hash__
FNDA:1,Node.__hash__
FN:34,35,Node.__ne__
FNDA:0,Node.__ne__
FN:37,38,Node.__lt__
FNDA:1,Node.__lt__
FN:40,41,Node.__le__
FNDA:0,Node.__le__
FN:43,44,Node.__gt__
FNDA:0,Node.__gt__
FN:46,47,Node.__ge__
FNDA:0,Node.__ge__
FN:49,50,Node.__bool__
FNDA:0,Node.__bool__
FN:58,60,DirectedEdge.__init__
FNDA:1,DirectedEdge.__init__
FN:62,65,DirectedEdge.__eq__
FNDA:0,DirectedEdge.__eq__
FN:67,68,DirectedEdge.__repr__
FNDA:0,DirectedEdge.__repr__
FN:77,89,DirectedGraph.__init__
FNDA:1,DirectedGraph.__init__
FN:91,100,DirectedGraph.add_node
FNDA:1,DirectedGraph.add_node
FN:102,111,DirectedGraph.add_edge
FNDA:1,DirectedGraph.add_edge
FNF:17
FNH:9
end_of_record
SF:algorithms/algorithms/graph/maximum_flow.py
DA:11,1
DA:14,1
DA:20,1
DA:21,1
DA:22,1
DA:23,1
DA:24,1
DA:25,1
DA:26,1
DA:27,1
DA:28,1
DA:29,1
DA:30,1
DA:31,1
DA:33,1
DA:39,1
DA:40,1
DA:41,1
DA:42,1
DA:43,1
DA:44,1
DA:45,1
DA:46,1
DA:48,1
DA:49,1
DA:51,1
DA:57,1
DA:58,1
DA:59,1
DA:60,1
DA:61,1
DA:62,1
DA:63,1
DA:64,1
DA:65,1
DA:66,1
DA:68,1
DA:69,1
DA:70,1
DA:71,1
DA:72,1
DA:73,1
DA:74,1
DA:75,1
DA:76,1
DA:77,1
DA:78,1
DA:79,1
DA:80,1
DA:81,1
DA:82,1
DA:83,1
DA:85,1
DA:86,1
DA:87,1
DA:88,1
DA:89,1
DA:90,1
DA:92,1
DA:97,0
DA:98,0
DA:99,0
DA:100,0
DA:101,0
DA:102,0
DA:103,0
DA:104,0
DA:105,0
DA:106,0
DA:107,0
DA:109,1
DA:114,0
DA:115,0
DA:116,0
DA:117,0
DA:118,0
DA:119,0
DA:120,0
DA:121,0
DA:122,0
DA:123,0
DA:124,0
DA:125,0
DA:126,0
DA:127,0
DA:129,1
DA:135,0
DA:136,0
DA:137,0
DA:138,0
DA:139,0
DA:140,0
DA:141,0
DA:142,0
DA:143,0
DA:144,0
DA:145,0
DA:146,0
DA:148,0
DA:149,0
LF:100
LH:61
FN:14,31,dfs
FNDA:1,dfs
FN:33,49,ford_fulkerson
FNDA:1,ford_fulkerson
FN:51,90,edmonds_karp
FNDA:1,edmonds_karp
FN:92,107,dinic_bfs
FNDA:0,dinic_bfs
FN:109,127,dinic_dfs
FNDA:0,dinic_dfs
FN:129,149,dinic
FNDA:0,dinic
FNF:6
FNH:3
end_of_record
SF:algorithms/algorithms/graph/maximum_flow_bfs.py
DA:24,1
DA:25,1
DA:26,1
DA:28,1
DA:33,1
DA:34,1
DA:36,1
DA:38,1
DA:40,1
DA:42,1
DA:45,1
DA:48,1
DA:49,1
DA:52,1
DA:54,1
DA:55,1
DA:57,1
DA:59,1
DA:60,1
DA:61,1
DA:64,1
DA:65,1
DA:68,1
DA:71,1
DA:73,1
DA:74,1
DA:75,1
DA:78,1
DA:81,1
DA:82,1
DA:83,1
DA:85,1
DA:87,1
LF:33
LH:33
FN:28,87,maximum_flow_bfs
FNDA:1,maximum_flow_bfs
FNF:1
FNH:1
end_of_record
SF:algorithms/algorithms/graph/maximum_flow_dfs.py
DA:24,1
DA:25,1
DA:27,1
DA:33,1
DA:34,1
DA:36,1
DA:38,1
DA:40,1
DA:42,1
DA:45,1
DA:48,1
DA:49,1
DA:52,1
DA:54,1
DA:55,1
DA:57,1
DA:59,1
DA:60,1
DA:61,1
DA:64,1
DA:65,1
DA:68,1
DA:71,1
DA:73,1
DA:74,1
DA:75,1
DA:78,1
DA:81,1
DA:82,1
DA:83,1
DA:85,1
DA:87,1
LF:32
LH:32
FN:27,87,maximum_flow_dfs
FNDA:1,maximum_flow_dfs
FNF:1
FNH:1
end_of_record
SF:algorithms/algorithms/graph/path_between_two_vertices_in_digraph.py
DA:5,1
DA:8,1
DA:13,1
DA:14,1
DA:15,1
DA:16,1
DA:18,1
DA:22,1
DA:24,1
DA:28,1
DA:29,1
DA:31,1
DA:37,1
DA:38,1
DA:39,1
DA:40,1
DA:41,1
DA:42,1
DA:43,1
DA:45,1
DA:49,1
DA:50,1
DA:51,1
LF:23
LH:23
FN:13,16,Graph.__init__
FNDA:1,Graph.__init__
FN:18,22,Graph.add_edge
FNDA:1,Graph.add_edge
FN:24,29,Graph.dfs
FNDA:1,Graph.dfs
FN:31,43,Graph.dfsutil
FNDA:1,Graph.dfsutil
FN:45,51,Graph.is_reachable
FNDA:1,Graph.is_reachable
FNF:5
FNH:5
end_of_record
SF:algorithms/algorithms/graph/prims_minimum_spanning.py
DA:18,1
DA:20,1
DA:24,1
DA:25,1
DA:26,1
DA:27,1
DA:29,1
DA:30,1
DA:31,1
DA:32,1
DA:34,1
DA:35,1
DA:36,1
DA:38,1
DA:39,1
DA:40,1
DA:42,1
LF:17
LH:17
FN:20,42,prims_minimum_spanning
FNDA:1,prims_minimum_spanning
FNF:1
FNH:1
end_of_record
SF:algorithms/algorithms/graph/strongly_connected_components_kosaraju.py
DA:7,1
DA:16,1
DA:17,1
DA:19,1
DA:20,1
DA:21,1
DA:23,1
DA:25,1
DA:27,1
DA:29,1
DA:30,1
DA:31,1
DA:33,1
DA:34,1
DA:36,1
DA:38,1
DA:40,1
DA:41,1
DA:42,1
DA:44,1
DA:45,1
DA:46,1
DA:47,1
DA:49,1
DA:52,1
DA:70,0
DA:71,0
DA:73,0
DA:74,0
DA:75,0
DA:77,0
DA:80,1
DA:81,0
LF:33
LH:26
FN:16,23,Kosaraju.dfs
FNDA:1,Kosaraju.dfs
FN:25,49,Kosaraju.kosaraju
FNDA:1,Kosaraju.kosaraju
FN:52,77,main
FNDA:0,main
FNF:3
FNH:2
end_of_record
SF:algorithms/algorithms/graph/tarjan.py
DA:6,1
DA:10,1
DA:14,1
DA:15,1
DA:16,1
DA:17,1
DA:21,1
DA:22,1
DA:24,1
DA:25,1
DA:26,1
DA:27,1
DA:29,1
DA:34,1
DA:35,1
DA:36,1
DA:37,1
DA:38,1
DA:41,1
DA:42,1
DA:44,1
DA:45,1
DA:46,1
DA:52,1
DA:55,1
DA:57,1
DA:58,1
DA:59,1
DA:60,1
DA:61,1
DA:62,1
DA:63,1
DA:64,1
DA:65,1
LF:34
LH:34
FN:14,27,Tarjan.__init__
FNDA:1,Tarjan.__init__
FN:29,65,Tarjan.strongconnect
FNDA:1,Tarjan.strongconnect
FNF:2
FNH:2
end_of_record
SF:algorithms/algorithms/greedy/__init__.py
DA:1,1
LF:1
LH:1
end_of_record
SF:algorithms/algorithms/greedy/max_contiguous_subsequence_sum.py
DA:25,1
DA:26,1
DA:28,1
DA:29,0
DA:31,1
DA:32,1
DA:34,1
DA:35,1
DA:36,1
DA:38,1
DA:40,1
DA:42,1
LF:12
LH:11
FN:25,42,max_contiguous_subsequence_sum
FNDA:1,max_contiguous_subsequence_sum
FNF:1
FNH:1
end_of_record
SF:algorithms/algorithms/heap/__init__.py
DA:1,1
DA:2,1
DA:3,1
DA:4,1
DA:5,1
LF:5
LH:5
end_of_record
SF:algorithms/algorithms/heap/binary_heap.py
DA:32,1
DA:35,1
DA:38,1
DA:41,1
DA:42,1
DA:45,1
DA:46,1
DA:49,1
DA:50,1
DA:53,1
DA:54,1
DA:57,1
DA:58,1
DA:62,1
DA:65,1
DA:66,1
DA:67,1
DA:69,1
DA:70,1
DA:71,1
DA:73,1
DA:74,1
DA:76,1
DA:85,1
DA:86,1
DA:87,1
DA:89,1
DA:93,1
DA:94,1
DA:95,0
DA:96,1
DA:97,1
DA:98,0
DA:100,1
DA:101,1
DA:102,1
DA:103,1
DA:105,1
DA:106,1
DA:107,1
DA:115,1
DA:116,1
DA:118,1
DA:119,1
DA:120,1
DA:121,1
DA:122,1
LF:47
LH:45
FN:38,39,AbstractHeap.__init__
FNDA:0,AbstractHeap.__init__
FN:42,43,AbstractHeap.perc_up
FNDA:0,AbstractHeap.perc_up
FN:46,47,AbstractHeap.insert
FNDA:0,AbstractHeap.insert
FN:50,51,AbstractHeap.perc_down
FNDA:0,AbstractHeap.perc_down
FN:54,55,AbstractHeap.min_child
FNDA:0,AbstractHeap.min_child
FN:58,59,AbstractHeap.remove_min
FNDA:0,AbstractHeap.remove_min
FN:65,67,BinaryHeap.__init__
FNDA:1,BinaryHeap.__init__
FN:69,74,BinaryHeap.perc_up
FNDA:1,BinaryHeap.perc_up
FN:76,91,BinaryHeap.insert
FNDA:1,BinaryHeap.insert
FN:93,98,BinaryHeap.min_child
FNDA:1,BinaryHeap.min_child
FN:100,106,BinaryHeap.perc_down
FNDA:1,BinaryHeap.perc_down
FN:115,122,BinaryHeap.remove_min
FNDA:1,BinaryHeap.remove_min
FNF:12
FNH:6
end_of_record
SF:algorithms/algorithms/heap/k_closest_points.py
DA:12,1
DA:15,1
DA:22,1
DA:23,1
DA:25,1
DA:30,1
DA:31,1
DA:33,1
DA:34,1
DA:43,1
DA:46,1
DA:48,1
LF:12
LH:12
FN:15,43,k_closest
FNDA:1,k_closest
FN:46,48,distance
FNDA:1,distance
FNF:2
FNH:2
end_of_record
SF:algorithms/algorithms/heap/merge_sorted_k_lists.py
DA:6,1
DA:7,1
DA:11,1
DA:14,1
DA:15,0
DA:16,0
DA:19,1
DA:21,0
DA:22,0
DA:23,0
DA:24,0
DA:25,0
DA:26,0
DA:27,0
DA:29,0
DA:30,0
DA:31,0
DA:33,0
DA:36,1
DA:38,0
DA:39,0
DA:40,0
DA:41,0
DA:42,0
DA:43,0
DA:44,0
DA:45,0
DA:46,0
DA:47,0
DA:48,0
DA:49,0
DA:52,1
LF:32
LH:7
FN:14,16,ListNode.__init__
FNDA:0,ListNode.__init__
FN:19,33,merge_k_lists
FNDA:0,merge_k_lists
FN:36,49,merge_k_lists
FNDA:0,merge_k_lists
FNF:3
FNH:0
end_of_record
SF:algorithms/algorithms/heap/skyline.py
DA:37,1
DA:39,1
DA:45,1
DA:46,1
DA:47,1
DA:48,1
DA:49,1
DA:50,1
DA:51,1
DA:52,1
DA:54,1
DA:55,1
DA:56,1
DA:57,1
DA:58,1
DA:59,1
DA:60,1
LF:17
LH:17
FN:39,60,get_skyline
FNDA:1,get_skyline
FNF:1
FNH:1
end_of_record
SF:algorithms/algorithms/heap/sliding_window_max.py
DA:20,1
DA:23,1
DA:29,1
DA:30,0
DA:31,1
DA:32,1
DA:33,1
DA:34,1
DA:35,1
DA:37,1
DA:38,1
DA:39,1
DA:40,1
DA:41,1
LF:14
LH:13
FN:23,41,max_sliding_window
FNDA:1,max_sliding_window
FNF:1
FNH:1
end_of_record
SF:algorithms/algorithms/linkedlist/__init__.py
DA:1,1
DA:2,1
DA:3,1
DA:4,1
DA:5,1
DA:6,1
DA:7,1
DA:8,1
DA:9,1
LF:9
LH:9
end_of_record
SF:algorithms/algorithms/linkedlist/copy_random_pointer.py
DA:7,1
DA:10,1
DA:11,1
DA:12,1
DA:13,1
DA:14,1
DA:17,1
DA:22,1
DA:23,1
DA:24,1
DA:25,1
DA:26,1
DA:27,1
DA:28,1
DA:29,1
DA:30,1
DA:31,1
DA:35,1
DA:40,1
DA:41,1
DA:42,1
DA:43,1
DA:44,1
DA:45,1
DA:46,1
DA:47,1
DA:48,1
LF:27
LH:27
FN:11,14,RandomListNode.__init__
FNDA:1,RandomListNode.__init__
FN:17,31,copy_random_pointer_v1
FNDA:1,copy_random_pointer_v1
FN:35,48,copy_random_pointer_v2
FNDA:1,copy_random_pointer_v2
FNF:3
FNH:3
end_of_record
SF:algorithms/algorithms/linkedlist/is_cyclic.py
DA:7,1
DA:9,1
DA:10,0
DA:11,0
DA:13,1
DA:18,1
DA:19,0
DA:20,1
DA:21,1
DA:22,1
DA:23,1
DA:24,1
DA:25,1
DA:26,1
DA:27,1
LF:15
LH:12
FN:9,11,Node.__init__
FNDA:0,Node.__init__
FN:13,27,is_cyclic
FNDA:1,is_cyclic
FNF:2
FNH:1
end_of_record
SF:algorithms/algorithms/linkedlist/is_palindrome.py
DA:1,1
DA:2,1
DA:3,0
DA:5,1
DA:6,1
DA:7,1
DA:8,1
DA:9,1
DA:10,1
DA:12,1
DA:13,1
DA:14,1
DA:15,1
DA:16,1
DA:17,1
DA:20,1
DA:21,1
DA:22,1
DA:23,1
DA:24,1
DA:25,1
DA:28,1
DA:29,1
DA:30,0
DA:33,1
DA:34,1
DA:35,1
DA:38,1
DA:39,1
DA:40,1
DA:41,1
DA:44,1
DA:45,1
DA:46,1
DA:47,1
DA:49,1
DA:52,1
DA:65,1
DA:66,0
DA:67,1
DA:68,1
DA:69,1
DA:70,1
DA:71,1
DA:73,1
DA:74,1
DA:75,1
DA:76,1
DA:77,1
DA:78,1
DA:79,1
DA:80,1
DA:82,1
DA:83,1
DA:84,1
DA:85,1
DA:86,1
DA:87,1
DA:88,0
DA:89,1
LF:60
LH:56
FN:1,25,is_palindrome
FNDA:1,is_palindrome
FN:28,49,is_palindrome_stack
FNDA:1,is_palindrome_stack
FN:52,89,is_palindrome_dict
FNDA:1,is_palindrome_dict
FNF:3
FNH:3
end_of_record
SF:algorithms/algorithms/linkedlist/is_sorted.py
DA:11,1
DA:12,1
DA:13,0
DA:14,1
DA:15,1
DA:16,1
DA:17,1
DA:18,1
DA:19,1
LF:9
LH:8
FN:11,19,is_sorted
FNDA:1,is_sorted
FNF:1
FNH:1
end_of_record
SF:algorithms/algorithms/linkedlist/merge_two_list.py
DA:9,1
DA:11,1
DA:12,1
DA:13,1
DA:15,1
DA:16,1
DA:17,1
DA:18,1
DA:19,1
DA:20,1
DA:22,1
DA:23,1
DA:24,1
DA:25,1
DA:26,1
DA:29,1
DA:30,1
DA:31,1
DA:32,1
DA:33,1
DA:34,1
DA:36,1
DA:37,1
LF:23
LH:23
FN:11,13,Node.__init__
FNDA:1,Node.__init__
FN:15,26,merge_two_list
FNDA:1,merge_two_list
FN:29,37,merge_two_list_recur
FNDA:1,merge_two_list_recur
FNF:3
FNH:3
end_of_record
SF:algorithms/algorithms/linkedlist/remove_range.py
DA:12,1
DA:13,1
DA:15,1
DA:16,1
DA:17,1
DA:18,1
DA:20,1
DA:22,1
DA:23,0
DA:25,1
DA:26,1
DA:27,1
DA:28,1
LF:13
LH:12
FN:12,28,remove_range
FNDA:1,remove_range
FNF:1
FNH:1
end_of_record
SF:algorithms/algorithms/linkedlist/reverse.py
DA:12,1
DA:17,1
DA:18,0
DA:19,1
DA:20,1
DA:21,1
DA:22,1
DA:23,1
DA:24,1
DA:25,1
DA:32,1
DA:37,1
DA:38,1
DA:39,1
DA:40,1
DA:41,1
DA:42,1
DA:43,1
LF:18
LH:17
FN:12,25,reverse_list
FNDA:1,reverse_list
FN:32,43,reverse_list_recursive
FNDA:1,reverse_list_recursive
FNF:2
FNH:2
end_of_record
SF:algorithms/algorithms/linkedlist/rotate_list.py
DA:17,1
DA:23,1
DA:24,0
DA:25,1
DA:26,1
DA:28,1
DA:29,1
DA:30,1
DA:32,1
DA:33,1
DA:35,1
DA:36,1
DA:37,1
DA:38,1
DA:39,1
LF:15
LH:14
FN:17,39,rotate_right
FNDA:1,rotate_right
FNF:1
FNH:1
end_of_record
SF:algorithms/algorithms/linkedlist/swap_in_pairs.py
DA:12,1
DA:13,1
DA:14,1
DA:15,1
DA:17,1
DA:18,1
DA:19,0
DA:20,1
DA:21,1
DA:22,1
DA:23,1
DA:24,1
DA:25,1
DA:26,1
DA:27,1
DA:28,1
DA:29,1
DA:30,1
LF:18
LH:17
FN:13,15,Node.__init__
FNDA:1,Node.__init__
FN:17,30,swap_pairs
FNDA:1,swap_pairs
FNF:2
FNH:2
end_of_record
SF:algorithms/algorithms/map/__init__.py
DA:1,1
DA:2,1
DA:3,1
DA:4,1
DA:5,1
DA:6,1
LF:6
LH:6
end_of_record
SF:algorithms/algorithms/map/hashtable.py
DA:1,1
DA:13,1
DA:14,1
DA:16,1
DA:17,1
DA:18,1
DA:19,1
DA:20,1
DA:22,1
DA:23,1
DA:25,1
DA:26,1
DA:28,1
DA:29,1
DA:30,1
DA:31,1
DA:32,1
DA:34,0
DA:35,0
DA:36,0
DA:38,1
DA:40,1
DA:42,1
DA:44,1
DA:45,1
DA:46,1
DA:47,1
DA:49,1
DA:50,1
DA:52,1
DA:54,1
DA:55,1
DA:57,1
DA:59,1
DA:60,1
DA:61,1
DA:62,1
DA:64,0
DA:65,1
DA:67,1
DA:68,1
DA:69,1
DA:70,1
DA:72,0
DA:73,0
DA:75,0
DA:77,1
DA:78,1
DA:80,1
DA:84,1
DA:86,1
DA:87,0
DA:89,1
DA:90,1
DA:92,1
DA:93,0
DA:95,1
DA:96,1
DA:99,1
DA:100,1
DA:102,1
DA:103,1
DA:105,1
DA:106,1
DA:108,1
DA:109,1
DA:111,1
DA:112,1
DA:113,1
DA:114,1
DA:115,1
DA:116,1
DA:117,1
DA:118,1
DA:119,1
LF:75
LH:66
FN:16,20,HashTable.__init__
FNDA:1,HashTable.__init__
FN:22,42,HashTable.put
FNDA:1,HashTable.put
FN:44,57,HashTable.get
FNDA:1,HashTable.get
FN:59,75,HashTable.del_
FNDA:1,HashTable.del_
FN:77,78,HashTable.hash
FNDA:1,HashTable.hash
FN:80,84,HashTable._rehash
FNDA:1,HashTable._rehash
FN:86,87,HashTable.__getitem__
FNDA:0,HashTable.__getitem__
FN:89,90,HashTable.__delitem__
FNDA:1,HashTable.__delitem__
FN:92,93,HashTable.__setitem__
FNDA:0,HashTable.__setitem__
FN:95,96,HashTable.__len__
FNDA:1,HashTable.__len__
FN:102,103,ResizableHashTable.__init__
FNDA:1,ResizableHashTable.__init__
FN:105,109,ResizableHashTable.put
FNDA:1,ResizableHashTable.put
FN:111,119,ResizableHashTable.__resize
FNDA:1,ResizableHashTable.__resize
FNF:13
FNH:11
end_of_record
SF:algorithms/algorithms/map/is_anagram.py
DA:17,1
DA:23,1
DA:24,1
DA:25,1
DA:26,1
DA:27,1
DA:28,1
DA:29,1
LF:8
LH:8
FN:17,29,is_anagram
FNDA:1,is_anagram
FNF:1
FNH:1
end_of_record
SF:algorithms/algorithms/map/is_isomorphic.py
DA:21,1
DA:27,1
DA:28,0
DA:29,1
DA:30,1
DA:31,1
DA:32,1
DA:33,1
DA:34,0
DA:35,1
DA:36,1
DA:38,1
DA:39,1
DA:40,1
LF:14
LH:12
FN:21,40,is_isomorphic
FNDA:1,is_isomorphic
FNF:1
FNH:1
end_of_record
SF:algorithms/algorithms/map/longest_palindromic_subsequence.py
DA:1,1
DA:3,1
DA:4,1
DA:5,1
DA:6,1
DA:7,1
DA:9,1
DA:10,1
DA:11,1
DA:12,1
DA:13,1
DA:14,1
DA:15,1
DA:16,1
DA:17,1
DA:19,1
DA:20,1
DA:21,1
DA:22,1
DA:23,1
DA:24,1
DA:25,1
DA:26,1
DA:29,1
LF:24
LH:24
FN:1,29,longest_palindromic_subsequence
FNDA:1,longest_palindromic_subsequence
FNF:1
FNH:1
end_of_record
SF:algorithms/algorithms/map/separate_chaining_hashtable.py
DA:1,1
DA:4,1
DA:5,1
DA:6,1
DA:7,1
DA:8,1
DA:11,1
DA:27,1
DA:29,1
DA:30,1
DA:31,1
DA:32,1
DA:34,1
DA:35,1
DA:36,1
DA:37,1
DA:38,1
DA:40,1
DA:41,0
DA:42,0
DA:43,0
DA:44,0
DA:45,1
DA:46,1
DA:48,1
DA:49,1
DA:50,1
DA:51,1
DA:52,1
DA:53,1
DA:54,1
DA:55,1
DA:57,1
DA:58,1
DA:59,1
DA:60,1
DA:61,1
DA:62,1
DA:63,1
DA:64,1
DA:66,0
DA:67,1
DA:68,1
DA:69,1
DA:71,1
DA:72,1
DA:74,1
DA:75,1
DA:77,1
DA:78,0
DA:80,1
DA:81,1
DA:83,1
DA:84,0
LF:54
LH:47
FN:5,8,Node.__init__
FNDA:1,Node.__init__
FN:29,32,SeparateChainingHashTable.__init__
FNDA:1,SeparateChainingHashTable.__init__
FN:34,46,SeparateChainingHashTable.put
FNDA:1,SeparateChainingHashTable.put
FN:48,55,SeparateChainingHashTable.get
FNDA:1,SeparateChainingHashTable.get
FN:57,69,SeparateChainingHashTable.del_
FNDA:1,SeparateChainingHashTable.del_
FN:71,72,SeparateChainingHashTable.hash
FNDA:1,SeparateChainingHashTable.hash
FN:74,75,SeparateChainingHashTable.__len__
FNDA:1,SeparateChainingHashTable.__len__
FN:77,78,SeparateChainingHashTable.__getitem__
FNDA:0,SeparateChainingHashTable.__getitem__
FN:80,81,SeparateChainingHashTable.__delitem__
FNDA:1,SeparateChainingHashTable.__delitem__
FN:83,84,SeparateChainingHashTable.__setitem__
FNDA:0,SeparateChainingHashTable.__setitem__
FNF:10
FNH:8
end_of_record
SF:algorithms/algorithms/map/word_pattern.py
DA:25,1
DA:26,1
DA:27,1
DA:28,1
DA:29,1
DA:30,0
DA:31,1
DA:32,1
DA:33,1
DA:34,1
DA:35,1
DA:36,1
DA:38,1
DA:39,1
DA:40,1
LF:15
LH:14
FN:25,40,word_pattern
FNDA:1,word_pattern
FNF:1
FNH:1
end_of_record
SF:algorithms/algorithms/maths/__init__.py
DA:4,1
DA:5,1
DA:6,1
DA:7,1
DA:8,1
DA:9,1
DA:10,1
DA:11,1
DA:12,1
DA:13,1
DA:14,1
DA:15,1
DA:16,1
DA:17,1
DA:18,1
DA:19,1
DA:20,1
DA:21,1
DA:22,1
DA:23,1
DA:24,1
DA:25,1
DA:26,1
DA:27,1
DA:28,1
LF:25
LH:25
end_of_record
SF:algorithms/algorithms/maths/base_conversion.py
DA:9,1
DA:11,1
DA:17,1
DA:18,1
DA:19,1
DA:20,1
DA:21,0
DA:22,0
DA:23,1
DA:24,1
DA:25,1
DA:26,1
DA:27,1
DA:28,1
DA:29,0
DA:30,1
DA:33,1
DA:41,1
DA:42,1
DA:43,1
DA:44,1
DA:45,1
DA:46,1
DA:47,1
DA:48,1
DA:49,1
LF:26
LH:23
FN:11,30,int_to_base
FNDA:1,int_to_base
FN:33,49,base_to_int
FNDA:1,base_to_int
FNF:2
FNH:2
end_of_record
SF:algorithms/algorithms/maths/chinese_remainder_theorem.py
DA:4,1
DA:5,1
DA:7,1
DA:20,1
DA:21,0
DA:22,1
DA:23,1
DA:24,1
DA:25,1
DA:26,0
DA:27,1
DA:28,1
DA:29,1
DA:30,1
DA:31,1
DA:32,1
DA:33,1
DA:34,1
DA:35,1
DA:36,1
DA:37,1
DA:38,1
DA:39,1
DA:41,1
DA:42,1
DA:43,1
DA:44,1
DA:45,1
DA:46,1
LF:29
LH:27
FN:7,39,solve_chinese_remainder
FNDA:1,solve_chinese_remainder
FN:41,46,_check_coprime
FNDA:1,_check_coprime
FNF:2
FNH:2
end_of_record
SF:algorithms/algorithms/maths/combination.py
DA:4,1
DA:6,1
DA:7,1
DA:8,1
DA:10,1
DA:12,1
DA:13,1
DA:14,1
DA:15,1
DA:16,1
DA:17,1
DA:18,1
DA:19,1
LF:13
LH:13
FN:4,8,combination
FNDA:1,combination
FN:10,19,combination_memo
FNDA:1,combination_memo
FN:13,18,combination_memo.recur
FNDA:1,combination_memo.recur
FNF:3
FNH:3
end_of_record
SF:algorithms/algorithms/maths/cosine_similarity.py
DA:8,1
DA:11,1
DA:15,1
DA:16,1
DA:17,1
DA:18,1
DA:19,1
DA:22,1
DA:28,1
DA:29,0
DA:32,1
DA:33,1
DA:35,1
DA:38,1
DA:39,1
DA:41,1
DA:43,1
LF:17
LH:16
FN:11,19,_l2_distance
FNDA:1,_l2_distance
FN:22,43,cosine_similarity
FNDA:1,cosine_similarity
FNF:2
FNH:2
end_of_record
SF:algorithms/algorithms/maths/decimal_to_binary_ip.py
DA:9,1
DA:15,1
DA:16,1
DA:17,1
DA:18,1
DA:19,1
DA:20,1
DA:21,1
DA:23,1
DA:25,1
DA:27,1
DA:31,1
DA:32,1
DA:33,1
DA:34,1
DA:35,1
LF:16
LH:16
FN:9,25,decimal_to_binary_util
FNDA:1,decimal_to_binary_util
FN:27,35,decimal_to_binary_ip
FNDA:1,decimal_to_binary_ip
FNF:2
FNH:2
end_of_record
SF:algorithms/algorithms/maths/diffie_hellman_key_exchange.py
DA:4,1
DA:5,1
DA:8,1
DA:12,1
DA:17,1
DA:18,0
DA:19,1
DA:20,1
DA:21,1
DA:22,1
DA:23,1
DA:24,1
DA:25,1
DA:26,1
DA:27,1
DA:28,1
DA:31,1
DA:37,1
DA:38,1
DA:40,1
DA:41,1
DA:42,1
DA:43,1
DA:44,1
DA:45,1
DA:46,1
DA:47,0
DA:50,1
DA:57,1
DA:60,1
DA:61,1
DA:62,1
DA:63,1
DA:64,1
DA:65,1
DA:66,1
DA:67,1
DA:68,1
DA:70,1
DA:77,1
DA:79,1
DA:81,1
DA:82,1
DA:83,1
DA:84,1
DA:85,1
DA:87,1
DA:88,1
DA:89,1
DA:90,1
DA:91,1
DA:94,1
DA:106,1
DA:110,1
DA:113,1
DA:117,1
DA:120,1
DA:124,1
DA:127,1
DA:131,1
DA:134,1
DA:138,1
DA:141,1
DA:145,1
DA:148,1
DA:150,1
DA:152,0
DA:153,1
DA:154,1
DA:156,1
DA:157,1
DA:158,1
DA:159,1
DA:160,1
DA:161,1
DA:163,1
DA:165,1
DA:166,1
DA:168,1
DA:169,1
DA:171,1
DA:172,0
DA:173,0
DA:174,0
DA:175,0
DA:179,1
DA:180,1
DA:181,1
DA:182,1
DA:184,1
LF:90
LH:83
FN:12,28,prime_check
FNDA:1,prime_check
FN:37,47,find_order
FNDA:1,find_order
FN:57,68,euler_totient
FNDA:1,euler_totient
FN:77,91,find_primitive_root
FNDA:1,find_primitive_root
FN:106,110,alice_private_key
FNDA:1,alice_private_key
FN:113,117,alice_public_key
FNDA:1,alice_public_key
FN:120,124,bob_private_key
FNDA:1,bob_private_key
FN:127,131,bob_public_key
FNDA:1,bob_public_key
FN:134,138,alice_shared_key
FNDA:1,alice_shared_key
FN:141,145,bob_shared_key
FNDA:1,bob_shared_key
FN:148,184,diffie_hellman_key_exchange
FNDA:1,diffie_hellman_key_exchange
FNF:11
FNH:11
end_of_record
SF:algorithms/algorithms/maths/euler_totient.py
DA:7,1
DA:10,0
DA:11,0
DA:12,0
DA:13,0
DA:14,0
DA:15,0
DA:16,0
DA:17,0
DA:18,0
LF:10
LH:1
FN:7,18,euler_totient
FNDA:0,euler_totient
FNF:1
FNH:0
end_of_record
SF:algorithms/algorithms/maths/extended_gcd.py
DA:6,1
DA:13,1
DA:14,1
DA:15,1
DA:17,1
DA:18,1
DA:20,1
DA:21,1
DA:22,1
DA:24,1
LF:10
LH:10
FN:6,24,extended_gcd
FNDA:1,extended_gcd
FNF:1
FNH:1
end_of_record
SF:algorithms/algorithms/maths/factorial.py
DA:4,1
DA:8,1
DA:9,1
DA:10,1
DA:11,1
DA:12,1
DA:13,1
DA:14,1
DA:15,1
DA:16,1
DA:17,1
DA:18,1
DA:19,1
DA:22,1
DA:26,1
DA:27,1
DA:28,1
DA:29,1
DA:30,1
DA:31,1
DA:32,1
DA:33,1
DA:34,1
DA:35,1
LF:24
LH:24
FN:4,19,factorial
FNDA:1,factorial
FN:22,35,factorial_recur
FNDA:1,factorial_recur
FNF:2
FNH:2
end_of_record
SF:algorithms/algorithms/maths/fft.py
DA:14,1
DA:16,1
DA:18,1
DA:19,1
DA:20,1
DA:23,1
DA:24,1
DA:26,1
DA:27,1
DA:28,1
DA:29,1
DA:30,1
DA:32,1
LF:13
LH:13
FN:16,32,fft
FNDA:1,fft
FNF:1
FNH:1
end_of_record
SF:algorithms/algorithms/maths/find_order_simple.py
DA:12,1
DA:14,1
DA:18,0
DA:20,0
DA:21,0
DA:22,0
DA:23,0
DA:24,0
DA:25,0
DA:26,0
DA:27,0
LF:11
LH:2
FN:14,27,find_order
FNDA:0,find_order
FNF:1
FNH:0
end_of_record
SF:algorithms/algorithms/maths/find_primitive_root_simple.py
DA:4,1
DA:6,1
DA:12,1
DA:17,0
DA:19,0
DA:20,0
DA:21,0
DA:22,0
DA:23,0
DA:24,0
DA:25,0
DA:26,0
DA:28,1
DA:35,1
DA:38,0
DA:39,0
DA:40,0
DA:41,0
DA:42,0
DA:43,0
DA:44,0
DA:45,0
DA:46,0
DA:48,1
DA:54,1
DA:55,0
DA:57,0
DA:58,0
DA:59,0
DA:60,0
DA:61,0
DA:63,0
DA:64,0
DA:65,0
DA:66,0
DA:67,0
LF:36
LH:7
FN:12,26,find_order
FNDA:0,find_order
FN:35,46,euler_totient
FNDA:0,euler_totient
FN:54,67,find_primitive_root
FNDA:0,find_primitive_root
FNF:3
FNH:0
end_of_record
SF:algorithms/algorithms/maths/gcd.py
DA:6,1
DA:12,1
DA:13,1
DA:14,1
DA:15,1
DA:16,1
DA:17,1
DA:19,1
DA:20,1
DA:22,1
DA:23,1
DA:24,1
DA:26,1
DA:28,1
DA:30,1
DA:41,1
DA:42,1
DA:43,1
DA:44,1
DA:45,1
DA:46,1
DA:48,1
DA:52,1
DA:54,1
DA:55,1
DA:56,1
DA:57,1
DA:58,1
DA:59,1
DA:60,1
DA:61,1
DA:62,1
DA:63,1
LF:33
LH:33
FN:6,24,gcd
FNDA:1,gcd
FN:26,28,lcm
FNDA:1,lcm
FN:41,46,trailing_zero
FNDA:1,trailing_zero
FN:52,63,gcd_bit
FNDA:1,gcd_bit
FNF:4
FNH:4
end_of_record
SF:algorithms/algorithms/maths/generate_strobogrammtic.py
DA:11,1
DA:17,1
DA:19,1
DA:20,1
DA:21,1
DA:22,1
DA:23,1
DA:24,1
DA:25,1
DA:26,1
DA:27,1
DA:28,0
DA:29,1
DA:30,1
DA:31,1
DA:32,1
DA:33,1
DA:35,1
DA:41,1
DA:42,1
DA:43,1
DA:44,1
DA:45,1
DA:46,1
DA:47,1
DA:48,1
DA:49,0
DA:50,1
DA:51,1
DA:52,1
DA:53,1
DA:55,1
DA:56,1
DA:57,0
DA:58,1
DA:59,0
DA:60,1
DA:61,1
DA:62,1
DA:63,1
DA:64,0
DA:65,1
DA:66,1
DA:67,1
DA:68,1
DA:69,1
LF:46
LH:41
FN:11,17,gen_strobogrammatic
FNDA:1,gen_strobogrammatic
FN:19,33,helper
FNDA:1,helper
FN:35,53,strobogrammatic_in_range
FNDA:1,strobogrammatic_in_range
FN:55,69,helper2
FNDA:1,helper2
FNF:4
FNH:4
end_of_record
SF:algorithms/algorithms/maths/hailstone.py
DA:8,1
DA:14,1
DA:15,1
DA:16,1
DA:17,1
DA:19,1
DA:20,1
DA:21,1
LF:8
LH:8
FN:8,21,hailstone
FNDA:1,hailstone
FNF:1
FNH:1
end_of_record
SF:algorithms/algorithms/maths/is_strobogrammatic.py
DA:12,1
DA:17,1
DA:18,1
DA:19,1
DA:20,1
DA:21,1
DA:22,1
DA:23,1
DA:24,1
DA:25,1
DA:28,1
DA:30,1
LF:12
LH:12
FN:12,25,is_strobogrammatic
FNDA:1,is_strobogrammatic
FN:28,30,is_strobogrammatic2
FNDA:1,is_strobogrammatic2
FNF:2
FNH:2
end_of_record
SF:algorithms/algorithms/maths/krishnamurthy_number.py
DA:21,1
DA:23,1
DA:24,1
DA:25,1
DA:26,1
DA:27,1
DA:30,1
DA:31,1
DA:32,1
DA:33,1
DA:34,1
DA:36,1
DA:39,1
DA:43,1
DA:46,1
LF:15
LH:15
FN:21,27,find_factorial
FNDA:1,find_factorial
FN:30,46,krishnamurthy_number
FNDA:1,krishnamurthy_number
FNF:2
FNH:2
end_of_record
SF:algorithms/algorithms/maths/magic_number.py
DA:16,1
DA:18,1
DA:23,1
DA:26,1
DA:27,1
DA:28,1
DA:29,1
DA:30,1
DA:33,1
LF:9
LH:9
FN:16,33,magic_number
FNDA:1,magic_number
FNF:1
FNH:1
end_of_record
SF:algorithms/algorithms/maths/modular_exponential.py
DA:1,1
DA:5,1
DA:6,1
DA:7,1
DA:8,1
DA:10,1
DA:12,1
DA:13,1
DA:14,1
DA:16,1
DA:18,1
LF:11
LH:11
FN:1,18,modular_exponential
FNDA:1,modular_exponential
FNF:1
FNH:1
end_of_record
SF:algorithms/algorithms/maths/modular_inverse.py
DA:4,1
DA:11,1
DA:12,1
DA:13,1
DA:15,1
DA:16,1
DA:18,1
DA:19,1
DA:20,1
DA:22,1
DA:25,1
DA:31,1
DA:32,1
DA:33,1
DA:34,1
LF:15
LH:15
FN:4,22,extended_gcd
FNDA:1,extended_gcd
FN:25,34,modular_inverse
FNDA:1,modular_inverse
FNF:2
FNH:2
end_of_record
SF:algorithms/algorithms/maths/next_perfect_square.py
DA:8,1
DA:9,1
DA:10,1
DA:11,1
DA:12,0
DA:14,1
DA:16,1
DA:17,1
LF:8
LH:7
FN:8,12,find_next_square
FNDA:1,find_next_square
FN:14,17,find_next_square2
FNDA:1,find_next_square2
FNF:2
FNH:2
end_of_record
SF:algorithms/algorithms/maths/num_digits.py
DA:6,1
DA:8,1
DA:9,1
DA:10,1
DA:11,1
DA:12,1
LF:6
LH:6
FN:8,12,num_digits
FNDA:1,num_digits
FNF:1
FNH:1
end_of_record
SF:algorithms/algorithms/maths/num_perfect_squares.py
DA:15,1
DA:17,1
DA:23,1
DA:24,1
DA:29,1
DA:30,1
DA:37,1
DA:38,1
DA:43,1
DA:44,1
DA:45,1
DA:47,1
LF:12
LH:12
FN:17,47,num_perfect_squares
FNDA:1,num_perfect_squares
FNF:1
FNH:1
end_of_record
SF:algorithms/algorithms/maths/polynomial.py
DA:3,1
DA:4,1
DA:5,1
DA:6,1
DA:9,1
DA:15,1
DA:34,1
DA:36,1
DA:37,1
DA:38,1
DA:40,1
DA:41,1
DA:42,1
DA:43,1
DA:45,1
DA:46,1
DA:47,1
DA:49,1
DA:50,1
DA:51,1
DA:52,1
DA:54,1
DA:55,1
DA:60,1
DA:61,1
DA:62,1
DA:64,1
DA:67,1
DA:73,1
DA:74,0
DA:75,1
DA:78,1
DA:84,1
DA:85,1
DA:87,1
DA:88,0
DA:90,1
DA:91,1
DA:92,1
DA:98,1
DA:101,1
DA:106,1
DA:109,1
DA:120,1
DA:121,1
DA:122,1
DA:124,1
DA:125,0
DA:127,1
DA:128,1
DA:129,1
DA:130,1
DA:132,1
DA:134,1
DA:135,1
DA:136,1
DA:137,1
DA:139,1
DA:142,1
DA:152,1
DA:153,1
DA:154,1
DA:155,1
DA:156,1
DA:157,1
DA:160,1
DA:166,1
DA:167,1
DA:168,1
DA:169,1
DA:170,0
DA:172,1
DA:173,1
DA:176,1
DA:181,0
DA:184,1
DA:188,1
DA:189,1
DA:192,1
DA:196,1
DA:197,1
DA:200,1
DA:206,1
DA:207,1
DA:208,1
DA:209,1
DA:210,1
DA:211,1
DA:212,1
DA:213,0
DA:214,1
DA:216,1
DA:230,1
DA:231,1
DA:232,1
DA:233,1
DA:234,1
DA:235,1
DA:237,1
DA:242,1
DA:244,1
DA:250,1
DA:251,1
DA:253,1
DA:254,1
DA:255,1
DA:256,1
DA:257,1
DA:258,1
DA:259,1
DA:260,1
DA:262,1
DA:267,1
DA:268,1
DA:270,1
DA:271,1
DA:272,1
DA:273,1
DA:274,1
DA:275,1
DA:276,1
DA:277,1
DA:278,1
DA:279,0
DA:281,1
DA:282,1
DA:283,1
DA:286,1
DA:294,1
DA:309,1
DA:310,1
DA:311,1
DA:312,1
DA:313,1
DA:314,1
DA:316,0
DA:317,1
DA:319,1
DA:320,1
DA:325,1
DA:326,1
DA:327,1
DA:329,1
DA:333,1
DA:338,1
DA:339,0
DA:340,1
DA:341,1
DA:343,1
DA:344,1
DA:345,1
DA:346,1
DA:347,1
DA:348,1
DA:349,1
DA:351,1
DA:352,1
DA:353,1
DA:354,1
DA:356,1
DA:357,1
DA:358,1
DA:359,1
DA:361,0
DA:364,1
DA:370,1
DA:371,0
DA:372,1
DA:373,1
DA:374,1
DA:375,1
DA:376,1
DA:377,1
DA:378,1
DA:379,1
DA:380,1
DA:382,1
DA:383,1
DA:385,1
DA:386,1
DA:388,1
DA:389,1
DA:390,1
DA:391,1
DA:392,1
DA:395,0
DA:399,1
DA:404,1
DA:405,0
DA:406,0
DA:407,0
DA:408,0
DA:409,0
DA:410,1
DA:411,0
DA:412,0
DA:413,0
DA:414,0
DA:415,0
DA:416,1
DA:417,1
DA:418,1
DA:420,1
DA:422,1
DA:423,1
DA:424,1
DA:426,1
DA:428,0
DA:431,1
DA:436,0
DA:439,1
DA:446,1
DA:447,0
DA:448,1
DA:449,1
DA:450,1
DA:451,1
DA:452,1
DA:453,0
DA:454,0
DA:455,0
DA:456,0
DA:457,1
DA:458,1
DA:459,1
DA:460,1
DA:462,1
DA:467,1
DA:471,1
DA:473,1
DA:478,1
DA:479,1
DA:480,1
DA:481,1
DA:483,1
DA:485,1
DA:489,1
DA:492,1
DA:497,1
DA:498,0
DA:499,0
DA:500,1
DA:501,0
DA:502,1
DA:503,1
DA:505,0
DA:508,1
DA:514,1
DA:515,1
DA:516,1
DA:517,1
DA:518,0
DA:519,1
DA:520,1
DA:522,1
DA:523,1
DA:524,1
DA:525,1
DA:527,1
DA:532,0
LF:260
LH:225
FN:15,52,Monomial.__init__
FNDA:1,Monomial.__init__
FN:55,64,Monomial._rationalize_if_possible
FNDA:1,Monomial._rationalize_if_possible
FN:67,75,Monomial.equal_upto_scalar
FNDA:1,Monomial.equal_upto_scalar
FN:78,98,Monomial.__add__
FNDA:1,Monomial.__add__
FN:101,106,Monomial.__eq__
FNDA:1,Monomial.__eq__
FN:109,139,Monomial.__mul__
FNDA:1,Monomial.__mul__
FN:142,157,Monomial.inverse
FNDA:1,Monomial.inverse
FN:160,173,Monomial.__truediv__
FNDA:1,Monomial.__truediv__
FN:176,181,Monomial.__floordiv__
FNDA:0,Monomial.__floordiv__
FN:184,189,Monomial.clone
FNDA:1,Monomial.clone
FN:192,197,Monomial.clean
FNDA:1,Monomial.clean
FN:200,214,Monomial.__sub__
FNDA:1,Monomial.__sub__
FN:216,235,Monomial.__hash__
FNDA:1,Monomial.__hash__
FN:237,242,Monomial.all_variables
FNDA:1,Monomial.all_variables
FN:244,260,Monomial.substitute
FNDA:1,Monomial.substitute
FN:262,283,Monomial.__str__
FNDA:1,Monomial.__str__
FN:294,317,Polynomial.__init__
FNDA:1,Polynomial.__init__
FN:320,329,Polynomial._rationalize_if_possible
FNDA:1,Polynomial._rationalize_if_possible
FN:333,361,Polynomial.__add__
FNDA:1,Polynomial.__add__
FN:364,396,Polynomial.__sub__
FNDA:1,Polynomial.__sub__
FN:399,428,Polynomial.__mul__
FNDA:1,Polynomial.__mul__
FN:431,436,Polynomial.__floordiv__
FNDA:0,Polynomial.__floordiv__
FN:439,464,Polynomial.__truediv__
FNDA:1,Polynomial.__truediv__
FN:467,471,Polynomial.clone
FNDA:1,Polynomial.clone
FN:473,483,Polynomial.variables
FNDA:1,Polynomial.variables
FN:485,489,Polynomial.all_monomials
FNDA:1,Polynomial.all_monomials
FN:492,505,Polynomial.__eq__
FNDA:1,Polynomial.__eq__
FN:508,525,Polynomial.subs
FNDA:1,Polynomial.subs
FN:527,532,Polynomial.__str__
FNDA:0,Polynomial.__str__
FNF:29
FNH:26
end_of_record
SF:algorithms/algorithms/maths/power.py
DA:5,1
DA:15,1
DA:16,1
DA:17,1
DA:18,1
DA:19,1
DA:20,1
DA:21,1
DA:22,1
DA:23,1
DA:24,1
DA:27,1
DA:37,1
DA:38,1
DA:39,1
DA:40,1
DA:42,1
DA:43,1
DA:44,1
DA:45,1
DA:46,1
DA:47,1
DA:48,1
LF:23
LH:23
FN:5,24,power
FNDA:1,power
FN:27,48,power_recur
FNDA:1,power_recur
FNF:2
FNH:2
end_of_record
SF:algorithms/algorithms/maths/prime_check.py
DA:1,1
DA:6,0
DA:7,0
DA:8,0
DA:9,0
DA:10,0
DA:11,0
DA:12,0
DA:13,0
DA:14,0
DA:15,0
DA:16,0
DA:17,0
LF:13
LH:1
FN:1,17,prime_check
FNDA:0,prime_check
FNF:1
FNH:0
end_of_record
SF:algorithms/algorithms/maths/primes_sieve_of_eratosthenes.py
DA:27,1
DA:31,1
DA:32,1
DA:34,1
DA:35,1
DA:36,1
DA:37,1
DA:38,1
DA:39,1
DA:40,1
DA:41,1
DA:42,1
DA:43,1
DA:44,1
DA:45,1
LF:15
LH:15
FN:27,45,get_primes
FNDA:1,get_primes
FNF:1
FNH:1
end_of_record
SF:algorithms/algorithms/maths/pythagoras.py
DA:6,1
DA:11,1
DA:12,1
DA:13,0
DA:14,1
DA:15,0
DA:16,1
DA:17,1
DA:18,0
DA:19,0
DA:20,0
LF:11
LH:6
FN:6,20,pythagoras
FNDA:1,pythagoras
FNF:1
FNH:1
end_of_record
SF:algorithms/algorithms/maths/rabin_miller.py
DA:7,1
DA:10,1
DA:12,1
DA:14,1
DA:15,1
DA:16,1
DA:17,1
DA:18,1
DA:20,1
DA:26,1
DA:28,1
DA:29,1
DA:31,1
DA:32,1
DA:34,1
DA:35,0
DA:36,1
DA:37,1
DA:39,1
DA:42,1
DA:43,0
DA:45,1
DA:47,1
DA:48,1
DA:49,1
DA:51,1
LF:26
LH:24
FN:10,51,is_prime
FNDA:1,is_prime
FN:12,18,is_prime.pow2_factor
FNDA:1,is_prime.pow2_factor
FN:20,39,is_prime.valid_witness
FNDA:1,is_prime.valid_witness
FNF:3
FNH:3
end_of_record
SF:algorithms/algorithms/maths/rsa.py
DA:31,1
DA:34,1
DA:40,0
DA:43,0
DA:44,0
DA:45,0
DA:46,0
DA:48,0
DA:51,0
DA:52,0
DA:53,0
DA:54,0
DA:55,0
DA:56,0
DA:57,0
DA:59,0
DA:60,0
DA:61,0
DA:62,0
DA:63,0
DA:66,0
DA:67,0
DA:69,0
DA:71,0
DA:72,0
DA:73,0
DA:74,0
DA:76,0
DA:77,0
DA:78,0
DA:79,0
DA:81,0
DA:82,0
DA:83,0
DA:85,0
DA:88,1
DA:89,1
DA:92,1
DA:93,1
LF:39
LH:6
FN:34,85,generate_key
FNDA:0,generate_key
FN:40,46,generate_key.modinv
FNDA:0,generate_key.modinv
FN:48,63,generate_key.gen_prime
FNDA:0,generate_key.gen_prime
FN:51,57,generate_key.gen_prime.is_prime
FNDA:0,generate_key.gen_prime.is_prime
FN:88,89,encrypt
FNDA:1,encrypt
FN:92,93,decrypt
FNDA:1,decrypt
FNF:6
FNH:2
end_of_record
SF:algorithms/algorithms/matrix/__init__.py
end_of_record
SF:algorithms/algorithms/matrix/bomb_enemy.py
DA:21,1
DA:22,1
DA:23,0
DA:24,1
DA:25,1
DA:26,1
DA:28,1
DA:29,1
DA:31,1
DA:32,1
DA:34,1
DA:35,1
DA:37,1
DA:39,1
DA:41,1
DA:45,1
DA:46,1
DA:47,1
DA:48,1
DA:49,1
DA:50,1
DA:51,1
DA:52,1
DA:56,1
DA:57,1
DA:58,1
DA:59,1
DA:60,1
DA:61,1
DA:62,1
DA:63,1
DA:68,1
DA:72,1
DA:75,1
DA:76,1
DA:77,0
DA:80,0
DA:82,1
DA:83,0
DA:88,0
DA:93,0
DA:94,0
DA:97,1
DA:98,0
LF:44
LH:36
FN:21,41,max_killed_enemies
FNDA:1,max_killed_enemies
FN:45,52,row_kills
FNDA:1,row_kills
FN:56,63,col_kills
FNDA:1,col_kills
FN:76,80,TestBombEnemy.test_3x4
FNDA:0,TestBombEnemy.test_3x4
FN:82,94,TestBombEnemy.test_4x4
FNDA:0,TestBombEnemy.test_4x4
FNF:5
FNH:3
end_of_record
SF:algorithms/algorithms/matrix/cholesky_matrix_decomposition.py
DA:24,1
DA:27,1
DA:33,1
DA:34,1
DA:35,1
DA:36,1
DA:37,1
DA:38,1
DA:39,1
DA:40,1
DA:41,1
DA:42,1
DA:43,1
DA:44,1
DA:45,1
DA:46,1
DA:47,1
DA:48,1
DA:49,1
DA:50,1
DA:51,1
LF:21
LH:21
FN:27,51,cholesky_decomposition
FNDA:1,cholesky_decomposition
FNF:1
FNH:1
end_of_record
SF:algorithms/algorithms/matrix/copy_transform.py
DA:1,1
DA:2,1
DA:3,1
DA:4,1
DA:5,1
DA:6,1
DA:7,1
DA:8,1
DA:9,1
DA:10,1
DA:13,1
DA:14,1
DA:15,1
DA:16,1
DA:17,1
DA:18,1
DA:19,1
DA:20,1
DA:21,1
DA:22,1
DA:25,1
DA:26,1
DA:27,1
DA:28,1
DA:29,1
DA:30,1
DA:31,1
DA:32,1
DA:33,1
DA:34,1
DA:37,1
DA:38,1
DA:39,1
DA:40,1
DA:41,1
DA:42,1
DA:43,1
DA:44,1
DA:45,1
DA:46,1
DA:49,1
DA:50,0
DA:51,0
DA:52,0
DA:53,0
DA:54,0
DA:56,0
DA:62,0
DA:63,0
DA:64,0
DA:65,0
DA:66,0
LF:52
LH:41
FN:1,10,rotate_clockwise
FNDA:1,rotate_clockwise
FN:13,22,rotate_counterclockwise
FNDA:1,rotate_counterclockwise
FN:25,34,top_left_invert
FNDA:1,top_left_invert
FN:37,46,bottom_left_invert
FNDA:1,bottom_left_invert
FN:50,54,print_matrix
FNDA:0,print_matrix
FNF:5
FNH:4
end_of_record
SF:algorithms/algorithms/matrix/crout_matrix_decomposition.py
DA:30,1
DA:31,1
DA:32,1
DA:33,1
DA:34,1
DA:35,1
DA:36,1
DA:37,1
DA:38,1
DA:39,1
DA:40,1
DA:41,1
DA:42,1
DA:43,1
DA:44,1
DA:45,1
DA:46,0
DA:47,1
DA:48,1
LF:19
LH:18
FN:30,48,crout_matrix_decomposition
FNDA:1,crout_matrix_decomposition
FNF:1
FNH:1
end_of_record
SF:algorithms/algorithms/matrix/matrix_exponentiation.py
DA:1,1
DA:6,1
DA:7,1
DA:9,1
DA:10,1
DA:11,1
DA:12,1
DA:14,1
DA:17,1
DA:22,1
DA:24,1
DA:25,1
DA:27,1
DA:30,1
DA:37,1
DA:38,1
DA:39,1
DA:40,1
DA:42,1
DA:43,1
LF:20
LH:20
FN:1,14,multiply
FNDA:1,multiply
FN:17,27,identity
FNDA:1,identity
FN:30,43,matrix_exponentiation
FNDA:1,matrix_exponentiation
FNF:3
FNH:3
end_of_record
SF:algorithms/algorithms/matrix/matrix_inversion.py
DA:23,1
DA:26,1
DA:29,1
DA:30,1
DA:31,1
DA:32,1
DA:33,1
DA:34,1
DA:35,1
DA:36,1
DA:37,1
DA:38,1
DA:39,1
DA:40,1
DA:43,1
DA:45,1
DA:46,1
DA:47,1
DA:48,1
DA:49,1
DA:50,1
DA:51,1
DA:53,1
DA:55,1
DA:58,1
DA:61,1
DA:63,1
DA:66,1
DA:68,1
DA:70,1
DA:72,1
DA:73,1
DA:74,1
DA:75,1
DA:76,1
DA:77,1
DA:80,1
DA:82,1
DA:83,1
DA:84,1
DA:85,1
DA:86,1
DA:88,1
DA:89,1
DA:90,1
DA:93,1
DA:98,1
DA:99,1
DA:100,1
DA:101,1
DA:102,1
DA:103,1
DA:104,1
DA:107,1
DA:109,1
DA:110,1
DA:111,1
DA:112,1
DA:113,1
DA:114,1
DA:117,1
DA:118,1
DA:119,0
DA:120,1
DA:121,1
DA:122,1
DA:123,1
DA:124,1
LF:68
LH:67
FN:26,63,invert_matrix
FNDA:1,invert_matrix
FN:66,77,get_determinant
FNDA:1,get_determinant
FN:80,90,get_matrix_of_minors
FNDA:1,get_matrix_of_minors
FN:93,104,get_minor
FNDA:1,get_minor
FN:107,114,transpose_and_multiply
FNDA:1,transpose_and_multiply
FN:117,124,array_is_matrix
FNDA:1,array_is_matrix
FNF:6
FNH:6
end_of_record
SF:algorithms/algorithms/matrix/multiply.py
DA:10,1
DA:16,1
DA:18,1
DA:19,1
DA:20,0
DA:23,1
DA:24,1
DA:25,1
DA:26,1
DA:27,1
DA:28,1
LF:11
LH:10
FN:10,28,multiply
FNDA:1,multiply
FNF:1
FNH:1
end_of_record
SF:algorithms/algorithms/matrix/rotate_image.py
DA:17,1
DA:18,1
DA:19,0
DA:20,1
DA:21,1
DA:22,1
DA:23,1
DA:24,1
DA:27,1
DA:28,0
DA:31,0
DA:32,0
DA:33,0
LF:13
LH:8
FN:17,24,rotate
FNDA:1,rotate
FNF:1
FNH:1
end_of_record
SF:algorithms/algorithms/matrix/sort_matrix_diagonally.py
DA:21,1
DA:22,1
DA:25,1
DA:27,1
DA:28,0
DA:32,1
DA:34,1
DA:36,1
DA:37,1
DA:38,1
DA:41,1
DA:42,1
DA:43,1
DA:44,1
DA:47,1
DA:48,1
DA:49,1
DA:50,1
DA:51,1
DA:52,1
DA:53,1
DA:57,1
DA:58,1
DA:59,1
DA:62,1
DA:63,1
DA:64,1
DA:65,1
DA:68,1
DA:69,1
DA:70,1
DA:71,1
DA:72,1
DA:73,1
DA:74,1
DA:77,1
LF:36
LH:35
FN:25,77,sort_diagonally
FNDA:1,sort_diagonally
FNF:1
FNH:1
end_of_record
SF:algorithms/algorithms/matrix/sparse_dot_vector.py
DA:12,1
DA:13,1
DA:16,1
DA:18,1
DA:19,1
DA:20,1
DA:22,1
DA:23,1
DA:24,1
DA:26,1
DA:27,0
DA:28,1
DA:29,0
DA:31,1
DA:32,1
DA:33,1
DA:35,1
DA:38,1
DA:39,0
DA:44,1
DA:45,0
DA:46,0
DA:47,0
DA:49,0
DA:50,0
DA:51,0
DA:52,0
DA:53,0
DA:54,0
DA:56,0
DA:57,0
DA:59,0
DA:61,0
DA:62,0
DA:63,0
DA:64,0
DA:65,0
DA:67,0
DA:70,1
DA:71,0
DA:72,0
LF:41
LH:18
FN:12,13,vector_to_index_value_list
FNDA:1,vector_to_index_value_list
FN:16,35,dot_product
FNDA:1,dot_product
FN:38,40,__test_simple
FNDA:0,__test_simple
FN:44,67,__test_time
FNDA:0,__test_time
FN:49,54,__test_time.random_vector
FNDA:0,__test_time.random_vector
FNF:5
FNH:2
end_of_record
SF:algorithms/algorithms/matrix/spiral_traversal.py
DA:17,1
DA:18,1
DA:19,1
DA:20,0
DA:21,1
DA:22,1
DA:23,1
DA:24,1
DA:26,1
DA:27,1
DA:28,1
DA:29,1
DA:31,1
DA:32,1
DA:33,1
DA:35,1
DA:36,1
DA:37,1
DA:38,1
DA:40,1
DA:41,1
DA:42,1
DA:43,1
DA:45,1
DA:48,1
DA:49,0
DA:52,0
LF:27
LH:24
FN:17,45,spiral_traversal
FNDA:1,spiral_traversal
FNF:1
FNH:1
end_of_record
SF:algorithms/algorithms/matrix/sudoku_validator.py
DA:14,1
DA:17,1
DA:18,1
DA:19,1
DA:20,1
DA:21,1
DA:22,1
DA:23,1
DA:24,1
DA:25,1
DA:26,1
DA:27,0
DA:29,1
DA:31,1
DA:32,0
DA:34,1
DA:36,1
DA:37,1
DA:38,1
DA:39,1
DA:40,1
DA:41,1
DA:42,1
DA:43,0
DA:44,1
DA:48,1
DA:49,1
DA:51,1
DA:52,1
DA:53,1
DA:56,1
DA:57,1
DA:58,0
DA:61,1
DA:62,1
DA:63,1
DA:64,1
DA:65,1
DA:67,1
DA:68,0
DA:71,1
DA:75,1
DA:76,1
DA:78,1
DA:79,1
DA:80,1
DA:82,1
DA:83,1
DA:84,0
DA:86,1
DA:87,1
DA:88,1
DA:89,0
DA:91,1
LF:54
LH:47
FN:17,44,valid_solution_hashtable
FNDA:1,valid_solution_hashtable
FN:48,71,valid_solution
FNDA:1,valid_solution
FN:75,91,valid_solution_set
FNDA:1,valid_solution_set
FNF:3
FNH:3
end_of_record
SF:algorithms/algorithms/matrix/sum_sub_squares.py
DA:4,1
DA:5,1
DA:6,1
DA:8,1
DA:9,0
DA:10,1
DA:11,1
DA:12,1
DA:13,1
DA:16,1
DA:17,1
DA:18,1
DA:20,1
DA:21,1
DA:23,1
LF:15
LH:14
FN:4,23,sum_sub_squares
FNDA:1,sum_sub_squares
FNF:1
FNH:1
end_of_record
SF:algorithms/algorithms/ml/nearest_neighbor.py
DA:1,1
DA:3,1
DA:12,1
DA:13,1
DA:14,1
DA:15,1
DA:16,1
DA:17,1
DA:18,1
DA:19,1
DA:22,1
DA:33,1
DA:34,1
DA:35,1
DA:36,1
DA:37,1
DA:38,1
DA:39,1
DA:40,1
DA:41,1
LF:20
LH:20
FN:3,19,distance
FNDA:1,distance
FN:22,41,nearest_neighbor
FNDA:1,nearest_neighbor
FNF:2
FNH:2
end_of_record
SF:algorithms/algorithms/queues/__init__.py
DA:1,1
DA:2,1
DA:3,1
DA:4,1
LF:4
LH:4
end_of_record
SF:algorithms/algorithms/queues/max_sliding_window.py
DA:20,1
DA:23,1
DA:24,1
DA:25,1
DA:26,1
DA:27,1
DA:28,1
DA:29,1
DA:30,1
DA:31,1
DA:32,1
DA:33,1
DA:34,1
LF:13
LH:13
FN:23,34,max_sliding_window
FNDA:1,max_sliding_window
FNF:1
FNH:1
end_of_record
SF:algorithms/algorithms/queues/priority_queue.py
DA:6,1
DA:9,1
DA:10,1
DA:11,1
DA:12,1
DA:14,1
DA:15,0
DA:18,1
DA:19,1
DA:22,1
DA:23,1
DA:24,0
DA:25,1
DA:26,1
DA:27,1
DA:28,1
DA:30,1
DA:31,0
DA:33,1
DA:36,1
DA:38,1
DA:42,1
DA:43,1
DA:44,1
DA:45,1
DA:46,1
DA:47,1
DA:49,1
DA:51,1
DA:55,1
LF:30
LH:27
FN:10,12,PriorityQueueNode.__init__
FNDA:1,PriorityQueueNode.__init__
FN:14,15,PriorityQueueNode.__repr__
FNDA:0,PriorityQueueNode.__repr__
FN:19,28,PriorityQueue.__init__
FNDA:1,PriorityQueue.__init__
FN:30,31,PriorityQueue.__repr__
FNDA:0,PriorityQueue.__repr__
FN:33,36,PriorityQueue.size
FNDA:1,PriorityQueue.size
FN:38,49,PriorityQueue.push
FNDA:1,PriorityQueue.push
FN:51,55,PriorityQueue.pop
FNDA:1,PriorityQueue.pop
FNF:7
FNH:5
end_of_record
SF:algorithms/algorithms/queues/queue.py
DA:15,1
DA:18,1
DA:20,1
DA:21,1
DA:23,1
DA:24,1
DA:26,1
DA:27,1
DA:29,1
DA:30,1
DA:31,0
DA:33,1
DA:34,1
DA:35,0
DA:37,1
DA:38,1
DA:39,0
DA:41,1
DA:42,1
DA:43,0
DA:46,1
DA:48,1
DA:54,1
DA:55,1
DA:56,1
DA:57,1
DA:59,1
DA:60,1
DA:61,1
DA:62,1
DA:63,1
DA:64,1
DA:65,1
DA:67,1
DA:68,1
DA:69,0
DA:70,1
DA:71,1
DA:72,1
DA:74,1
DA:75,1
DA:76,0
DA:77,1
DA:78,1
DA:79,1
DA:80,1
DA:81,1
DA:83,1
DA:85,1
DA:86,0
DA:87,1
DA:89,1
DA:93,0
DA:96,1
DA:97,1
DA:98,1
DA:99,1
DA:102,1
DA:104,1
DA:105,1
DA:106,1
DA:107,1
DA:109,1
DA:110,1
DA:111,1
DA:112,1
DA:113,1
DA:114,1
DA:115,1
DA:117,1
DA:118,1
DA:119,1
DA:120,1
DA:121,1
DA:123,1
DA:124,1
DA:125,1
DA:127,1
DA:128,1
DA:129,0
DA:130,1
DA:131,1
DA:132,1
DA:133,1
DA:135,1
DA:136,1
DA:137,1
DA:139,1
DA:141,1
DA:142,0
DA:143,1
LF:91
LH:81
FN:20,21,AbstractQueue.__init__
FNDA:1,AbstractQueue.__init__
FN:23,24,AbstractQueue.__len__
FNDA:1,AbstractQueue.__len__
FN:26,27,AbstractQueue.is_empty
FNDA:1,AbstractQueue.is_empty
FN:30,31,AbstractQueue.enqueue
FNDA:0,AbstractQueue.enqueue
FN:34,35,AbstractQueue.dequeue
FNDA:0,AbstractQueue.dequeue
FN:38,39,AbstractQueue.peek
FNDA:0,AbstractQueue.peek
FN:42,43,AbstractQueue.__iter__
FNDA:0,AbstractQueue.__iter__
FN:48,57,ArrayQueue.__init__
FNDA:1,ArrayQueue.__init__
FN:59,65,ArrayQueue.__iter__
FNDA:1,ArrayQueue.__iter__
FN:67,72,ArrayQueue.enqueue
FNDA:1,ArrayQueue.enqueue
FN:74,81,ArrayQueue.dequeue
FNDA:1,ArrayQueue.dequeue
FN:83,87,ArrayQueue.peek
FNDA:1,ArrayQueue.peek
FN:89,93,ArrayQueue._expand
FNDA:0,ArrayQueue._expand
FN:97,99,QueueNode.__init__
FNDA:1,QueueNode.__init__
FN:104,107,LinkedListQueue.__init__
FNDA:1,LinkedListQueue.__init__
FN:109,115,LinkedListQueue.__iter__
FNDA:1,LinkedListQueue.__iter__
FN:117,125,LinkedListQueue.enqueue
FNDA:1,LinkedListQueue.enqueue
FN:127,137,LinkedListQueue.dequeue
FNDA:1,LinkedListQueue.dequeue
FN:139,143,LinkedListQueue.peek
FNDA:1,LinkedListQueue.peek
FNF:19
FNH:14
end_of_record
SF:algorithms/algorithms/queues/reconstruct_queue.py
DA:18,1
DA:23,1
DA:24,1
DA:25,1
DA:26,1
DA:27,1
LF:6
LH:6
FN:18,27,reconstruct_queue
FNDA:1,reconstruct_queue
FNF:1
FNH:1
end_of_record
SF:algorithms/algorithms/search/__init__.py
DA:5,1
DA:6,1
DA:7,1
DA:8,1
DA:9,1
DA:10,1
DA:11,1
DA:12,1
DA:13,1
DA:14,1
DA:15,1
DA:16,1
DA:17,1
LF:13
LH:13
end_of_record
SF:algorithms/algorithms/search/binary_search.py
DA:17,1
DA:24,1
DA:25,1
DA:26,1
DA:27,1
DA:28,1
DA:29,1
DA:31,1
DA:32,1
DA:34,1
DA:35,1
DA:38,1
DA:45,1
DA:46,1
DA:47,1
DA:48,1
DA:49,1
DA:50,1
DA:51,1
DA:52,1
LF:20
LH:20
FN:17,35,binary_search
FNDA:1,binary_search
FN:38,52,binary_search_recur
FNDA:1,binary_search_recur
FNF:2
FNH:2
end_of_record
[...]
DA:146,1
DA:147,1
DA:150,1
DA:151,1
DA:154,1
DA:156,1
DA:157,1
DA:159,1
DA:162,1
DA:163,1
DA:164,1
DA:165,1
DA:168,1
DA:172,1
DA:175,1
LF:64
LH:64
FN:13,50,TestSuite.setUp
FNDA:1,TestSuite.setUp
FN:52,82,TestSuite.test_polynomial_addition
FNDA:1,TestSuite.test_polynomial_addition
FN:84,96,TestSuite.test_polynomial_subtraction
FNDA:1,TestSuite.test_polynomial_subtraction
FN:98,106,TestSuite.test_polynomial_multiplication
FNDA:1,TestSuite.test_polynomial_multiplication
FN:108,127,TestSuite.test_polynomial_division
FNDA:1,TestSuite.test_polynomial_division
FN:129,141,TestSuite.test_polynomial_variables
FNDA:1,TestSuite.test_polynomial_variables
FN:143,157,TestSuite.test_polynomial_subs
FNDA:1,TestSuite.test_polynomial_subs
FN:159,175,TestSuite.test_polynomial_clone
FNDA:1,TestSuite.test_polynomial_clone
FNF:8
FNH:8
end_of_record
SF:algorithms/tests/test_queues.py
DA:1,1
DA:3,1
DA:11,1
DA:16,1
DA:17,1
DA:18,1
DA:19,1
DA:20,1
DA:23,1
DA:24,1
DA:25,1
DA:26,1
DA:27,1
DA:30,1
DA:33,1
DA:36,1
DA:39,1
DA:40,1
DA:41,1
DA:43,1
DA:45,1
DA:46,1
DA:47,1
DA:48,1
DA:49,1
DA:52,1
DA:53,1
DA:54,1
DA:55,1
DA:56,1
DA:59,1
DA:62,1
DA:65,1
DA:68,1
DA:69,1
DA:70,1
DA:72,1
DA:75,1
DA:76,1
DA:77,1
DA:78,1
DA:79,1
DA:80,1
DA:82,1
DA:83,1
DA:85,1
DA:86,1
DA:89,1
DA:90,1
DA:95,1
DA:99,1
DA:100,1
DA:101,1
DA:102,1
DA:103,1
DA:104,1
DA:105,1
DA:106,1
DA:109,1
DA:110,0
LF:60
LH:59
FN:16,43,TestQueue.test_ArrayQueue
FNDA:1,TestQueue.test_ArrayQueue
FN:45,72,TestQueue.test_LinkedListQueue
FNDA:1,TestQueue.test_LinkedListQueue
FN:76,87,TestSuite.test_max_sliding_window
FNDA:1,TestSuite.test_max_sliding_window
FN:89,92,TestSuite.test_reconstruct_queue
FNDA:1,TestSuite.test_reconstruct_queue
FN:99,106,TestPriorityQueue.test_PriorityQueue
FNDA:1,TestPriorityQueue.test_PriorityQueue
FNF:5
FNH:5
end_of_record
SF:algorithms/tests/test_search.py
DA:1,1
DA:17,1
DA:20,1
DA:22,1
DA:23,1
DA:24,1
DA:25,1
DA:26,1
DA:27,1
DA:28,1
DA:29,1
DA:30,1
DA:31,1
DA:32,1
DA:34,1
DA:35,1
DA:36,1
DA:37,1
DA:38,1
DA:39,1
DA:41,1
DA:42,1
DA:43,1
DA:44,1
DA:46,1
DA:47,1
DA:48,1
DA:49,1
DA:50,1
DA:51,1
DA:52,1
DA:54,1
DA:55,1
DA:56,1
DA:57,1
DA:58,1
DA:59,1
DA:60,1
DA:62,1
DA:63,1
DA:64,1
DA:65,1
DA:66,1
DA:67,1
DA:69,1
DA:70,1
DA:71,1
DA:72,1
DA:73,1
DA:74,1
DA:76,1
DA:77,1
DA:79,1
DA:80,1
DA:82,1
DA:83,1
DA:85,1
DA:86,1
DA:88,1
DA:89,1
DA:90,1
DA:91,1
DA:92,1
DA:94,1
DA:95,1
DA:96,1
DA:97,1
DA:99,1
DA:100,1
DA:101,1
DA:102,1
DA:103,1
DA:105,1
DA:106,1
DA:107,1
DA:108,1
DA:110,1
DA:111,1
DA:112,1
DA:113,1
DA:114,1
DA:115,1
DA:117,1
DA:118,1
DA:119,1
DA:120,1
DA:121,1
DA:122,1
DA:124,1
DA:125,1
DA:126,1
DA:127,1
DA:128,1
DA:129,1
DA:130,1
DA:131,1
DA:132,1
DA:133,1
DA:134,1
DA:135,1
DA:136,1
DA:137,1
DA:138,1
DA:139,1
DA:141,1
DA:142,1
DA:143,1
DA:144,1
DA:145,1
DA:146,1
DA:147,1
DA:148,1
DA:151,1
DA:153,0
LF:114
LH:113
FN:22,32,TestSuite.test_first_occurrence
FNDA:1,TestSuite.test_first_occurrence
FN:23,25,TestSuite.test_first_occurrence.helper
FNDA:1,TestSuite.test_first_occurrence.helper
FN:34,44,TestSuite.test_binary_search
FNDA:1,TestSuite.test_binary_search
FN:46,52,TestSuite.test_ternary_search
FNDA:1,TestSuite.test_ternary_search
FN:54,60,TestSuite.test_last_occurrence
FNDA:1,TestSuite.test_last_occurrence
FN:62,67,TestSuite.test_linear_search
FNDA:1,TestSuite.test_linear_search
FN:69,74,TestSuite.test_search_insert
FNDA:1,TestSuite.test_search_insert
FN:76,86,TestSuite.test_two_sum
FNDA:1,TestSuite.test_two_sum
FN:88,97,TestSuite.test_search_range
FNDA:1,TestSuite.test_search_range
FN:99,108,TestSuite.test_find_min_rotate
FNDA:1,TestSuite.test_find_min_rotate
FN:110,115,TestSuite.test_search_rotate
FNDA:1,TestSuite.test_search_rotate
FN:117,122,TestSuite.test_jump_search
FNDA:1,TestSuite.test_jump_search
FN:124,139,TestSuite.test_next_greatest_letter
FNDA:1,TestSuite.test_next_greatest_letter
FN:141,148,TestSuite.test_interpolation_search
FNDA:1,TestSuite.test_interpolation_search
FNF:14
FNH:14
end_of_record
SF:algorithms/tests/test_set.py
DA:1,1
DA:5,1
DA:8,1
DA:9,1
DA:10,1
LF:5
LH:5
FN:9,12,TestFindKeyboardRow.test_find_keyboard_row
FNDA:1,TestFindKeyboardRow.test_find_keyboard_row
FNF:1
FNH:1
end_of_record
SF:algorithms/tests/test_sort.py
DA:1,1
DA:23,1
DA:26,1
DA:32,1
DA:33,1
DA:34,0
DA:36,1
DA:39,1
DA:40,1
DA:41,1
DA:43,1
DA:44,1
DA:47,1
DA:48,1
DA:50,1
DA:51,1
DA:53,1
DA:54,1
DA:57,1
DA:58,1
DA:60,1
DA:61,1
DA:64,1
DA:65,1
DA:68,1
DA:71,1
DA:72,1
DA:75,1
DA:76,1
DA:78,1
DA:79,1
DA:82,1
DA:83,1
DA:85,1
DA:86,1
DA:88,1
DA:89,1
DA:92,1
DA:93,1
DA:95,1
DA:96,1
DA:98,1
DA:99,1
DA:101,1
DA:102,1
DA:104,1
DA:105,1
DA:109,1
DA:110,1
DA:111,1
DA:121,1
DA:122,1
DA:124,1
DA:125,1
DA:126,1
DA:129,1
DA:130,0
LF:57
LH:55
FN:26,36,is_sorted
FNDA:1,is_sorted
FN:40,41,TestSuite.test_bogo_sort
FNDA:1,TestSuite.test_bogo_sort
FN:43,45,TestSuite.test_bitonic_sort
FNDA:1,TestSuite.test_bitonic_sort
FN:47,48,TestSuite.test_bubble_sort
FNDA:1,TestSuite.test_bubble_sort
FN:50,51,TestSuite.test_comb_sort
FNDA:1,TestSuite.test_comb_sort
FN:53,55,TestSuite.test_counting_sort
FNDA:1,TestSuite.test_counting_sort
FN:57,58,TestSuite.test_cycle_sort
FNDA:1,TestSuite.test_cycle_sort
FN:60,62,TestSuite.test_exchange_sort
FNDA:1,TestSuite.test_exchange_sort
FN:64,69,TestSuite.test_heap_sort
FNDA:1,TestSuite.test_heap_sort
FN:71,73,TestSuite.test_insertion_sort
FNDA:1,TestSuite.test_insertion_sort
FN:75,76,TestSuite.test_merge_sort
FNDA:1,TestSuite.test_merge_sort
FN:78,80,TestSuite.test_pancake_sort
FNDA:1,TestSuite.test_pancake_sort
FN:82,83,TestSuite.test_pigeonhole_sort
FNDA:1,TestSuite.test_pigeonhole_sort
FN:85,86,TestSuite.test_quick_sort
FNDA:1,TestSuite.test_quick_sort
FN:88,90,TestSuite.test_selection_sort
FNDA:1,TestSuite.test_selection_sort
FN:92,93,TestSuite.test_bucket_sort
FNDA:1,TestSuite.test_bucket_sort
FN:95,96,TestSuite.test_shell_sort
FNDA:1,TestSuite.test_shell_sort
FN:98,99,TestSuite.test_radix_sort
FNDA:1,TestSuite.test_radix_sort
FN:101,102,TestSuite.test_gnome_sort
FNDA:1,TestSuite.test_gnome_sort
FN:104,106,TestSuite.test_cocktail_shaker_sort
FNDA:1,TestSuite.test_cocktail_shaker_sort
FN:110,119,TestTopSort.setUp
FNDA:1,TestTopSort.setUp
FN:121,126,TestTopSort.test_topsort
FNDA:1,TestTopSort.test_topsort
FNF:22
FNH:22
end_of_record
SF:algorithms/tests/test_stack.py
DA:1,1
DA:13,1
DA:16,1
DA:17,1
DA:18,1
DA:19,1
DA:20,1
DA:22,1
DA:23,1
DA:24,1
DA:26,1
DA:28,1
DA:29,1
DA:30,1
DA:32,1
DA:34,1
DA:36,1
DA:38,1
DA:40,1
DA:42,1
DA:45,1
DA:48,1
DA:50,1
DA:54,1
DA:56,1
DA:59,1
DA:61,1
DA:62,1
DA:63,1
DA:64,1
DA:65,1
DA:67,1
DA:68,1
DA:69,1
DA:72,1
DA:73,1
DA:74,1
DA:75,1
DA:76,1
DA:77,1
DA:80,1
DA:81,1
DA:82,1
DA:83,1
DA:84,1
DA:87,1
DA:90,1
DA:93,1
DA:96,1
DA:99,1
DA:100,1
DA:101,1
DA:103,1
DA:105,1
DA:106,1
DA:108,1
DA:109,1
DA:110,1
DA:113,1
DA:114,1
DA:115,1
DA:116,1
DA:117,1
DA:120,1
DA:123,1
DA:126,1
DA:129,1
DA:132,1
DA:133,1
DA:134,1
DA:136,1
DA:139,1
DA:140,1
DA:141,1
DA:142,1
DA:143,1
DA:144,1
DA:145,1
DA:146,1
DA:147,1
DA:148,1
DA:149,1
DA:150,1
DA:153,1
DA:154,0
LF:85
LH:84
FN:17,24,TestSuite.test_is_consecutive
FNDA:1,TestSuite.test_is_consecutive
FN:26,30,TestSuite.test_is_sorted
FNDA:1,TestSuite.test_is_sorted
FN:32,36,TestSuite.test_remove_min
FNDA:1,TestSuite.test_remove_min
FN:38,43,TestSuite.test_stutter
FNDA:1,TestSuite.test_stutter
FN:45,57,TestSuite.test_switch_pairs
FNDA:1,TestSuite.test_switch_pairs
FN:59,65,TestSuite.test_is_valid_parenthesis
FNDA:1,TestSuite.test_is_valid_parenthesis
FN:67,69,TestSuite.test_simplify_path
FNDA:1,TestSuite.test_simplify_path
FN:73,103,TestStack.test_ArrayStack
FNDA:1,TestStack.test_ArrayStack
FN:105,136,TestStack.test_LinkedListStack
FNDA:1,TestStack.test_LinkedListStack
FN:140,150,TestOrderedStack.test_OrderedStack
FNDA:1,TestOrderedStack.test_OrderedStack
FNF:10
FNH:10
end_of_record
SF:algorithms/tests/test_streaming.py
DA:1,1
DA:4,1
DA:7,1
DA:10,1
DA:11,1
DA:12,1
DA:13,1
DA:14,1
DA:17,1
DA:18,1
DA:19,1
DA:20,1
DA:23,1
DA:24,1
DA:25,1
DA:27,1
DA:31,1
DA:32,1
DA:35,1
DA:40,1
LF:20
LH:20
FN:11,15,TestMisraGreis.test_misra_correct
FNDA:1,TestMisraGreis.test_misra_correct
FN:17,20,TestMisraGreis.test_misra_incorrect
FNDA:1,TestMisraGreis.test_misra_incorrect
FN:24,29,TestOneSparse.test_one_sparse_correct
FNDA:1,TestOneSparse.test_one_sparse_correct
FN:31,41,TestOneSparse.test_one_sparse_incorrect
FNDA:1,TestOneSparse.test_one_sparse_incorrect
FNF:4
FNH:4
end_of_record
SF:algorithms/tests/test_strings.py
DA:1,1
DA:48,1
DA:51,1
DA:59,1
DA:60,1
DA:61,1
DA:62,1
DA:65,1
DA:73,1
DA:74,1
DA:75,1
DA:76,1
DA:78,1
DA:79,1
DA:81,1
DA:82,1
DA:85,1
DA:86,1
DA:88,1
DA:90,1
DA:94,1
DA:102,1
DA:103,1
DA:104,1
DA:107,1
DA:115,1
DA:116,1
DA:119,1
DA:127,1
DA:128,1
DA:131,1
DA:132,1
DA:135,1
DA:143,1
DA:144,1
DA:146,1
DA:147,1
DA:151,1
DA:159,1
DA:160,1
DA:165,1
DA:173,1
DA:174,1
DA:175,1
DA:176,1
DA:179,1
DA:187,1
DA:189,1
DA:190,1
DA:192,1
DA:194,1
DA:195,1
DA:197,1
DA:199,1
DA:200,1
DA:202,1
DA:204,1
DA:205,1
DA:207,1
DA:209,1
DA:210,1
DA:213,1
DA:221,1
DA:222,1
DA:223,1
DA:224,1
DA:225,1
DA:226,1
DA:228,1
DA:229,1
DA:230,1
DA:231,1
DA:232,1
DA:233,1
DA:236,1
DA:237,1
DA:238,1
DA:239,1
DA:240,1
DA:241,1
DA:243,1
DA:244,1
DA:245,1
DA:246,1
DA:247,1
DA:250,1
DA:258,1
DA:259,1
DA:260,1
DA:261,1
DA:262,1
DA:263,1
DA:266,1
DA:274,1
DA:275,1
DA:276,1
DA:277,1
DA:280,1
DA:288,1
DA:289,1
DA:291,1
DA:292,1
DA:295,1
DA:303,1
DA:304,1
DA:305,1
DA:306,1
DA:307,1
DA:310,1
DA:318,1
DA:319,1
DA:320,1
DA:321,1
DA:323,1
DA:324,1
DA:325,1
DA:326,1
DA:329,1
DA:337,1
DA:338,1
DA:339,1
DA:342,1
DA:350,1
DA:351,1
DA:353,1
DA:354,1
DA:356,1
DA:357,1
DA:359,1
DA:360,1
DA:363,1
DA:371,1
DA:372,1
DA:375,1
DA:383,1
DA:384,1
DA:388,1
DA:396,1
DA:397,1
DA:398,1
DA:399,1
DA:427,1
DA:435,1
DA:436,1
DA:437,1
DA:438,1
DA:440,1
DA:441,1
DA:444,1
DA:445,1
DA:448,1
DA:456,1
DA:457,1
DA:463,1
DA:464,1
DA:465,1
DA:466,1
DA:468,1
DA:469,1
DA:472,1
DA:473,1
DA:474,1
DA:475,1
DA:478,1
DA:479,1
DA:480,1
DA:481,1
DA:484,1
DA:485,1
DA:486,1
DA:487,1
DA:490,1
DA:491,1
DA:492,1
DA:493,1
DA:496,1
DA:497,1
DA:498,1
DA:499,1
DA:500,1
DA:503,1
DA:504,1
DA:505,0
DA:506,0
DA:507,0
DA:510,1
DA:511,1
DA:512,1
DA:513,1
DA:516,1
DA:517,1
DA:518,1
DA:526,1
DA:535,1
DA:536,1
DA:537,1
DA:538,1
DA:539,1
DA:541,1
DA:542,1
DA:543,1
DA:544,1
DA:545,1
DA:548,1
DA:549,1
DA:551,1
DA:553,1
DA:556,1
DA:558,1
DA:561,1
DA:563,1
DA:567,1
DA:568,1
DA:569,1
DA:570,1
DA:573,1
DA:574,1
DA:575,1
DA:576,1
DA:577,1
DA:580,1
DA:588,1
DA:589,1
DA:590,1
DA:591,1
DA:592,1
DA:595,1
DA:601,1
DA:602,1
DA:603,1
DA:604,1
DA:605,1
DA:608,1
DA:617,1
DA:618,1
DA:619,1
DA:620,1
DA:621,1
DA:624,1
DA:632,1
DA:634,1
DA:637,1
DA:640,1
DA:642,1
DA:644,1
DA:647,1
DA:650,1
DA:652,1
DA:654,1
DA:657,1
DA:660,1
DA:662,1
DA:664,1
DA:667,1
DA:670,1
DA:672,1
DA:674,1
DA:677,1
DA:680,1
DA:682,1
DA:684,1
DA:687,1
DA:690,1
DA:692,1
DA:694,1
DA:697,1
DA:700,1
DA:703,1
DA:707,1
DA:709,1
DA:712,1
DA:715,1
DA:716,1
DA:717,1
DA:720,1
DA:721,1
DA:722,1
DA:725,1
DA:726,1
DA:728,1
DA:731,1
DA:732,0
LF:282
LH:278
FN:59,62,TestAddBinary.test_add_binary
FNDA:1,TestAddBinary.test_add_binary
FN:73,76,TestBreakingBad.setUp
FNDA:1,TestBreakingBad.setUp
FN:78,79,TestBreakingBad.test_match_symbol
FNDA:1,TestBreakingBad.test_match_symbol
FN:81,83,TestBreakingBad.test_match_symbol_1
FNDA:1,TestBreakingBad.test_match_symbol_1
FN:85,91,TestBreakingBad.test_bracket
FNDA:1,TestBreakingBad.test_bracket
FN:102,104,TestDecodeString.test_decode_string
FNDA:1,TestDecodeString.test_decode_string
FN:115,116,TestDeleteReoccurring.test_delete_reoccurring_characters
FNDA:1,TestDeleteReoccurring.test_delete_reoccurring_characters
FN:127,129,TestDomainExtractor.test_valid
FNDA:1,TestDomainExtractor.test_valid
FN:131,132,TestDomainExtractor.test_invalid
FNDA:1,TestDomainExtractor.test_invalid
FN:143,144,TestEncodeDecode.test_encode
FNDA:1,TestEncodeDecode.test_encode
FN:146,148,TestEncodeDecode.test_decode
FNDA:1,TestEncodeDecode.test_decode
FN:159,162,TestGroupAnagrams.test_group_anagrams
FNDA:1,TestGroupAnagrams.test_group_anagrams
FN:173,176,TestIntToRoman.test_int_to_roman
FNDA:1,TestIntToRoman.test_int_to_roman
FN:187,190,TestIsPalindrome.test_is_palindrome
FNDA:1,TestIsPalindrome.test_is_palindrome
FN:192,195,TestIsPalindrome.test_is_palindrome_reverse
FNDA:1,TestIsPalindrome.test_is_palindrome_reverse
FN:197,200,TestIsPalindrome.test_is_palindrome_two_pointer
FNDA:1,TestIsPalindrome.test_is_palindrome_two_pointer
FN:202,205,TestIsPalindrome.test_is_palindrome_stack
FNDA:1,TestIsPalindrome.test_is_palindrome_stack
FN:207,210,TestIsPalindrome.test_is_palindrome_deque
FNDA:1,TestIsPalindrome.test_is_palindrome_deque
FN:221,226,TestIsRotated.test_is_rotated
FNDA:1,TestIsRotated.test_is_rotated
FN:228,233,TestIsRotated.test_is_rotated_v1
FNDA:1,TestIsRotated.test_is_rotated_v1
FN:237,241,TestRotated.test_rotate
FNDA:1,TestRotated.test_rotate
FN:243,247,TestRotated.test_rotate_alt
FNDA:1,TestRotated.test_rotate_alt
FN:258,263,TestLicenseNumber.test_license_number
FNDA:1,TestLicenseNumber.test_license_number
FN:274,277,TestMakeSentence.test_make_sentence
FNDA:1,TestMakeSentence.test_make_sentence
FN:288,289,TestMergeStringChecker.test_is_merge_recursive
FNDA:1,TestMergeStringChecker.test_is_merge_recursive
FN:291,292,TestMergeStringChecker.test_is_merge_iterative
FNDA:1,TestMergeStringChecker.test_is_merge_iterative
FN:303,307,TestMultiplyStrings.test_multiply
FNDA:1,TestMultiplyStrings.test_multiply
FN:318,321,TestOneEditDistance.test_is_one_edit
FNDA:1,TestOneEditDistance.test_is_one_edit
FN:323,326,TestOneEditDistance.test_is_one_edit2
FNDA:1,TestOneEditDistance.test_is_one_edit2
FN:337,339,TestRabinKarp.test_rabin_karp
FNDA:1,TestRabinKarp.test_rabin_karp
FN:350,351,TestReverseString.test_recursive
FNDA:1,TestReverseString.test_recursive
FN:353,354,TestReverseString.test_iterative
FNDA:1,TestReverseString.test_iterative
FN:356,357,TestReverseString.test_pythonic
FNDA:1,TestReverseString.test_pythonic
FN:359,360,TestReverseString.test_ultra_pythonic
FNDA:1,TestReverseString.test_ultra_pythonic
FN:371,372,TestReverseVowel.test_reverse_vowel
FNDA:1,TestReverseVowel.test_reverse_vowel
FN:383,385,TestReverseWords.test_reverse_words
FNDA:1,TestReverseWords.test_reverse_words
FN:396,399,TestRomanToInt.test_roman_to_int
FNDA:1,TestRomanToInt.test_roman_to_int
FN:435,438,TestValidateCoordinates.test_valid
FNDA:1,TestValidateCoordinates.test_valid
FN:440,445,TestValidateCoordinates.test_invalid
FNDA:1,TestValidateCoordinates.test_invalid
FN:456,460,TestWordSquares.test_word_squares
FNDA:1,TestWordSquares.test_word_squares
FN:464,466,TestUniqueMorse.test_convert_morse_word
FNDA:1,TestUniqueMorse.test_convert_morse_word
FN:468,469,TestUniqueMorse.test_unique_morse
FNDA:1,TestUniqueMorse.test_unique_morse
FN:473,475,TestJudgeCircle.test_judge_circle
FNDA:1,TestJudgeCircle.test_judge_circle
FN:479,481,TestStrongPassword.test_strong_password
FNDA:1,TestStrongPassword.test_strong_password
FN:485,487,TestCaesarCipher.test_caesar_cipher
FNDA:1,TestCaesarCipher.test_caesar_cipher
FN:491,493,TestCheckPangram.test_check_pangram
FNDA:1,TestCheckPangram.test_check_pangram
FN:497,500,TestContainString.test_contain_string
FNDA:1,TestContainString.test_contain_string
FN:504,507,TestCountBinarySubstring.test_count_binary_substring
FNDA:0,TestCountBinarySubstring.test_count_binary_substring
FN:511,513,TestCountBinarySubstring.test_repeat_string
FNDA:1,TestCountBinarySubstring.test_repeat_string
FN:517,532,TestTextJustification.test_text_justification
FNDA:1,TestTextJustification.test_text_justification
FN:536,539,TestMinDistance.test_min_distance
FNDA:1,TestMinDistance.test_min_distance
FN:542,545,TestMinDistanceDP.test_min_distance
FNDA:1,TestMinDistanceDP.test_min_distance
FN:549,564,TestLongestCommonPrefix.test_longest_common_prefix
FNDA:1,TestLongestCommonPrefix.test_longest_common_prefix
FN:568,570,TestFirstUniqueChar.test_first_unique_char
FNDA:1,TestFirstUniqueChar.test_first_unique_char
FN:574,577,TestRepeatSubstring.test_repeat_substring
FNDA:1,TestRepeatSubstring.test_repeat_substring
FN:588,592,TestAtbashCipher.test_atbash_cipher
FNDA:1,TestAtbashCipher.test_atbash_cipher
FN:601,605,TestLongestPalindromicSubstring.test_longest_palindromic_substring
FNDA:1,TestLongestPalindromicSubstring.test_longest_palindromic_substring
FN:617,621,TestKnuthMorrisPratt.test_knuth_morris_pratt
FNDA:1,TestKnuthMorrisPratt.test_knuth_morris_pratt
FN:632,640,TestPanagram.test_empty_string
FNDA:1,TestPanagram.test_empty_string
FN:642,650,TestPanagram.test_single_word_non_panagram
FNDA:1,TestPanagram.test_single_word_non_panagram
FN:652,660,TestPanagram.test_fox_panagram_no_spaces
FNDA:1,TestPanagram.test_fox_panagram_no_spaces
FN:662,670,TestPanagram.test_fox_panagram_mixed_case
FNDA:1,TestPanagram.test_fox_panagram_mixed_case
FN:672,680,TestPanagram.test_whitespace_punctuation
FNDA:1,TestPanagram.test_whitespace_punctuation
FN:682,690,TestPanagram.test_fox_panagram
FNDA:1,TestPanagram.test_fox_panagram
FN:692,700,TestPanagram.test_swedish_panagram
FNDA:1,TestPanagram.test_swedish_panagram
FN:707,728,TestFizzbuzz.test_fizzbuzz
FNDA:1,TestFizzbuzz.test_fizzbuzz
FNF:66
FNH:65
end_of_record
SF:algorithms/tests/test_tree.py
DA:1,1
DA:9,1
DA:11,1
DA:13,1
DA:15,1
DA:18,1
DA:20,1
DA:21,1
DA:22,1
DA:23,1
DA:26,1
DA:28,1
DA:29,1
DA:30,1
DA:31,1
DA:33,1
DA:34,1
DA:35,1
DA:36,1
DA:38,1
DA:39,1
DA:40,1
DA:41,1
DA:44,1
DA:45,1
DA:46,1
DA:47,1
DA:48,1
DA:49,1
DA:50,1
DA:51,1
DA:52,1
DA:53,1
DA:54,1
DA:55,1
DA:58,1
DA:60,1
DA:61,1
DA:62,1
DA:63,1
DA:64,1
DA:65,1
DA:67,1
DA:68,1
DA:71,1
DA:72,1
DA:73,1
DA:74,1
DA:76,1
DA:77,1
DA:78,1
DA:80,1
DA:81,1
DA:82,1
DA:83,1
DA:85,1
DA:86,1
DA:87,1
DA:89,1
DA:90,1
DA:91,1
DA:92,1
DA:93,1
DA:95,1
DA:96,1
DA:97,1
DA:99,1
DA:100,1
DA:102,1
DA:103,1
DA:104,1
DA:105,1
DA:106,1
DA:108,1
DA:109,1
DA:110,1
DA:112,1
DA:113,1
DA:116,1
DA:117,1
DA:120,1
DA:121,1
DA:122,1
DA:123,1
DA:125,1
DA:129,1
DA:130,1
DA:131,1
DA:132,1
DA:134,1
DA:138,1
DA:139,1
DA:140,1
DA:141,1
DA:143,1
DA:147,1
DA:148,1
DA:149,1
DA:150,1
DA:151,1
DA:152,1
DA:154,1
DA:155,1
DA:156,1
DA:158,1
DA:159,1
DA:160,1
DA:161,1
DA:162,1
DA:164,1
DA:165,1
DA:166,1
DA:168,1
DA:169,1
DA:170,1
DA:171,1
DA:172,1
DA:174,1
DA:175,1
DA:176,1
DA:179,1
DA:180,0
LF:122
LH:121
FN:20,23,Node.__init__
FNDA:1,Node.__init__
FN:28,31,TestTraversal.test_preorder
FNDA:1,TestTraversal.test_preorder
FN:33,36,TestTraversal.test_postorder
FNDA:1,TestTraversal.test_postorder
FN:38,41,TestTraversal.test_inorder
FNDA:1,TestTraversal.test_inorder
FN:44,55,create_tree
FNDA:1,create_tree
FN:61,65,TestBTree.setUpClass
FNDA:1,TestBTree.setUpClass
FN:67,69,TestBTree.setUp
FNDA:1,TestBTree.setUp
FN:71,78,TestBTree.test_insertion_and_find_even_degree
FNDA:1,TestBTree.test_insertion_and_find_even_degree
FN:80,87,TestBTree.test_insertion_and_find_odd_degree
FNDA:1,TestBTree.test_insertion_and_find_odd_degree
FN:89,100,TestBTree.test_deletion_even_degree
FNDA:1,TestBTree.test_deletion_even_degree
FN:102,113,TestBTree.test_deletion_odd_degree
FNDA:1,TestBTree.test_deletion_odd_degree
FN:117,144,TestConstructTreePreorderPostorder.test_construct_tree
FNDA:1,TestConstructTreePreorderPostorder.test_construct_tree
FN:148,156,TestFenwickTree.test_construct_tree_with_update_1
FNDA:1,TestFenwickTree.test_construct_tree_with_update_1
FN:158,166,TestFenwickTree.test_construct_tree_with_update_2
FNDA:1,TestFenwickTree.test_construct_tree_with_update_2
FN:168,176,TestFenwickTree.test_construct_tree_with_update_3
FNDA:1,TestFenwickTree.test_construct_tree_with_update_3
FNF:15
FNH:15
end_of_record
SF:algorithms/tests/test_unix.py
DA:1,1
DA:7,1
DA:8,1
DA:11,1
DA:12,1
DA:13,1
DA:15,1
DA:17,1
DA:19,1
DA:22,1
DA:23,1
DA:25,1
DA:26,1
DA:29,1
DA:30,1
DA:32,1
DA:34,1
DA:35,1
DA:36,1
DA:37,1
DA:39,1
DA:40,1
DA:41,1
DA:42,1
DA:44,1
DA:45,1
DA:46,1
DA:47,1
DA:48,1
LF:29
LH:29
FN:12,20,TestUnixPath.test_join_with_slash
FNDA:1,TestUnixPath.test_join_with_slash
FN:22,30,TestUnixPath.test_full_path
FNDA:1,TestUnixPath.test_full_path
FN:32,42,TestUnixPath.test_split
FNDA:1,TestUnixPath.test_split
FN:44,48,TestUnixPath.test_simplify_path
FNDA:1,TestUnixPath.test_simplify_path
FNF:4
FNH:4
end_of_record
